Loaded .env file from: D:\Scripts\analyse\Telemark\Python\token.env
Resolved log file path: D:\Scripts\analyse\Telemark\Python\Automatisering\Task scheduler\./logs/00_master_run.log
Successfully read the master run log file: D:\Scripts\analyse\Telemark\Python\Automatisering\Task scheduler\./logs/00_master_run.log
Failed to upload Arbeid og naeringsliv - Arbeidsmarkedstilknytning per kommune.log: {'message': 'Bad credentials', 'documentation_url': 'https://docs.github.com/rest', 'status': '401'}
Failed to upload Arbeid og naeringsliv - Endring arbeidsplasser over tid.log: {'message': 'Bad credentials', 'documentation_url': 'https://docs.github.com/rest', 'status': '401'}
Failed to upload Arbeid og naeringsliv - Offentlig vs. privat naeringsliv.log: {'message': 'Bad credentials', 'documentation_url': 'https://docs.github.com/rest', 'status': '401'}
Failed to upload Arbeid og naeringsliv - Sysselsatte (fliser).log: {'message': 'Bad credentials', 'documentation_url': 'https://docs.github.com/rest', 'status': '401'}
Failed to upload Arbeid og naeringsliv - Sysselsatte etter aldersgruppe.log: {'message': 'Bad credentials', 'documentation_url': 'https://docs.github.com/rest', 'status': '401'}
Failed to upload Arbeid og naeringsliv - Sysselsatte i kommunene.log: {'message': 'Bad credentials', 'documentation_url': 'https://docs.github.com/rest', 'status': '401'}
Failed to upload Arbeid og naeringsliv - Sysselsatte i naeringer.log: {'message': 'Bad credentials', 'documentation_url': 'https://docs.github.com/rest', 'status': '401'}
Failed to upload Arbeid og naeringsliv - Virksomheter.log: {'message': 'Bad credentials', 'documentation_url': 'https://docs.github.com/rest', 'status': '401'}
Failed to upload Areal - Fulldyrka vs ikke-fulldyrka.log: {'message': 'Bad credentials', 'documentation_url': 'https://docs.github.com/rest', 'status': '401'}
Failed to upload Areal - Jordbruksareal per kommune.log: {'message': 'Bad credentials', 'documentation_url': 'https://docs.github.com/rest', 'status': '401'}
Failed to upload Befolkning - Befolkningsframskrivinger historiske.log: {'message': 'Bad credentials', 'documentation_url': 'https://docs.github.com/rest', 'status': '401'}
Failed to upload Flytting - Til og fra Telemark.log: {'message': 'Bad credentials', 'documentation_url': 'https://docs.github.com/rest', 'status': '401'}
Failed to upload Idrett friluftsliv og frivillighet - Jegere.log: {'message': 'Bad credentials', 'documentation_url': 'https://docs.github.com/rest', 'status': '401'}
Failed to upload Innvandrere - Anmodninger og faktisk bosetting.log: {'message': 'Bad credentials', 'documentation_url': 'https://docs.github.com/rest', 'status': '401'}
Failed to upload Innvandrere - Bosatt.log: {'message': 'Bad credentials', 'documentation_url': 'https://docs.github.com/rest', 'status': '401'}
Failed to upload Innvandrere - Botid.log: {'message': 'Bad credentials', 'documentation_url': 'https://docs.github.com/rest', 'status': '401'}
Failed to upload Innvandrere - Deltakere introduksjonsprogrammet.log: {'message': 'Bad credentials', 'documentation_url': 'https://docs.github.com/rest', 'status': '401'}
Failed to upload Innvandrere - Enslige mindreaarige.log: {'message': 'Bad credentials', 'documentation_url': 'https://docs.github.com/rest', 'status': '401'}
Failed to upload Innvandrere - Etter introduksjonsprogrammet.log: {'message': 'Bad credentials', 'documentation_url': 'https://docs.github.com/rest', 'status': '401'}
Failed to upload Innvandrere - Flyktninger og arbeidsinnvandrere.log: {'message': 'Bad credentials', 'documentation_url': 'https://docs.github.com/rest', 'status': '401'}
Failed to upload Innvandrere - Fullfort VGO.log: {'message': 'Bad credentials', 'documentation_url': 'https://docs.github.com/rest', 'status': '401'}
Failed to upload Innvandrere - Hoyeste utdanning.log: {'message': 'Bad credentials', 'documentation_url': 'https://docs.github.com/rest', 'status': '401'}
Failed to upload Innvandrere - Innvandringsgrunn.log: {'message': 'Bad credentials', 'documentation_url': 'https://docs.github.com/rest', 'status': '401'}
Failed to upload Innvandrere - Lavinntekt.log: {'message': 'Bad credentials', 'documentation_url': 'https://docs.github.com/rest', 'status': '401'}
Failed to upload Innvandrere - Sekundaerflytting.log: {'message': 'Bad credentials', 'documentation_url': 'https://docs.github.com/rest', 'status': '401'}
Failed to upload Innvandrere - Sysselsatte etter botid og bakgrunn.log: {'message': 'Bad credentials', 'documentation_url': 'https://docs.github.com/rest', 'status': '401'}
Failed to upload Innvandrere - Sysselsatte.log: {'message': 'Bad credentials', 'documentation_url': 'https://docs.github.com/rest', 'status': '401'}
Failed to upload Klima og energi - Felte hjortedyr.log: {'message': 'Bad credentials', 'documentation_url': 'https://docs.github.com/rest', 'status': '401'}
Failed to upload Klima og energi - Okologisk tilstand vann.log: {'message': 'Bad credentials', 'documentation_url': 'https://docs.github.com/rest', 'status': '401'}
Failed to upload Klima og energi - Sektorvise utslipp.log: {'message': 'Bad credentials', 'documentation_url': 'https://docs.github.com/rest', 'status': '401'}
Failed to upload Klima og energi - Stromforbruk (Elhub).log: {'message': 'Bad credentials', 'documentation_url': 'https://docs.github.com/rest', 'status': '401'}
Failed to upload Klima og energi - Strompriser.log: {'message': 'Bad credentials', 'documentation_url': 'https://docs.github.com/rest', 'status': '401'}
Failed to upload Klima og energi - Utslipp fra landbasert industri.log: {'message': 'Bad credentials', 'documentation_url': 'https://docs.github.com/rest', 'status': '401'}
Failed to upload Klima og energi - Vannkraft Telemark.log: {'message': 'Bad credentials', 'documentation_url': 'https://docs.github.com/rest', 'status': '401'}
Failed to upload NAV - Arbeidsledighet.log: {'message': 'Bad credentials', 'documentation_url': 'https://docs.github.com/rest', 'status': '401'}
Failed to upload NAV - Nedsatt arbeidsevne.log: {'message': 'Bad credentials', 'documentation_url': 'https://docs.github.com/rest', 'status': '401'}

DEBUG - Task: Befolkning - Befolkningsframskrivinger historiske
DEBUG - Generated URL: https://raw.githubusercontent.com/evensrii/Telemark/refs/heads/main/Python/Automatisering/Task%20scheduler/logs_for_email_links/Befolkning%20-%20Befolkningsframskrivinger%20historiske.log

DEBUG - Task: Flytting - Til og fra Telemark
DEBUG - Generated URL: https://raw.githubusercontent.com/evensrii/Telemark/refs/heads/main/Python/Automatisering/Task%20scheduler/logs_for_email_links/Flytting%20-%20Til%20og%20fra%20Telemark.log

DEBUG - Task: Arbeid og naeringsliv - Arbeidsmarkedstilknytning per kommune
DEBUG - Generated URL: https://raw.githubusercontent.com/evensrii/Telemark/refs/heads/main/Python/Automatisering/Task%20scheduler/logs_for_email_links/Arbeid%20og%20naeringsliv%20-%20Arbeidsmarkedstilknytning%20per%20kommune.log

DEBUG - Task: Arbeid og naeringsliv - Sysselsatte etter aldersgruppe
DEBUG - Generated URL: https://raw.githubusercontent.com/evensrii/Telemark/refs/heads/main/Python/Automatisering/Task%20scheduler/logs_for_email_links/Arbeid%20og%20naeringsliv%20-%20Sysselsatte%20etter%20aldersgruppe.log

DEBUG - Task: Arbeid og naeringsliv - Sysselsatte i kommunene
DEBUG - Generated URL: https://raw.githubusercontent.com/evensrii/Telemark/refs/heads/main/Python/Automatisering/Task%20scheduler/logs_for_email_links/Arbeid%20og%20naeringsliv%20-%20Sysselsatte%20i%20kommunene.log

DEBUG - Task: Arbeid og naeringsliv - Offentlig vs. privat naeringsliv
DEBUG - Generated URL: https://raw.githubusercontent.com/evensrii/Telemark/refs/heads/main/Python/Automatisering/Task%20scheduler/logs_for_email_links/Arbeid%20og%20naeringsliv%20-%20Offentlig%20vs.%20privat%20naeringsliv.log

DEBUG - Task: Arbeid og naeringsliv - Sysselsatte i naeringer
DEBUG - Generated URL: https://raw.githubusercontent.com/evensrii/Telemark/refs/heads/main/Python/Automatisering/Task%20scheduler/logs_for_email_links/Arbeid%20og%20naeringsliv%20-%20Sysselsatte%20i%20naeringer.log

DEBUG - Task: Arbeid og naeringsliv - Sysselsatte (fliser)
DEBUG - Generated URL: https://raw.githubusercontent.com/evensrii/Telemark/refs/heads/main/Python/Automatisering/Task%20scheduler/logs_for_email_links/Arbeid%20og%20naeringsliv%20-%20Sysselsatte%20(fliser).log

DEBUG - Task: Arbeid og naeringsliv - Endring arbeidsplasser over tid
DEBUG - Generated URL: https://raw.githubusercontent.com/evensrii/Telemark/refs/heads/main/Python/Automatisering/Task%20scheduler/logs_for_email_links/Arbeid%20og%20naeringsliv%20-%20Endring%20arbeidsplasser%20over%20tid.log

DEBUG - Task: Arbeid og naeringsliv - Virksomheter
DEBUG - Generated URL: https://raw.githubusercontent.com/evensrii/Telemark/refs/heads/main/Python/Automatisering/Task%20scheduler/logs_for_email_links/Arbeid%20og%20naeringsliv%20-%20Virksomheter.log

DEBUG - Task: NAV - Arbeidsledighet
DEBUG - Generated URL: https://raw.githubusercontent.com/evensrii/Telemark/refs/heads/main/Python/Automatisering/Task%20scheduler/logs_for_email_links/NAV%20-%20Arbeidsledighet.log

DEBUG - Task: NAV - Nedsatt arbeidsevne
DEBUG - Generated URL: https://raw.githubusercontent.com/evensrii/Telemark/refs/heads/main/Python/Automatisering/Task%20scheduler/logs_for_email_links/NAV%20-%20Nedsatt%20arbeidsevne.log

DEBUG - Task: Klima og energi - Sektorvise utslipp
DEBUG - Generated URL: https://raw.githubusercontent.com/evensrii/Telemark/refs/heads/main/Python/Automatisering/Task%20scheduler/logs_for_email_links/Klima%20og%20energi%20-%20Sektorvise%20utslipp.log

DEBUG - Task: Klima og energi - Utslipp fra landbasert industri
DEBUG - Generated URL: https://raw.githubusercontent.com/evensrii/Telemark/refs/heads/main/Python/Automatisering/Task%20scheduler/logs_for_email_links/Klima%20og%20energi%20-%20Utslipp%20fra%20landbasert%20industri.log

DEBUG - Task: Klima og energi - Okologisk tilstand vann
DEBUG - Generated URL: https://raw.githubusercontent.com/evensrii/Telemark/refs/heads/main/Python/Automatisering/Task%20scheduler/logs_for_email_links/Klima%20og%20energi%20-%20Okologisk%20tilstand%20vann.log

DEBUG - Task: Klima og energi - Felte hjortedyr
DEBUG - Generated URL: https://raw.githubusercontent.com/evensrii/Telemark/refs/heads/main/Python/Automatisering/Task%20scheduler/logs_for_email_links/Klima%20og%20energi%20-%20Felte%20hjortedyr.log

DEBUG - Task: Klima og energi - Vannkraft Telemark
DEBUG - Generated URL: https://raw.githubusercontent.com/evensrii/Telemark/refs/heads/main/Python/Automatisering/Task%20scheduler/logs_for_email_links/Klima%20og%20energi%20-%20Vannkraft%20Telemark.log

DEBUG - Task: Klima og energi - Stromforbruk (Elhub)
DEBUG - Generated URL: https://raw.githubusercontent.com/evensrii/Telemark/refs/heads/main/Python/Automatisering/Task%20scheduler/logs_for_email_links/Klima%20og%20energi%20-%20Stromforbruk%20(Elhub).log

DEBUG - Task: Idrett friluftsliv og frivillighet - Jegere
DEBUG - Generated URL: https://raw.githubusercontent.com/evensrii/Telemark/refs/heads/main/Python/Automatisering/Task%20scheduler/logs_for_email_links/Idrett%20friluftsliv%20og%20frivillighet%20-%20Jegere.log

DEBUG - Task: Innvandrere - Flyktninger og arbeidsinnvandrere
DEBUG - Generated URL: https://raw.githubusercontent.com/evensrii/Telemark/refs/heads/main/Python/Automatisering/Task%20scheduler/logs_for_email_links/Innvandrere%20-%20Flyktninger%20og%20arbeidsinnvandrere.log

DEBUG - Task: Innvandrere - Botid
DEBUG - Generated URL: https://raw.githubusercontent.com/evensrii/Telemark/refs/heads/main/Python/Automatisering/Task%20scheduler/logs_for_email_links/Innvandrere%20-%20Botid.log

DEBUG - Task: Innvandrere - Bosatt
DEBUG - Generated URL: https://raw.githubusercontent.com/evensrii/Telemark/refs/heads/main/Python/Automatisering/Task%20scheduler/logs_for_email_links/Innvandrere%20-%20Bosatt.log

DEBUG - Task: Innvandrere - Innvandringsgrunn
DEBUG - Generated URL: https://raw.githubusercontent.com/evensrii/Telemark/refs/heads/main/Python/Automatisering/Task%20scheduler/logs_for_email_links/Innvandrere%20-%20Innvandringsgrunn.log

DEBUG - Task: Innvandrere - Lavinntekt
DEBUG - Generated URL: https://raw.githubusercontent.com/evensrii/Telemark/refs/heads/main/Python/Automatisering/Task%20scheduler/logs_for_email_links/Innvandrere%20-%20Lavinntekt.log

DEBUG - Task: Innvandrere - Sysselsatte
DEBUG - Generated URL: https://raw.githubusercontent.com/evensrii/Telemark/refs/heads/main/Python/Automatisering/Task%20scheduler/logs_for_email_links/Innvandrere%20-%20Sysselsatte.log

DEBUG - Task: Innvandrere - Sysselsatte etter botid og bakgrunn
DEBUG - Generated URL: https://raw.githubusercontent.com/evensrii/Telemark/refs/heads/main/Python/Automatisering/Task%20scheduler/logs_for_email_links/Innvandrere%20-%20Sysselsatte%20etter%20botid%20og%20bakgrunn.log

DEBUG - Task: Innvandrere - Deltakere introduksjonsprogrammet
DEBUG - Generated URL: https://raw.githubusercontent.com/evensrii/Telemark/refs/heads/main/Python/Automatisering/Task%20scheduler/logs_for_email_links/Innvandrere%20-%20Deltakere%20introduksjonsprogrammet.log

DEBUG - Task: Innvandrere - Etter introduksjonsprogrammet
DEBUG - Generated URL: https://raw.githubusercontent.com/evensrii/Telemark/refs/heads/main/Python/Automatisering/Task%20scheduler/logs_for_email_links/Innvandrere%20-%20Etter%20introduksjonsprogrammet.log

DEBUG - Task: Innvandrere - Enslige mindreaarige
DEBUG - Generated URL: https://raw.githubusercontent.com/evensrii/Telemark/refs/heads/main/Python/Automatisering/Task%20scheduler/logs_for_email_links/Innvandrere%20-%20Enslige%20mindreaarige.log

DEBUG - Task: Innvandrere - Anmodninger og faktisk bosetting
DEBUG - Generated URL: https://raw.githubusercontent.com/evensrii/Telemark/refs/heads/main/Python/Automatisering/Task%20scheduler/logs_for_email_links/Innvandrere%20-%20Anmodninger%20og%20faktisk%20bosetting.log

DEBUG - Task: Innvandrere - Sekundaerflytting
DEBUG - Generated URL: https://raw.githubusercontent.com/evensrii/Telemark/refs/heads/main/Python/Automatisering/Task%20scheduler/logs_for_email_links/Innvandrere%20-%20Sekundaerflytting.log

DEBUG - Task: Innvandrere - Fullfort VGO
DEBUG - Generated URL: https://raw.githubusercontent.com/evensrii/Telemark/refs/heads/main/Python/Automatisering/Task%20scheduler/logs_for_email_links/Innvandrere%20-%20Fullfort%20VGO.log

DEBUG - Task: Innvandrere - Hoyeste utdanning
DEBUG - Generated URL: https://raw.githubusercontent.com/evensrii/Telemark/refs/heads/main/Python/Automatisering/Task%20scheduler/logs_for_email_links/Innvandrere%20-%20Hoyeste%20utdanning.log

DEBUG - Task: Areal - Jordbruksareal per kommune
DEBUG - Generated URL: https://raw.githubusercontent.com/evensrii/Telemark/refs/heads/main/Python/Automatisering/Task%20scheduler/logs_for_email_links/Areal%20-%20Jordbruksareal%20per%20kommune.log

DEBUG - Task: Areal - Fulldyrka vs ikke-fulldyrka
DEBUG - Generated URL: https://raw.githubusercontent.com/evensrii/Telemark/refs/heads/main/Python/Automatisering/Task%20scheduler/logs_for_email_links/Areal%20-%20Fulldyrka%20vs%20ikke-fulldyrka.log

DEBUG - Task: Klima og energi - Strompriser
DEBUG - Generated URL: https://raw.githubusercontent.com/evensrii/Telemark/refs/heads/main/Python/Automatisering/Task%20scheduler/logs_for_email_links/Klima%20og%20energi%20-%20Strompriser.log
Email sent successfully to Even (even.sannes.riiser@telemarkfylke.no).
