[30.04.2026  08:05:15] Befolkning - Befolkningsframskrivinger historiske_07459: befolkningsframskrivinger_historiske_07459.py: Completed, No, 2026-03-24 08:43:01
[30.04.2026  08:05:28] Befolkning - Befolkningsframskrivinger siste tabell: befolkningsframskrivinger_siste_tabell.py: Completed, No, 2026-03-23 14:28:10
[30.04.2026  08:05:41] Befolkning - Historisk og framskrevet: kombiner_historisk_og_framskrevet.py: Completed, No, 2026-03-23 15:19:15
[30.04.2026  08:05:50] Befolkning - Befolkningsframskrivinger egne intervaller: befolkningsframskrivinger_egne_intervaller.py: Completed, Yes, 2026-03-23 15:55:43
[30.04.2026  08:06:01] Flytting - Til og fra Telemark: flytting_til_og_fra_telemark.py: Completed, No, 2026-04-07 08:39:21
[30.04.2026  08:06:12] Flytting - Til og fra kommunene: flytting_til_og_fra_kommunene.py: Completed, Yes, 2026-04-13 07:06:22
[30.04.2026  08:06:26] Befolkning - Folketall: folketall.py: Completed, No, 2026-02-25 08:05:48
[30.04.2026  08:06:34] Opplaering og kompetanse - Utdanningsnivaa: utdanningsnivaa.py: Completed, No, 2025-08-28 09:49:33
[30.04.2026  08:06:54] Opplaering og kompetanse - Utdanningsnivaa Telemark og landet: utdanningsnivaa_telemark_og_landet.py: Completed, No, 2025-08-28 13:43:37
[30.04.2026  08:07:04] Opplaering og kompetanse - Andel unge utenfor etter kommune: andel_unge_utenfor_kommuner.py: Completed, No, 2026-03-20 11:33:41
[30.04.2026  08:07:17] Opplaering og kompetanse - Andel utenfor per fylke og alder: andel_utenfor_fylke_alder.py: Completed, No, 2026-03-20 12:04:04
[30.04.2026  08:07:26] Arbeid og naeringsliv - Arbeidsmarkedstilknytning per kommune: arbeidsmarkedstilknytning.py: Completed, No, 2026-01-30 08:06:36
[30.04.2026  08:07:43] Arbeid og naeringsliv - Sysselsatte etter aldersgruppe: sysselsetting_alder.py: Completed, No, 2026-02-26 08:06:52
[30.04.2026  08:07:56] Arbeid og naeringsliv - Sysselsatte i kommunene: sysselsetting_i_kommunene.py: Completed, No, 2026-02-26 08:07:01
[30.04.2026  08:08:04] Arbeid og naeringsliv - Offentlig vs. privat naeringsliv: offentlig_vs_privat_sysselsetting.py: Completed, No, 2026-02-26 08:07:16
[30.04.2026  08:08:16] Arbeid og naeringsliv - Sysselsatte i naeringer: arbeidsplasser_i_naringer.py: Completed, No, 2026-02-26 08:07:28
[30.04.2026  08:08:28] Arbeid og naeringsliv - Sysselsatte (fliser): arbeidsplasser_fliser.py: Completed, No, 2026-02-26 08:07:44
[30.04.2026  08:08:42] Arbeid og naeringsliv - Endring arbeidsplasser over tid: endring_arbeidsplasser_over_tid.py: Completed, No, 2026-02-26 08:08:00
[30.04.2026  08:08:55] Arbeid og naeringsliv - Virksomheter: virksomheter.py: Completed, No, 2026-01-12 08:07:53
[30.04.2026  08:09:10] Arbeid og naeringsliv - Standard for naeringsgruppering: nace_klassifisering.py: Completed, No, 2026-04-16 07:09:08
[30.04.2026  08:09:28] NAV - Arbeidsledighet: arbeidsledighet.py: Completed, No, 2026-03-11 13:43:35
[30.04.2026  08:09:40] NAV - Nedsatt arbeidsevne: nedsatt_arbeidsevne.py: Completed, No, 2026-01-06 08:08:33
[30.04.2026  08:09:51] Opplaering og kompetanse - Sokere og stillinger etter yrkespraksis: soekere_stillinger_yrkespraksis.py: Completed, No, 2026-02-04 08:09:08
[30.04.2026  08:10:11] Klima og energi - Sektorvise utslipp: klimagassutslipp.py: Completed, No, 2026-04-24 07:11:53
[30.04.2026  08:12:17] Klima og energi - Utslipp fra landbasert industri: norskeutslipp.py: Completed, No, 2026-03-11 13:06:43
[30.04.2026  08:12:30] Klima og energi - Okologisk tilstand vann: okologisk_tilstand.py: Completed, No, 2025-05-12 07:10:49
[30.04.2026  08:13:15] Klima og energi - Felte hjortedyr: antall_felt.py: Completed, No, 2026-03-20 08:11:56
[30.04.2026  08:13:26] Klima og energi - Vannkraft Telemark: vannkraft.py: Completed, No, 2026-03-18 08:11:58
[30.04.2026  08:13:33] Klima og energi - Kraftproduksjon Telemark (SSB): kraftproduksjon_ssb.py: Completed, No, 2025-06-13 12:16:02
[30.04.2026  08:13:40] Klima og energi - Strompriser: strompriser.py: Completed, No, 2026-04-28 07:13:32
[30.04.2026  08:13:48] Klima og energi - Stromforbruk (Elhub): elhub.py: Completed, Yes, 2026-04-29 07:14:47
[30.04.2026  08:14:19] Klima og energi - Installert_effekt (Elhub): installert_effekt.py: Completed, No, 2026-04-29 07:14:47
[30.04.2026  08:14:57] Idrett friluftsliv og frivillighet - Jegere: andel_jegere.py: Completed, No, 2026-04-10 07:14:40
[30.04.2026  08:15:05] Innvandrere - Flyktninger og arbeidsinnvandrere: andel_flyktninger_og_arbeidsinnvandrere.py: Completed, No, 2025-11-06 08:14:07
[30.04.2026  08:15:14] Innvandrere - Botid: botid.py: Completed, No, 2025-07-30 07:13:03
[30.04.2026  08:15:21] Innvandrere - Bosatt: innvandrere_bosatt.py: Completed, No, 2026-03-16 10:18:14
[30.04.2026  08:15:29] Innvandrere - Innvandringsgrunn: innvandringsgrunn.py: Completed, No, 2025-11-06 08:14:35
[30.04.2026  08:15:37] Innvandrere - Lavinntekt: andel_innvandrere_i_lavinntekt_fhi.py: Completed, No, 2026-03-17 09:00:00
[30.04.2026  08:15:44] Innvandrere - Sysselsatte: andel_sysselsatte_innvandrere.py: Completed, No, 2026-03-16 10:37:18
[30.04.2026  08:15:55] Innvandrere - Sysselsatte etter botid og bakgrunn: andel_sysselsatte_etter_botid_og_landbakgrunn.py: Completed, No, 2025-04-23 07:13:18
[30.04.2026  08:16:03] Innvandrere - Deltakere introduksjonsprogrammet: deltakere_introduksjonsprogram.py: Completed, No, 2025-06-19 07:12:58
[30.04.2026  08:16:10] Innvandrere - Etter introduksjonsprogrammet: etter_introduksjonsprogram.py: Completed, No, 2026-03-17 08:15:09
[30.04.2026  08:16:17] Innvandrere - Enslige mindreaarige: enslige_mindreaarige.py: Completed, No, 2025-11-04 08:15:05
[30.04.2026  08:16:24] Innvandrere - Anmodninger og faktisk bosetting: anmodninger_og_faktisk_bosetting.py: Completed, No, 2026-04-02 07:17:00
[30.04.2026  08:16:31] Innvandrere - Sekundaerflytting: sekundaerflytting.py: Completed, No, 2024-12-12 12:12:41
[30.04.2026  08:16:39] Innvandrere - Fullfort VGO: innv_fullfort_vgo.py: Completed, No, 2025-06-27 07:14:19
[30.04.2026  08:16:49] Innvandrere - Hoyeste utdanning: innv_hoyeste_utdanning.py: Completed, No, 2025-11-07 08:22:24
[30.04.2026  08:16:56] Folkehelse - Dødsårsaker, ettårig: doedsaarsaker_ettaarig.py: Completed, No, 2026-03-27 14:00:29
[30.04.2026  08:17:05] Folkehelse - Fornøyd med helsa - ungdom: fornoeyd_med_helsa_ungdom.py: Completed, No, 2026-03-30 07:17:12
[30.04.2026  08:17:12] Folkehelse - Forventet levealder etter utdanning, 7 årig: forventet_levealder_etter_utdanning_7_aarig.py: Completed, No, 2026-04-17 07:17:11
[30.04.2026  08:17:19] Folkehelse - Hjerte- og karsykdom - primærhelsetjenesten, ettårige tall: hjerte_og_karsykdom_primaerhelsetjenesten_ettaarige_tall.py: Completed, No, 2026-04-16 07:17:03
[30.04.2026  08:17:27] Folkehelse - Hjerte- og karsykdom - primærhelsetjenesten, treårige tall: hjerte_og_karsykdom_primaerhelsetjenesten_treaarige_tall.py: Completed, No, 2026-04-16 07:17:13
[30.04.2026  08:17:35] Folkehelse - Kols, dødsårsak, ettårig: kols_doedsaarsak_ettaarig.py: Completed, No, 2026-03-30 07:17:47
[30.04.2026  08:17:42] Folkehelse - Kreft, nye tilfeller, tiårige tall: kreft_nye_tilfeller_tiaarige_tall.py: Completed, No, 2026-04-16 07:17:30
[30.04.2026  08:17:50] Folkehelse - Muskel- og skjelettplager lidelser, kontakt med primærhelsetjenesten, ettårige tall: muskel_og_skjelettplager_lidelser_kontakt_med_primaerhelsetjenesten_ettaarige_tall.py: Completed, No, 2026-04-16 07:17:40
[30.04.2026  08:17:58] Folkehelse - Psykiske plager, ungdom: psykiske_plager_ungdom.py: Completed, No, 2026-03-30 07:18:13
[30.04.2026  08:18:05] Folkehelse - Psykiske symptomer og lidelser - primærhelsetjenesten, ettårige tall: psykiske_symptomer_og_lidelser_primaerhelsetjenesten_ettaarige_tall.py: Completed, No, 2026-04-16 07:17:55
[30.04.2026  08:18:12] Folkehelse - Reseptfrie smertestillende legemidler, ungdom: reseptfrie_smertestillende_legemidler_ungdom.py: Completed, No, 2026-03-30 07:18:31
[30.04.2026  08:18:20] Folkehelse - Selvmord, femårig: selvmord_femaarig.py: Completed, No, 2026-03-30 07:18:40
[30.04.2026  08:18:27] Folkehelse - Sykehusinnlagte, somatikk, ettårige. inkl. skader: sykehusinnlagte_somatikk_ettaarige_inkl_skader.py: Completed, No, 2026-03-30 07:18:52
[30.04.2026  08:18:36] Folkehelse - Tilfredshet med livet, ungdom: tilfredshet_med_livet_ungdom.py: Completed, No, 2026-03-30 07:19:00
[30.04.2026  08:18:44] Folkehelse - Skader, kontakt med primærhelsetjeneste, ettårige tall: skader_kontakt_med_primaerhelsetjeneste_ettaarige_tall.py: Completed, No, 2025-12-19 15:18:33
[30.04.2026  08:18:51] Areal - Jordbruksareal per kommune: jordbruksareal_per_kommune.py: Completed, No, 2025-08-20 08:13:22
[30.04.2026  08:19:00] Areal - Fulldyrka vs ikke-fulldyrka: fulldyrka_vs_ikke-fulldyrka.py: Completed, No, 2025-08-21 07:15:16
[30.04.2026  08:19:08] Bolig - Antall boliger etter type og bosattes alder: antall_boliger_etter_type_og_bosattes_alder.py: Completed, No, 2026-04-29 13:30:10
[30.04.2026  08:19:17] Bolig - Boliger etter boligtype: boliger_etter_boligtype.py: Completed, No, 2026-04-29 09:09:12
[30.04.2026  08:19:27] Bolig - Fullforte boliger etter boligtype: fullførte_boliger_etter_boligtype.py: Completed, No, 2026-04-27 13:19:54
[30.04.2026  08:19:36] Bolig - Husholdninger etter boligtype: husholdninger_etter_boligtype.py: Completed, No, 2026-03-24 11:08:13
[30.04.2026  08:19:45] Bolig - Igangsettelser etter boligtype: igangsettelser_etter_boligtype.py: Completed, No, 2026-04-27 13:40:48
[30.04.2026  08:19:54] Bystrategi Grenland - Utslipp fra vei: klimagassutslipp_vei.py: Completed, No, 2025-09-04 10:44:33
[30.04.2026  08:21:49] Bystrategi Grenland - Luftforurensing: luftforurensning_grenland.py: Completed, No, 2026-03-17 09:32:05
[30.04.2026  08:22:03] Bystrategi Grenland - Arealprofiler: arealprofiler.py: Completed, No, 2025-10-14 08:14:57
[2026-04-30 08:23:42.950295] Master script completed
