Loaded .env file from: D:\Scripts\analyse\Telemark\Python\token.env
X_FUNCTIONS_KEY loaded successfully.
Loaded .env file from: D:\Scripts\analyse\Telemark\Python\token.env
GITHUB_TOKEN loaded successfully.

First few rows with coordinates:
               Bedriftsnavn  X (UTM33)  ...  Latitude (WGS84)  Longitude (WGS84)
0                  Ã…grav AS  194101.36  ...         59.145227           9.649384
1          Iata Velforening  127615.13  ...         58.927622           8.525479
2       KMG Gebreyesus Taxi  192799.72  ...         59.147586           9.626214
3     Melum Maskinutleie AS  180789.39  ...         59.193464           9.408301
4  Left Lane Investments AS  175888.90  ...         58.897590           9.371070

[5 rows x 5 columns]

Sample of establishment dates before conversion:
0    1653004800000
1    1654905600000
2    1650240000000
3    1651795200000
4    1650067200000
Name: Dato for etablering, dtype: int64

Sample of establishment dates after conversion:
0   2022-05-20
1   2022-06-11
2   2022-04-18
3   2022-05-06
4   2022-04-16
Name: Dato for etablering, dtype: datetime64[ns]

Sample of load dates after conversion:
0   2025-02-05 16:13:14
1   2025-02-05 16:13:14
2   2025-02-05 16:13:14
3   2025-02-05 16:13:14
4   2025-02-05 16:13:14
Name: load_date, dtype: datetime64[ns]
Saved file to D:\Scripts\analyse\Telemark\Python\Temp\geodata_bedrifter_api.csv
[2025-03-04 11:35:58] No changes found in value columns. Skipping GitHub update.
Keeping CSV file: D:\Scripts\analyse\Telemark\Python\Temp\geodata_bedrifter_api.csv
No new data detected.
New data status log written to D:\Scripts\analyse\Telemark\Python\Log\new_data_status_Arbeid_og_naeringsliv_-_Geodata_bedrifter.log


Errors/Warnings:

Fetching records:   0%|          | 0/59223 [00:00<?, ?it/s]
Fetching records:   2%|â–\ufffd         | 1000/59223 [00:01<01:37, 596.79it/s]
Fetching records:   3%|â–Ž         | 2000/59223 [00:03<01:32, 615.98it/s]
Fetching records:   5%|â–Œ         | 3000/59223 [00:06<02:12, 425.67it/s]
Fetching records:   7%|â–‹         | 4000/59223 [00:08<02:02, 449.28it/s]
Fetching records:   8%|â–Š         | 5000/59223 [00:10<01:57, 462.39it/s]
Fetching records:  10%|â–ˆ         | 6000/59223 [00:12<01:54, 463.31it/s]
Fetching records:  12%|â–ˆâ–\ufffd        | 7000/59223 [00:14<01:54, 457.01it/s]
Fetching records:  14%|â–ˆâ–Ž        | 8000/59223 [00:17<01:51, 459.55it/s]
Fetching records:  15%|â–ˆâ–Œ        | 9000/59223 [00:20<02:03, 406.34it/s]
Fetching records:  17%|â–ˆâ–‹        | 10000/59223 [00:22<01:58, 416.00it/s]
Fetching records:  19%|â–ˆâ–Š        | 11000/59223 [00:25<02:07, 378.31it/s]
Fetching records:  20%|â–ˆâ–ˆ        | 12000/59223 [00:28<02:00, 390.55it/s]
Fetching records:  22%|â–ˆâ–ˆâ–\ufffd       | 13000/59223 [00:31<02:08, 359.01it/s]
Fetching records:  24%|â–ˆâ–ˆâ–Ž       | 14000/59223 [00:34<02:06, 356.54it/s]
Fetching records:  25%|â–ˆâ–ˆâ–Œ       | 15000/59223 [00:37<02:12, 334.25it/s]
Fetching records:  27%|â–ˆâ–ˆâ–‹       | 16000/59223 [00:40<02:07, 339.01it/s]
Fetching records:  29%|â–ˆâ–ˆâ–Š       | 17000/59223 [00:43<02:05, 336.95it/s]
Fetching records:  30%|â–ˆâ–ˆâ–ˆ       | 18000/59223 [00:46<02:01, 339.63it/s]
Fetching records:  32%|â–ˆâ–ˆâ–ˆâ–\ufffd      | 19000/59223 [00:49<02:02, 327.81it/s]
Fetching records:  34%|â–ˆâ–ˆâ–ˆâ–\ufffd      | 20000/59223 [00:52<01:58, 331.89it/s]
Fetching records:  35%|â–ˆâ–ˆâ–ˆâ–Œ      | 21000/59223 [00:55<01:59, 320.29it/s]
Fetching records:  37%|â–ˆâ–ˆâ–ˆâ–‹      | 22000/59223 [00:59<02:02, 304.16it/s]
Fetching records:  39%|â–ˆâ–ˆâ–ˆâ–‰      | 23000/59223 [01:03<02:05, 288.32it/s]
Fetching records:  41%|â–ˆâ–ˆâ–ˆâ–ˆ      | 24000/59223 [01:07<02:10, 269.53it/s]
Fetching records:  42%|â–ˆâ–ˆâ–ˆâ–ˆâ–\ufffd     | 25000/59223 [01:11<02:07, 268.71it/s]
Fetching records:  44%|â–ˆâ–ˆâ–ˆâ–ˆâ–\ufffd     | 26000/59223 [01:15<02:03, 269.66it/s]
Fetching records:  46%|â–ˆâ–ˆâ–ˆâ–ˆâ–Œ     | 27000/59223 [01:19<02:02, 263.71it/s]
Fetching records:  47%|â–ˆâ–ˆâ–ˆâ–ˆâ–‹     | 28000/59223 [01:22<01:57, 264.86it/s]
Fetching records:  49%|â–ˆâ–ˆâ–ˆâ–ˆâ–‰     | 29000/59223 [01:26<01:55, 260.56it/s]
Fetching records:  51%|â–ˆâ–ˆâ–ˆâ–ˆâ–ˆ     | 30000/59223 [01:30<01:50, 264.61it/s]
Fetching records:  52%|â–ˆâ–ˆâ–ˆâ–ˆâ–ˆâ–\ufffd    | 31000/59223 [01:34<01:46, 263.80it/s]
Fetching records:  54%|â–ˆâ–ˆâ–ˆâ–ˆâ–ˆâ–\ufffd    | 32000/59223 [01:38<01:46, 256.12it/s]
Fetching records:  56%|â–ˆâ–ˆâ–ˆâ–ˆâ–ˆâ–Œ    | 33000/59223 [01:42<01:45, 249.25it/s]
Fetching records:  57%|â–ˆâ–ˆâ–ˆâ–ˆâ–ˆâ–‹    | 34000/59223 [01:47<01:42, 245.13it/s]
Fetching records:  59%|â–ˆâ–ˆâ–ˆâ–ˆâ–ˆâ–‰    | 35000/59223 [01:50<01:34, 255.06it/s]
Fetching records:  61%|â–ˆâ–ˆâ–ˆâ–ˆâ–ˆâ–ˆ    | 36000/59223 [01:55<01:38, 235.24it/s]
Fetching records:  62%|â–ˆâ–ˆâ–ˆâ–ˆâ–ˆâ–ˆâ–\ufffd   | 37000/59223 [01:59<01:34, 235.24it/s]
Fetching records:  64%|â–ˆâ–ˆâ–ˆâ–ˆâ–ˆâ–ˆâ–\ufffd   | 38000/59223 [02:05<01:35, 221.54it/s]
Fetching records:  66%|â–ˆâ–ˆâ–ˆâ–ˆâ–ˆâ–ˆâ–Œ   | 39000/59223 [02:09<01:33, 217.40it/s]
Fetching records:  68%|â–ˆâ–ˆâ–ˆâ–ˆâ–ˆâ–ˆâ–Š   | 40000/59223 [02:14<01:30, 213.05it/s]
Fetching records:  69%|â–ˆâ–ˆâ–ˆâ–ˆâ–ˆâ–ˆâ–‰   | 41000/59223 [02:20<01:30, 200.94it/s]
Fetching records:  71%|â–ˆâ–ˆâ–ˆâ–ˆâ–ˆâ–ˆâ–ˆ   | 42000/59223 [02:24<01:23, 206.68it/s]
Fetching records:  73%|â–ˆâ–ˆâ–ˆâ–ˆâ–ˆâ–ˆâ–ˆâ–Ž  | 43000/59223 [02:29<01:17, 208.68it/s]
Fetching records:  74%|â–ˆâ–ˆâ–ˆâ–ˆâ–ˆâ–ˆâ–ˆâ–\ufffd  | 44000/59223 [02:35<01:19, 191.77it/s]
Fetching records:  76%|â–ˆâ–ˆâ–ˆâ–ˆâ–ˆâ–ˆâ–ˆâ–Œ  | 45000/59223 [02:40<01:13, 193.49it/s]
Fetching records:  78%|â–ˆâ–ˆâ–ˆâ–ˆâ–ˆâ–ˆâ–ˆâ–Š  | 46000/59223 [02:45<01:06, 197.98it/s]
Fetching records:  79%|â–ˆâ–ˆâ–ˆâ–ˆâ–ˆâ–ˆâ–ˆâ–‰  | 47000/59223 [02:50<01:01, 198.46it/s]
Fetching records:  81%|â–ˆâ–ˆâ–ˆâ–ˆâ–ˆâ–ˆâ–ˆâ–ˆ  | 48000/59223 [02:55<00:57, 194.52it/s]
Fetching records:  83%|â–ˆâ–ˆâ–ˆâ–ˆâ–ˆâ–ˆâ–ˆâ–ˆâ–Ž | 49000/59223 [03:04<01:02, 164.47it/s]
Fetching records:  84%|â–ˆâ–ˆâ–ˆâ–ˆâ–ˆâ–ˆâ–ˆâ–ˆâ–\ufffd | 50000/59223 [03:09<00:53, 171.92it/s]
Fetching records:  86%|â–ˆâ–ˆâ–ˆâ–ˆâ–ˆâ–ˆâ–ˆâ–ˆâ–Œ | 51000/59223 [03:15<00:48, 168.82it/s]
Fetching records:  88%|â–ˆâ–ˆâ–ˆâ–ˆâ–ˆâ–ˆâ–ˆâ–ˆâ–Š | 52000/59223 [03:22<00:44, 163.91it/s]
Fetching records:  89%|â–ˆâ–ˆâ–ˆâ–ˆâ–ˆâ–ˆâ–ˆâ–ˆâ–‰ | 53000/59223 [03:29<00:39, 157.06it/s]
Fetching records:  91%|â–ˆâ–ˆâ–ˆâ–ˆâ–ˆâ–ˆâ–ˆâ–ˆâ–ˆ | 54000/59223 [03:34<00:32, 162.65it/s]
Fetching records:  93%|â–ˆâ–ˆâ–ˆâ–ˆâ–ˆâ–ˆâ–ˆâ–ˆâ–ˆâ–Ž| 55000/59223 [03:42<00:27, 152.11it/s]
Fetching records:  95%|â–ˆâ–ˆâ–ˆâ–ˆâ–ˆâ–ˆâ–ˆâ–ˆâ–ˆâ–\ufffd| 56000/59223 [03:48<00:20, 157.70it/s]
Fetching records:  96%|â–ˆâ–ˆâ–ˆâ–ˆâ–ˆâ–ˆâ–ˆâ–ˆâ–ˆâ–Œ| 57000/59223 [03:55<00:14, 149.21it/s]
Fetching records:  98%|â–ˆâ–ˆâ–ˆâ–ˆâ–ˆâ–ˆâ–ˆâ–ˆâ–ˆâ–Š| 58000/59223 [04:02<00:08, 145.26it/s]
Fetching records: 100%|â–ˆâ–ˆâ–ˆâ–ˆâ–ˆâ–ˆâ–ˆâ–ˆâ–ˆâ–‰| 59000/59223 [04:09<00:01, 144.84it/s]
Fetching records: 100%|â–ˆâ–ˆâ–ˆâ–ˆâ–ˆâ–ˆâ–ˆâ–ˆâ–ˆâ–ˆ| 59223/59223 [04:18<00:00, 101.98it/s]
Fetching records: 100%|â–ˆâ–ˆâ–ˆâ–ˆâ–ˆâ–ˆâ–ˆâ–ˆâ–ˆâ–ˆ| 59223/59223 [04:18<00:00, 228.75it/s]

