Loaded .env file from: D:\Scripts\analyse\Telemark\Python\token.env
X_FUNCTIONS_KEY loaded successfully.
Loaded .env file from: D:\Scripts\analyse\Telemark\Python\token.env
GITHUB_TOKEN loaded successfully.
Virksomheter i kommunene JSON data loaded successfully.
Virksomheter i landet JSON data loaded successfully.

Totalt antall virksomheter i Telemark per år :
år
2009    16008
2010    16489
2011    16535
2012    16519
2013    17301
2014    17633
2015    18332
2016    18683
2017    18753
2018    19103
2019    19295
2020    19520
2021    20108
2022    20685
2023    21129
2024    21249
2025    21153
Name: value, dtype: int64

Prosentvis endring i Telemark fra 2009 til 2025:
32.1%

Totalt antall virksomheter i Norge per år:
år
2009    467330
2010    481720
2011    485907
2012    487138
2013    513646
2014    526703
2015    547232
2016    558959
2017    565054
2018    577067
2019    581956
2020    590810
2021    606642
2022    629953
2023    646884
2024    656410
2025    657993
Name: value, dtype: int64

Prosentvis endring i Norge fra 2009 til 2025:
40.8%
Saved file to D:\Scripts\analyse\Telemark\Python\Temp\virksomheter.csv
Failed to download file: Data/03_Arbeid og næringsliv/02_Næringsliv/Virksomheter/virksomheter.csv, Status Code: 401
[2025-03-21 08:06:55] Uploading new file: virksomheter.csv
Failed to check file on GitHub: {'message': 'Bad credentials', 'documentation_url': 'https://docs.github.com/rest', 'status': '401'}
Email notifications disabled. Updates for virksomheter.csv were not sent.
Keeping CSV file: D:\Scripts\analyse\Telemark\Python\Temp\virksomheter.csv
New data detected and pushed to GitHub.
New data status log written to D:\Scripts\analyse\Telemark\Python\Log\new_data_status_Arbeid_og_naeringsliv_-_Virksomheter.log

