Loaded .env file from: C:\Users\eve1509\OneDrive - Telemark fylkeskommune\Github\Telemark\Python\token.env

X_FUNCTIONS_KEY loaded successfully.

Loaded .env file from: C:\Users\eve1509\OneDrive - Telemark fylkeskommune\Github\Telemark\Python\token.env

GITHUB_TOKEN loaded successfully.

Sysselsatte, siste år JSON-stat data loaded successfully.

Sysselsatte, kommuner JSON-stat data loaded successfully.



Sysselsatte per år:



     år  value

0  2016  75188

1  2017  75640

2  2018  75752

3  2019  76180

4  2020  75756

5  2021  77084

6  2022  77563

7  2023  78308

8  2024  78849

9  2025  78857

Økning i antall arbeidsplasser (sysselsatte med arbeidssted i Telemark) fra 2016 til 2025: 3669

Saved file to C:\Users\eve1509\OneDrive - Telemark fylkeskommune\Github\Telemark\Python\Temp\endring_i_arbeidsplasser_over_tid.csv

[2026-07-03 09:44:33] No new data to upload. Skipping GitHub update.

Keeping CSV file: C:\Users\eve1509\OneDrive - Telemark fylkeskommune\Github\Telemark\Python\Temp\endring_i_arbeidsplasser_over_tid.csv

No new data detected.

New data status log written to C:\Users\eve1509\OneDrive - Telemark fylkeskommune\Github\Telemark\Python\Log\new_data_status_Arbeid_og_naeringsliv_-_Endring_arbeidsplasser_over_tid.log


