Loaded .env file from: C:\Users\eve1509\OneDrive - Telemark fylkeskommune\Github\Telemark\Python\token.env

X_FUNCTIONS_KEY loaded successfully.

Loaded .env file from: C:\Users\eve1509\OneDrive - Telemark fylkeskommune\Github\Telemark\Python\token.env

GITHUB_TOKEN loaded successfully.

Sysselsatte i næringer, Telemark JSON-stat data loaded successfully.

Sysselsatte i næringer, landet JSON-stat data loaded successfully.



Processed Telemark data:

                          næring (SN2007)  Telemark (2025)

0             Jordbruk, skogbruk og fiske              2.0

1             Bergverksdrift og utvinning              0.3

2                                Industri             10.9

3        Elektrisitet, vann og renovasjon              2.3

4             Bygge- og anleggsvirksomhet              9.0

5   Varehandel, reparasjon av motorvogner             12.9

6                    Transport og lagring              3.8

7   Overnattings- og serveringsvirksomhet              3.2

8            Informasjon og kommunikasjon              1.9

9              Finansiering og forsikring              0.9

10   Teknisk tjenesteyting, eiendomsdrift              5.1

11        Forretningsmessig tjenesteyting              4.3

12    Off.adm., forsvar, sosialforsikring              5.5

13                           Undervisning              8.5

14              Helse- og sosialtjenester             25.6

15                Personlig tjenesteyting              3.7



Processed national data:

                          næring (SN2007)  Landet (2025)

0             Jordbruk, skogbruk og fiske            2.3

1             Bergverksdrift og utvinning            2.4

2                                Industri            7.7

3        Elektrisitet, vann og renovasjon            1.3

4             Bygge- og anleggsvirksomhet            8.2

5   Varehandel, reparasjon av motorvogner           12.4

6                    Transport og lagring            4.8

7   Overnattings- og serveringsvirksomhet            3.8

8            Informasjon og kommunikasjon            4.1

9              Finansiering og forsikring            1.9

10   Teknisk tjenesteyting, eiendomsdrift            6.9

11        Forretningsmessig tjenesteyting            4.5

12    Off.adm., forsvar, sosialforsikring            6.5

13                           Undervisning            8.1

14              Helse- og sosialtjenester           20.9

15                Personlig tjenesteyting            4.3



Combined data:

                          næring (SN2007)  Telemark (2025)  Landet (2025)

5               Helse- og sosialtjenester             25.6           20.9

15  Varehandel, reparasjon av motorvogner             12.9           12.4

6                                Industri             10.9            7.7

1             Bygge- og anleggsvirksomhet              9.0            8.2

14                           Undervisning              8.5            8.1

Saved file to C:\Users\eve1509\OneDrive - Telemark fylkeskommune\Github\Telemark\Python\Temp\ansatte_i_storste_naringer.csv

[2026-07-03 09:44:13] No new data to upload. Skipping GitHub update.

Keeping CSV file: C:\Users\eve1509\OneDrive - Telemark fylkeskommune\Github\Telemark\Python\Temp\ansatte_i_storste_naringer.csv

No new data detected.

New data status log written to C:\Users\eve1509\OneDrive - Telemark fylkeskommune\Github\Telemark\Python\Log\new_data_status_Arbeid_og_naeringsliv_-_Sysselsatte_i_naeringer.log


