Loaded .env file from: C:\Users\eve1509\OneDrive - Telemark fylkeskommune\Github\Telemark\Python\token.env

X_FUNCTIONS_KEY loaded successfully.

Loaded .env file from: C:\Users\eve1509\OneDrive - Telemark fylkeskommune\Github\Telemark\Python\token.env

GITHUB_TOKEN loaded successfully.



Querying Telemark kommuner...

  URL: https://data.ssb.no/api/pxwebapi/v2/tables/07459/data?lang=no&outputFormat=json-stat2&valuecodes[ContentsCode]=*&valueco...
<<<<<<< HEAD
Request error in Historiske 07459 - Telemark kommuner: HTTPSConnectionPool(host='data.ssb.no', port=443): Max retries exceeded with url: /api/pxwebapi/v2/tables/07459/data?lang=no&outputFormat=json-stat2&valuecodes%5BContentsCode%5D=*&valuecodes%5BTid%5D=from(2000)&valuecodes%5BRegion%5D=K-4001,K-4003,K-4005,K-4010,K-4012,K-4014,K-4016,K-4018,K-4020,K-4022,K-4024,K-4026,K-4028,K-4030,K-4032,K-4034,K-4036&codelist%5BRegion%5D=agg_KommSummer&valuecodes%5BAlder%5D=*&codelist%5BAlder%5D=agg_Funksjonell4&heading=ContentsCode,Tid&stub=Region,Alder (Caused by ConnectTimeoutError(<urllib3.connection.HTTPSConnection object at 0x000001C3FCA2FEF0>, 'Connection to data.ssb.no timed out. (connect timeout=None)'))
Error occurred: HTTPSConnectionPool(host='data.ssb.no', port=443): Max retries exceeded with url: /api/pxwebapi/v2/tables/07459/data?lang=no&outputFormat=json-stat2&valuecodes%5BContentsCode%5D=*&valuecodes%5BTid%5D=from(2000)&valuecodes%5BRegion%5D=K-4001,K-4003,K-4005,K-4010,K-4012,K-4014,K-4016,K-4018,K-4020,K-4022,K-4024,K-4026,K-4028,K-4030,K-4032,K-4034,K-4036&codelist%5BRegion%5D=agg_KommSummer&valuecodes%5BAlder%5D=*&codelist%5BAlder%5D=agg_Funksjonell4&heading=ContentsCode,Tid&stub=Region,Alder (Caused by ConnectTimeoutError(<urllib3.connection.HTTPSConnection object at 0x000001C3FCA2FEF0>, 'Connection to data.ssb.no timed out. (connect timeout=None)'))
Email notifications disabled. Errors in befolkningsframskrivinger_historiske_07459.py were not sent.
=======

Historiske 07459 - Telemark kommuner JSON-stat data loaded successfully.

  -> Got 4590 rows
>>>>>>> 2a14722d3e7de9477fb917f9e5393ab95dba59ba



Querying Telemark fylke...

<<<<<<< HEAD
Traceback (most recent call last):
  File "C:\Users\_eve1509\AppData\Local\anaconda3\envs\analyse\Lib\site-packages\urllib3\connectionpool.py", line 787, in urlopen
    response = self._make_request(
               ^^^^^^^^^^^^^^^^^^^
  File "C:\Users\_eve1509\AppData\Local\anaconda3\envs\analyse\Lib\site-packages\urllib3\connectionpool.py", line 488, in _make_request
    raise new_e
  File "C:\Users\_eve1509\AppData\Local\anaconda3\envs\analyse\Lib\site-packages\urllib3\connectionpool.py", line 464, in _make_request
    self._validate_conn(conn)
  File "C:\Users\_eve1509\AppData\Local\anaconda3\envs\analyse\Lib\site-packages\urllib3\connectionpool.py", line 1093, in _validate_conn
    conn.connect()
  File "C:\Users\_eve1509\AppData\Local\anaconda3\envs\analyse\Lib\site-packages\urllib3\connection.py", line 753, in connect
    self.sock = sock = self._new_conn()
                       ^^^^^^^^^^^^^^^^
  File "C:\Users\_eve1509\AppData\Local\anaconda3\envs\analyse\Lib\site-packages\urllib3\connection.py", line 207, in _new_conn
    raise ConnectTimeoutError(
urllib3.exceptions.ConnectTimeoutError: (<urllib3.connection.HTTPSConnection object at 0x000001C3FCA2FEF0>, 'Connection to data.ssb.no timed out. (connect timeout=None)')
=======
  URL: https://data.ssb.no/api/pxwebapi/v2/tables/07459/data?lang=no&outputFormat=json-stat2&valuecodes[ContentsCode]=*&valueco...
>>>>>>> 2a14722d3e7de9477fb917f9e5393ab95dba59ba

Historiske 07459 - Telemark fylke JSON-stat data loaded successfully.

<<<<<<< HEAD
Traceback (most recent call last):
  File "C:\Users\_eve1509\AppData\Local\anaconda3\envs\analyse\Lib\site-packages\requests\adapters.py", line 644, in send
    resp = conn.urlopen(
           ^^^^^^^^^^^^^
  File "C:\Users\_eve1509\AppData\Local\anaconda3\envs\analyse\Lib\site-packages\urllib3\connectionpool.py", line 841, in urlopen
    retries = retries.increment(
              ^^^^^^^^^^^^^^^^^^
  File "C:\Users\_eve1509\AppData\Local\anaconda3\envs\analyse\Lib\site-packages\urllib3\util\retry.py", line 519, in increment
    raise MaxRetryError(_pool, url, reason) from reason  # type: ignore[arg-type]
    ^^^^^^^^^^^^^^^^^^^^^^^^^^^^^^^^^^^^^^^^^^^^^^^^^^^
urllib3.exceptions.MaxRetryError: HTTPSConnectionPool(host='data.ssb.no', port=443): Max retries exceeded with url: /api/pxwebapi/v2/tables/07459/data?lang=no&outputFormat=json-stat2&valuecodes%5BContentsCode%5D=*&valuecodes%5BTid%5D=from(2000)&valuecodes%5BRegion%5D=K-4001,K-4003,K-4005,K-4010,K-4012,K-4014,K-4016,K-4018,K-4020,K-4022,K-4024,K-4026,K-4028,K-4030,K-4032,K-4034,K-4036&codelist%5BRegion%5D=agg_KommSummer&valuecodes%5BAlder%5D=*&codelist%5BAlder%5D=agg_Funksjonell4&heading=ContentsCode,Tid&stub=Region,Alder (Caused by ConnectTimeoutError(<urllib3.connection.HTTPSConnection object at 0x000001C3FCA2FEF0>, 'Connection to data.ssb.no timed out. (connect timeout=None)'))
=======
  -> Got 270 rows
>>>>>>> 2a14722d3e7de9477fb917f9e5393ab95dba59ba


<<<<<<< HEAD
Traceback (most recent call last):
  File "D:\Scripts\analyse\Telemark\Python\Queries/01_Befolkning/Befolkningsframskrivinger/befolkningsframskrivinger_historiske_07459.py", line 78, in <module>
    df_q = fetch_data(
           ^^^^^^^^^^^
  File "D:\Scripts\analyse\Telemark\Python\Helper_scripts\utility_functions.py", line 45, in fetch_data
    response = requests.get(url)
               ^^^^^^^^^^^^^^^^^
  File "C:\Users\_eve1509\AppData\Local\anaconda3\envs\analyse\Lib\site-packages\requests\api.py", line 73, in get
    return request("get", url, params=params, **kwargs)
           ^^^^^^^^^^^^^^^^^^^^^^^^^^^^^^^^^^^^^^^^^^^^
  File "C:\Users\_eve1509\AppData\Local\anaconda3\envs\analyse\Lib\site-packages\requests\api.py", line 59, in request
    return session.request(method=method, url=url, **kwargs)
           ^^^^^^^^^^^^^^^^^^^^^^^^^^^^^^^^^^^^^^^^^^^^^^^^^
  File "C:\Users\_eve1509\AppData\Local\anaconda3\envs\analyse\Lib\site-packages\requests\sessions.py", line 589, in request
    resp = self.send(prep, **send_kwargs)
           ^^^^^^^^^^^^^^^^^^^^^^^^^^^^^^
  File "C:\Users\_eve1509\AppData\Local\anaconda3\envs\analyse\Lib\site-packages\requests\sessions.py", line 703, in send
    r = adapter.send(request, **kwargs)
        ^^^^^^^^^^^^^^^^^^^^^^^^^^^^^^^
  File "C:\Users\_eve1509\AppData\Local\anaconda3\envs\analyse\Lib\site-packages\requests\adapters.py", line 665, in send
    raise ConnectTimeout(e, request=request)
requests.exceptions.ConnectTimeout: HTTPSConnectionPool(host='data.ssb.no', port=443): Max retries exceeded with url: /api/pxwebapi/v2/tables/07459/data?lang=no&outputFormat=json-stat2&valuecodes%5BContentsCode%5D=*&valuecodes%5BTid%5D=from(2000)&valuecodes%5BRegion%5D=K-4001,K-4003,K-4005,K-4010,K-4012,K-4014,K-4016,K-4018,K-4020,K-4022,K-4024,K-4026,K-4028,K-4030,K-4032,K-4034,K-4036&codelist%5BRegion%5D=agg_KommSummer&valuecodes%5BAlder%5D=*&codelist%5BAlder%5D=agg_Funksjonell4&heading=ContentsCode,Tid&stub=Region,Alder (Caused by ConnectTimeoutError(<urllib3.connection.HTTPSConnection object at 0x000001C3FCA2FEF0>, 'Connection to data.ssb.no timed out. (connect timeout=None)'))
=======
>>>>>>> 2a14722d3e7de9477fb917f9e5393ab95dba59ba

Querying Norge...

  URL: https://data.ssb.no/api/pxwebapi/v2/tables/07459/data?lang=no&outputFormat=json-stat2&valuecodes[ContentsCode]=*&valueco...

Historiske 07459 - Norge JSON-stat data loaded successfully.

  -> Got 270 rows



Combined data: 5130 rows

  Columns: ['region', 'alder', 'statistikkvariabel', 'år', 'value']

  Regions: ['Bamble', 'Drangedal', 'Fyresdal', 'Hele landet', 'Hjartdal', 'Kragerø', 'Kviteseid', 'Midt-Telemark', 'Nissedal', 'Nome', 'Notodden', 'Porsgrunn', 'Seljord', 'Siljan', 'Skien', 'Telemark', 'Tinn', 'Tokke', 'Vinje']

      region alder statistikkvariabel    år  value

0  Porsgrunn  0 år           Personer  2000    413

1  Porsgrunn  0 år           Personer  2001    413

2  Porsgrunn  0 år           Personer  2002    365

3  Porsgrunn  0 år           Personer  2003    335

4  Porsgrunn  0 år           Personer  2004    364

Saved file to C:\Users\eve1509\OneDrive - Telemark fylkeskommune\Github\Telemark\Python\Temp\befolkningsframskrivinger_historiske.csv

[2026-07-03 09:41:12] No new data to upload. Skipping GitHub update.

Keeping CSV file: C:\Users\eve1509\OneDrive - Telemark fylkeskommune\Github\Telemark\Python\Temp\befolkningsframskrivinger_historiske.csv

No new data detected.

New data status log written to C:\Users\eve1509\OneDrive - Telemark fylkeskommune\Github\Telemark\Python\Log\new_data_status_Befolkning_-_Befolkningsframskrivinger_historiske_07459.log


