Loaded .env file from: D:\Scripts\analyse\Telemark\Python\token.env
X_FUNCTIONS_KEY loaded successfully.
Loaded .env file from: D:\Scripts\analyse\Telemark\Python\token.env
GITHUB_TOKEN loaded successfully.
Historical data: 5130 rows, years 2000-2026
Framskrevet data: 15390 rows, years 2024-2050

Historical data after cleaning: 5130 rows
     Kommune Alder    År       Type Personer
0  Porsgrunn  0 år  2000  Historisk      413
1  Porsgrunn  0 år  2001  Historisk      413
2  Porsgrunn  0 år  2002  Historisk      365
3  Porsgrunn  0 år  2003  Historisk      335
4  Porsgrunn  0 år  2004  Historisk      364

Framskrevet data after cleaning: 15390 rows
  Years: 2024-2050
  Types: ['Hovedalternativet (MMMM)', 'Lav nasjonal vekst (LLML)', 'Høy nasjonal vekst (HHMH)']
     Kommune     Alder    År                      Type Personer
0  Porsgrunn      0 år  2024  Hovedalternativet (MMMM)      303
1  Porsgrunn    1-5 år  2024  Hovedalternativet (MMMM)     1733
2  Porsgrunn   6-12 år  2024  Hovedalternativet (MMMM)     2781
3  Porsgrunn  13-15 år  2024  Hovedalternativet (MMMM)     1351
4  Porsgrunn  16-19 år  2024  Hovedalternativet (MMMM)     1760

Combined data: 20520 rows
  Years: 2000-01-01-2050-01-01
  Types: ['Historisk', 'Hovedalternativet (MMMM)', 'Høy nasjonal vekst (HHMH)', 'Lav nasjonal vekst (LLML)']
  Columns: ['Kommunenummer', 'Kommune', 'Alder', 'År', 'Type', 'Personer', 'SortColumn']
   Kommunenummer Kommune Alder          År       Type  Personer  SortColumn
0           4012  Bamble  0 år  2000-01-01  Historisk       155           1
1           4012  Bamble  0 år  2001-01-01  Historisk       173           1
2           4012  Bamble  0 år  2002-01-01  Historisk       176           1
3           4012  Bamble  0 år  2003-01-01  Historisk       147           1
4           4012  Bamble  0 år  2004-01-01  Historisk       151           1
5           4012  Bamble  0 år  2005-01-01  Historisk       138           1
6           4012  Bamble  0 år  2006-01-01  Historisk       144           1
7           4012  Bamble  0 år  2007-01-01  Historisk       152           1
8           4012  Bamble  0 år  2008-01-01  Historisk       159           1
9           4012  Bamble  0 år  2009-01-01  Historisk       133           1
10          4012  Bamble  0 år  2010-01-01  Historisk       124           1
11          4012  Bamble  0 år  2011-01-01  Historisk       131           1
12          4012  Bamble  0 år  2012-01-01  Historisk       165           1
13          4012  Bamble  0 år  2013-01-01  Historisk       118           1
14          4012  Bamble  0 år  2014-01-01  Historisk       136           1
15          4012  Bamble  0 år  2015-01-01  Historisk       120           1
16          4012  Bamble  0 år  2016-01-01  Historisk       106           1
17          4012  Bamble  0 år  2017-01-01  Historisk       138           1
18          4012  Bamble  0 år  2018-01-01  Historisk       141           1
19          4012  Bamble  0 år  2019-01-01  Historisk       121           1
Saved file to D:\Scripts\analyse\Telemark\Python\Temp\befolkning_historisk_og_framskrevet.csv


Errors:
Traceback (most recent call last):
  File "C:\Users\_eve1509\AppData\Local\anaconda3\envs\analyse\Lib\site-packages\urllib3\response.py", line 779, in _error_catcher
    yield
  File "C:\Users\_eve1509\AppData\Local\anaconda3\envs\analyse\Lib\site-packages\urllib3\response.py", line 925, in _raw_read
    raise IncompleteRead(self._fp_bytes_read, self.length_remaining)
urllib3.exceptions.IncompleteRead: IncompleteRead(447134 bytes read, 840604 more expected)

The above exception was the direct cause of the following exception:

Traceback (most recent call last):
  File "C:\Users\_eve1509\AppData\Local\anaconda3\envs\analyse\Lib\site-packages\requests\models.py", line 820, in generate
    yield from self.raw.stream(chunk_size, decode_content=True)
  File "C:\Users\_eve1509\AppData\Local\anaconda3\envs\analyse\Lib\site-packages\urllib3\response.py", line 1091, in stream
    data = self.read(amt=amt, decode_content=decode_content)
           ^^^^^^^^^^^^^^^^^^^^^^^^^^^^^^^^^^^^^^^^^^^^^^^^^
  File "C:\Users\_eve1509\AppData\Local\anaconda3\envs\analyse\Lib\site-packages\urllib3\response.py", line 1008, in read
    data = self._raw_read(amt)
           ^^^^^^^^^^^^^^^^^^^
  File "C:\Users\_eve1509\AppData\Local\anaconda3\envs\analyse\Lib\site-packages\urllib3\response.py", line 903, in _raw_read
    with self._error_catcher():
         ^^^^^^^^^^^^^^^^^^^^^
  File "C:\Users\_eve1509\AppData\Local\anaconda3\envs\analyse\Lib\contextlib.py", line 158, in __exit__
    self.gen.throw(value)
  File "C:\Users\_eve1509\AppData\Local\anaconda3\envs\analyse\Lib\site-packages\urllib3\response.py", line 803, in _error_catcher
    raise ProtocolError(arg, e) from e
urllib3.exceptions.ProtocolError: ('Connection broken: IncompleteRead(447134 bytes read, 840604 more expected)', IncompleteRead(447134 bytes read, 840604 more expected))

During handling of the above exception, another exception occurred:

Traceback (most recent call last):
  File "D:\Scripts\analyse\Telemark\Python\Queries/01_Befolkning/Befolkningsframskrivinger/kombiner_historisk_og_framskrevet.py", line 171, in <module>
    is_new_data = handle_output_data(df_combined, file_name, github_folder, temp_folder, keepcsv=True)
                  ^^^^^^^^^^^^^^^^^^^^^^^^^^^^^^^^^^^^^^^^^^^^^^^^^^^^^^^^^^^^^^^^^^^^^^^^^^^^^^^^^^^^
  File "D:\Scripts\analyse\Telemark\Python\Helper_scripts\github_functions.py", line 590, in handle_output_data
    is_new_data = compare_to_github(
                  ^^^^^^^^^^^^^^^^^^
  File "D:\Scripts\analyse\Telemark\Python\Helper_scripts\github_functions.py", line 182, in compare_to_github
    existing_data = download_github_file(f"{github_folder}/{file_name}")
                    ^^^^^^^^^^^^^^^^^^^^^^^^^^^^^^^^^^^^^^^^^^^^^^^^^^^^
  File "D:\Scripts\analyse\Telemark\Python\Helper_scripts\github_functions.py", line 73, in download_github_file
    response = requests.get(url, headers=headers)
               ^^^^^^^^^^^^^^^^^^^^^^^^^^^^^^^^^^
  File "C:\Users\_eve1509\AppData\Local\anaconda3\envs\analyse\Lib\site-packages\requests\api.py", line 73, in get
    return request("get", url, params=params, **kwargs)
           ^^^^^^^^^^^^^^^^^^^^^^^^^^^^^^^^^^^^^^^^^^^^
  File "C:\Users\_eve1509\AppData\Local\anaconda3\envs\analyse\Lib\site-packages\requests\api.py", line 59, in request
    return session.request(method=method, url=url, **kwargs)
           ^^^^^^^^^^^^^^^^^^^^^^^^^^^^^^^^^^^^^^^^^^^^^^^^^
  File "C:\Users\_eve1509\AppData\Local\anaconda3\envs\analyse\Lib\site-packages\requests\sessions.py", line 589, in request
    resp = self.send(prep, **send_kwargs)
           ^^^^^^^^^^^^^^^^^^^^^^^^^^^^^^
  File "C:\Users\_eve1509\AppData\Local\anaconda3\envs\analyse\Lib\site-packages\requests\sessions.py", line 746, in send
    r.content
  File "C:\Users\_eve1509\AppData\Local\anaconda3\envs\analyse\Lib\site-packages\requests\models.py", line 902, in content
    self._content = b"".join(self.iter_content(CONTENT_CHUNK_SIZE)) or b""
                    ^^^^^^^^^^^^^^^^^^^^^^^^^^^^^^^^^^^^^^^^^^^^^^^
  File "C:\Users\_eve1509\AppData\Local\anaconda3\envs\analyse\Lib\site-packages\requests\models.py", line 822, in generate
    raise ChunkedEncodingError(e)
requests.exceptions.ChunkedEncodingError: ('Connection broken: IncompleteRead(447134 bytes read, 840604 more expected)', IncompleteRead(447134 bytes read, 840604 more expected))

ERROR conda.cli.main_run:execute(125): `conda run python D:\Scripts\analyse\Telemark\Python\Queries/01_Befolkning/Befolkningsframskrivinger/kombiner_historisk_og_framskrevet.py` failed. (See above for error)
