Loaded .env file from: D:\Scripts\analyse\Telemark\Python\token.env
X_FUNCTIONS_KEY loaded successfully.
Loaded .env file from: D:\Scripts\analyse\Telemark\Python\token.env
GITHUB_TOKEN loaded successfully.
Data successfully loaded. Shape: (73043, 6)
Columns: ['statistikkvariabel', 'kommunenr', 'kommune', 'år', 'verdi', 'klasse']
Saved file to D:\Scripts\analyse\Telemark\Python\Temp\arealprofiler.csv
[2025-10-14 08:18:56] Changes detected in the dataset.

[2025-10-14 08:18:56] Dataset is large. Showing detailed changes from the last 200 rows only.
File uploaded successfully: Data/Bystrategi_Grenland/Areal_og_byutvikling/arealprofiler.csv

Showing up to 5 examples of changes from the last 200 rows:

Row: r: 2019-01-01 | Kommune: Skien
  Verdi: 29.0 -> 1.292418979277809

Row: r: 2020-01-01 | Kommune: Skien
  Verdi: 36.0 -> 1.272890426820313

Row: r: 2021-01-01 | Kommune: Skien
  Verdi: 53.0 -> 1.275695760157325

Row: r: 2022-01-01 | Kommune: Skien
  Verdi: 38.1 -> 1.0558877176186567

Row: r: 2023-01-01 | Kommune: Skien
  Verdi: 29.9 -> 0.9418490704332896

Total changes found in examined rows: 200
(Showing first 5 changes only)
Email notifications disabled. Updates for arealprofiler.csv were not sent.
Keeping CSV file: D:\Scripts\analyse\Telemark\Python\Temp\arealprofiler.csv
New data detected in arealprofiler.csv and pushed to GitHub.
New data status log written to D:\Scripts\analyse\Telemark\Python\Log\new_data_status_Bystrategi_Grenland_-_Arealprofiler.log
All tasks completed successfully.

