Loaded .env file from: D:\Scripts\analyse\Telemark\Python\token.env
X_FUNCTIONS_KEY loaded successfully.
Loaded .env file from: D:\Scripts\analyse\Telemark\Python\token.env
GITHUB_TOKEN loaded successfully.
Flytting til Telemark JSON data loaded successfully.
Flytting fra Telemark JSON data loaded successfully.
Saved file to D:\Scripts\analyse\Telemark\Python\Temp\tilflytting.csv
Failed to download file: Data/01_Befolkning/Flytting/tilflytting.csv, Status Code: 401
[2025-03-21 08:05:29] Uploading new file: tilflytting.csv
Failed to check file on GitHub: {'message': 'Bad credentials', 'documentation_url': 'https://docs.github.com/rest', 'status': '401'}
Email notifications disabled. Updates for tilflytting.csv were not sent.
Keeping CSV file: D:\Scripts\analyse\Telemark\Python\Temp\tilflytting.csv
Saved file to D:\Scripts\analyse\Telemark\Python\Temp\fraflytting.csv
Failed to download file: Data/01_Befolkning/Flytting/fraflytting.csv, Status Code: 401
[2025-03-21 08:05:29] Uploading new file: fraflytting.csv
Failed to check file on GitHub: {'message': 'Bad credentials', 'documentation_url': 'https://docs.github.com/rest', 'status': '401'}
Email notifications disabled. Updates for fraflytting.csv were not sent.
Keeping CSV file: D:\Scripts\analyse\Telemark\Python\Temp\fraflytting.csv
New data detected in tilflytting.csv and pushed to GitHub.
New data detected in fraflytting.csv and pushed to GitHub.
New data status log written to D:\Scripts\analyse\Telemark\Python\Log\new_data_status_Flytting_-_Til_og_fra_Telemark.log

