Loaded .env file from: C:\Users\eve1509\OneDrive - Telemark fylkeskommune\Github\Telemark\Python\token.env

X_FUNCTIONS_KEY loaded successfully.

Loaded .env file from: C:\Users\eve1509\OneDrive - Telemark fylkeskommune\Github\Telemark\Python\token.env

GITHUB_TOKEN loaded successfully.



======================================================================

FHI Query: Forventet levealder etter utdanning, 7 årig.txt

======================================================================



Loading query from file...

  ✓ Query loaded

  URL: https://statistikk-data.fhi.no/api/open/v1/nokkel/Table/507/data



Fetching data from FHI API...

FHI Query JSON-stat data loaded successfully.

  ✓ Fetched 5130 rows and 7 columns

  Columns: Geografi, År, Kjønn, Alder, Utdanningsnivå, Måltall, value



After processing: 5130 rows and 7 columns



Comparing with GitHub...

Saved file to C:\Users\eve1509\OneDrive - Telemark fylkeskommune\Github\Telemark\Python\Temp\forventet_levealder_etter_utdanning_7_aarig.csv

[2025-12-19 15:33:32] No new data to upload. Skipping GitHub update.

Keeping CSV file: C:\Users\eve1509\OneDrive - Telemark fylkeskommune\Github\Telemark\Python\Temp\forventet_levealder_etter_utdanning_7_aarig.csv

  ✓ No changes detected



  ✓ Saved to: C:\Users\eve1509\OneDrive - Telemark fylkeskommune\Github\Telemark\Python\Data\08_Folkehelse og levekår\Helsetilstand\forventet_levealder_etter_utdanning_7_aarig.csv



======================================================================

Processing complete

======================================================================




