Loaded .env file from: D:\Scripts\analyse\Telemark\Python\token.env
X_FUNCTIONS_KEY loaded successfully.
Loaded .env file from: D:\Scripts\analyse\Telemark\Python\token.env
GITHUB_TOKEN loaded successfully.

======================================================================
FHI Query: Dødsårsaker tiårig.txt
======================================================================

Loading query from file...
  ✓ Query loaded
  URL: https://statistikk-data.fhi.no/api/open/v1/nokkel/Table/342/data

Fetching data from FHI API...
FHI Query JSON-stat data loaded successfully.
  ✓ Fetched 1995 rows and 7 columns
  Columns: Geografi, År, Kjønn, Alder, Dødsårsak, Måltall, value

After processing: 1995 rows and 9 columns

Comparing with GitHub...
Saved file to D:\Scripts\analyse\Telemark\Python\Temp\doedsaarsaker_tiaarig.csv
[2026-07-02 09:05:33] No new data to upload. Skipping GitHub update.
Keeping CSV file: D:\Scripts\analyse\Telemark\Python\Temp\doedsaarsaker_tiaarig.csv
  ✓ No changes detected

  ✓ Saved to: D:\Scripts\analyse\Telemark\Python\Temp\doedsaarsaker_tiaarig.csv

======================================================================
Processing complete
======================================================================


