Loaded .env file from: D:\Scripts\analyse\Telemark\Python\token.env
X_FUNCTIONS_KEY loaded successfully.
Loaded .env file from: D:\Scripts\analyse\Telemark\Python\token.env
GITHUB_TOKEN loaded successfully.

======================================================================
FHI Query: Selvmord, femårig.txt
======================================================================

Loading query from file...
  ✓ Query loaded
  URL: https://statistikk-data.fhi.no/api/open/v1/nokkel/Table/344/data

Fetching data from FHI API...
FHI Query JSON-stat data loaded successfully.
  ✓ Fetched 950 rows and 7 columns
  Columns: Geografi, År, Kjønn, Alder, Dødsårsak, Måltall, value

After processing: 950 rows and 7 columns

Comparing with GitHub...
Saved file to D:\Scripts\analyse\Telemark\Python\Temp\selvmord_femaarig.csv
File not found on GitHub: Data/08_Folkehelse og levekår/Helsetilstand/selvmord_femaarig.csv
[2025-12-19 15:23:35] Uploading new file: selvmord_femaarig.csv
File uploaded successfully: Data/08_Folkehelse og levekår/Helsetilstand/selvmord_femaarig.csv
Email notifications disabled. Updates for selvmord_femaarig.csv were not sent.
Keeping CSV file: D:\Scripts\analyse\Telemark\Python\Temp\selvmord_femaarig.csv
  ✓ New data detected and uploaded to GitHub
New data detected

  ✓ Saved to: D:\Scripts\analyse\Telemark\Python\Data\08_Folkehelse og levekår\Helsetilstand\selvmord_femaarig.csv

======================================================================
Processing complete
======================================================================


