Loaded .env file from: C:\Users\eve1509\OneDrive - Telemark fylkeskommune\Github\Telemark\Python\token.env

X_FUNCTIONS_KEY loaded successfully.

Loaded .env file from: C:\Users\eve1509\OneDrive - Telemark fylkeskommune\Github\Telemark\Python\token.env

GITHUB_TOKEN loaded successfully.



======================================================================

FHI Query: Psykiske plager, ungdom.txt

======================================================================



Loading query from file...

  ✓ Query loaded

  URL: https://statistikk-data.fhi.no/api/open/v1/nokkel/Table/339/data



Fetching data from FHI API...

FHI Query JSON-stat data loaded successfully.

  ✓ Fetched 399 rows and 8 columns

  Columns: Geografi, År, Kjønn, Alder, Plagegrad, Sosioøkonomiske ressurser (SØR), Måltall, value



After processing: 399 rows and 8 columns



Comparing with GitHub...

Saved file to C:\Users\eve1509\OneDrive - Telemark fylkeskommune\Github\Telemark\Python\Temp\psykiske_plager_ungdom.csv

[2025-12-19 15:33:57] No new data to upload. Skipping GitHub update.

Keeping CSV file: C:\Users\eve1509\OneDrive - Telemark fylkeskommune\Github\Telemark\Python\Temp\psykiske_plager_ungdom.csv

  ✓ No changes detected



  ✓ Saved to: C:\Users\eve1509\OneDrive - Telemark fylkeskommune\Github\Telemark\Python\Data\08_Folkehelse og levekår\Helsetilstand\psykiske_plager_ungdom.csv



======================================================================

Processing complete

======================================================================




