Loaded .env file from: C:\Users\eve1509\OneDrive - Telemark fylkeskommune\Github\Telemark\Python\token.env

X_FUNCTIONS_KEY loaded successfully.

Loaded .env file from: C:\Users\eve1509\OneDrive - Telemark fylkeskommune\Github\Telemark\Python\token.env

GITHUB_TOKEN loaded successfully.



======================================================================

FHI Query: Fornøyd med helsa - ungdom.txt

======================================================================



Loading query from file...

  ✓ Query loaded

  URL: https://statistikk-data.fhi.no/api/open/v1/nokkel/Table/349/data



Fetching data from FHI API...

FHI Query JSON-stat data loaded successfully.

  ✓ Fetched 741 rows and 8 columns

  Columns: Geografi, År, Kjønn, Alder vises ikke, Fornøydhet med helsa, SOES, Måltall, value



After processing: 741 rows and 8 columns



Comparing with GitHub...

Saved file to C:\Users\eve1509\OneDrive - Telemark fylkeskommune\Github\Telemark\Python\Temp\fornoeyd_med_helsa_ungdom.csv

[2025-12-19 15:33:27] No new data to upload. Skipping GitHub update.

Keeping CSV file: C:\Users\eve1509\OneDrive - Telemark fylkeskommune\Github\Telemark\Python\Temp\fornoeyd_med_helsa_ungdom.csv

  ✓ No changes detected



  ✓ Saved to: C:\Users\eve1509\OneDrive - Telemark fylkeskommune\Github\Telemark\Python\Data\08_Folkehelse og levekår\Helsetilstand\fornoeyd_med_helsa_ungdom.csv



======================================================================

Processing complete

======================================================================




