Loaded .env file from: D:\Scripts\analyse\Telemark\Python\token.env
X_FUNCTIONS_KEY loaded successfully.
Loaded .env file from: D:\Scripts\analyse\Telemark\Python\token.env
GITHUB_TOKEN loaded successfully.

======================================================================
FHI Query: Tilfredshet med livet, ungdom.txt
======================================================================

Loading query from file...
  ✓ Query loaded
  URL: https://statistikk-data.fhi.no/api/open/v1/nokkel/Table/373/data

Fetching data from FHI API...
FHI Query JSON-stat data loaded successfully.
  ✓ Fetched 114 rows and 8 columns
  Columns: Geografi, År, Kjønn, Alder, Skala 0-10, tilfredshet, Sosial status, Måltall, value

After processing: 114 rows and 8 columns

Comparing with GitHub...
Saved file to D:\Scripts\analyse\Telemark\Python\Temp\tilfredshet_med_livet_ungdom.csv
File not found on GitHub: Data/08_Folkehelse og levekår/Helsetilstand/tilfredshet_med_livet_ungdom.csv
[2025-12-19 15:23:54] Uploading new file: tilfredshet_med_livet_ungdom.csv
File uploaded successfully: Data/08_Folkehelse og levekår/Helsetilstand/tilfredshet_med_livet_ungdom.csv
Email notifications disabled. Updates for tilfredshet_med_livet_ungdom.csv were not sent.
Keeping CSV file: D:\Scripts\analyse\Telemark\Python\Temp\tilfredshet_med_livet_ungdom.csv
  ✓ New data detected and uploaded to GitHub
New data detected

  ✓ Saved to: D:\Scripts\analyse\Telemark\Python\Data\08_Folkehelse og levekår\Helsetilstand\tilfredshet_med_livet_ungdom.csv

======================================================================
Processing complete
======================================================================


