Loaded .env file from: D:\Scripts\analyse\Telemark\Python\token.env
X_FUNCTIONS_KEY loaded successfully.
Loaded .env file from: D:\Scripts\analyse\Telemark\Python\token.env
GITHUB_TOKEN loaded successfully.

======================================================================
FHI Query: Gjeld over tre ganger inntekt, husholdninger.txt
======================================================================

Loading query from file...
  ✓ Query loaded
  URL: https://statistikk-data.fhi.no/api/open/v1/nokkel/Table/358/data

Fetching data from FHI API...
FHI Query JSON-stat data loaded successfully.
  ✓ Fetched 152 rows and 6 columns
  Columns: Geografi, År, Kjønn, Alder, Måltall, value

After processing: 152 rows and 6 columns

Comparing with GitHub...
Saved file to D:\Scripts\analyse\Telemark\Python\Temp\gjeld_over_tre_ganger_inntekt_husholdninger.csv
[2026-07-01 09:05:54] Header structure changed in gjeld_over_tre_ganger_inntekt_husholdninger.csv:
Removed headers: sortkommune
File uploaded successfully: Data/08_Folkehelse og levekår/Oppvekst og levekår/Levekår/Inntekt og gjeld/gjeld_over_tre_ganger_inntekt_husholdninger.csv
Email notifications disabled. Updates for gjeld_over_tre_ganger_inntekt_husholdninger.csv were not sent.
Keeping CSV file: D:\Scripts\analyse\Telemark\Python\Temp\gjeld_over_tre_ganger_inntekt_husholdninger.csv
  ✓ New data detected and uploaded to GitHub
New data detected

  ✓ Saved to: D:\Scripts\analyse\Telemark\Python\Temp\gjeld_over_tre_ganger_inntekt_husholdninger.csv

======================================================================
Processing complete
======================================================================


