Loaded .env file from: D:\Scripts\analyse\Telemark\Python\token.env
X_FUNCTIONS_KEY loaded successfully.
Loaded .env file from: D:\Scripts\analyse\Telemark\Python\token.env
GITHUB_TOKEN loaded successfully.
VTFK Query JSON-stat data loaded successfully.
TFK Query JSON-stat data loaded successfully.
Her hentes tallene for Vestfold og Telemark i ['2025']
Her hentes tallene for Telemark i ['2025']
Saved file to D:\Scripts\analyse\Telemark\Python\Temp\andel_sysselsatte_innvandrere.csv
[2026-03-16 10:37:17] Header structure changed in andel_sysselsatte_innvandrere.csv:
Removed headers: andel 2024
Added headers: andel 2025
File uploaded successfully: Data/09_Innvandrere og inkludering/Arbeid og inntekt/andel_sysselsatte_innvandrere.csv
Email notifications disabled. Updates for andel_sysselsatte_innvandrere.csv were not sent.
Keeping CSV file: D:\Scripts\analyse\Telemark\Python\Temp\andel_sysselsatte_innvandrere.csv
New data detected and pushed to GitHub.
New data status log written to D:\Scripts\analyse\Telemark\Python\Log\new_data_status_Innvandrere_-_Sysselsatte.log


Errors/Warnings:
D:\Scripts\analyse\Telemark\Python\Queries/09_Innvandrere_og_inkludering/Arbeid_og_inntekt/andel_sysselsatte_innvandrere.py:148: FutureWarning: The behavior of DataFrame concatenation with empty or all-NA entries is deprecated. In a future version, this will no longer exclude empty or all-NA columns when determining the result dtypes. To retain the old behavior, exclude the relevant entries before the concat operation.
  df = pd.concat([df_vtfk, df_tfk])

