[11.12.2024  2:00:31,27] Running anmodninger_og_faktisk_bosetting.py 
Loaded .env file from: D:\Scripts\analyse\Telemark\Python\token.env
X_FUNCTIONS_KEY loaded successfully.
Loaded .env file from: D:\Scripts\analyse\Telemark\Python\token.env
GITHUB_TOKEN loaded successfully.
Anmodninger og faktisk bosetting CSV data loaded successfully.
<class 'pandas.core.frame.DataFrame'>
RangeIndex: 75972 entries, 0 to 75971
Data columns (total 6 columns):
 #   Column         Non-Null Count  Dtype 
---  ------         --------------  ----- 
 0   Enhet          75972 non-null  object
 1   År             75972 non-null  int64 
 2   Kommunenummer  75972 non-null  object
 3   Kommune        34331 non-null  object
 4   Kategori       75972 non-null  object
 5   Antall         75970 non-null  object
dtypes: int64(1), object(5)
memory usage: 3.5+ MB
           Kommune         År                Kategori  Antall
552  Midt-Telemark 1995-01-01  Anmodning om bosetting    35.0
553  Midt-Telemark 1995-01-01       Faktisk bosetting     0.0
554  Midt-Telemark 1995-01-01     Vedtak om bosetting    13.0
555  Midt-Telemark 1996-01-01  Anmodning om bosetting     0.0
556  Midt-Telemark 1996-01-01       Faktisk bosetting     0.0
..             ...        ...                     ...     ...
639  Midt-Telemark 2023-01-01       Faktisk bosetting   114.0
640  Midt-Telemark 2023-01-01     Vedtak om bosetting   110.0
641  Midt-Telemark 2024-01-01  Anmodning om bosetting    75.0
642  Midt-Telemark 2024-01-01       Faktisk bosetting    72.0
643  Midt-Telemark 2024-01-01     Vedtak om bosetting    75.0

[92 rows x 4 columns]
No new data to upload. Skipping GitHub update.
Deleted file from temp folder: anmodninger_og_faktisk_bosetting.csv
[11.12.2024  2:00:34,08] Script completed 
