Loaded .env file from: D:\Scripts\analyse\Telemark\Python\token.env
X_FUNCTIONS_KEY loaded successfully.
Loaded .env file from: D:\Scripts\analyse\Telemark\Python\token.env
GITHUB_TOKEN loaded successfully.
Sekundærflytting CSV data loaded successfully.
Most recent year in table is 2023-01-01 00:00:00
Saved file to D:\Scripts\analyse\Telemark\Python\Temp\sekundærflytting.csv
Failed to download file: Data/09_Innvandrere og inkludering/Bosetting av flyktninger/sekundærflytting.csv, Status Code: 401
[2025-03-21 08:41:03] Uploading new file: sekundærflytting.csv
Failed to check file on GitHub: {'message': 'Bad credentials', 'documentation_url': 'https://docs.github.com/rest', 'status': '401'}
Email notifications disabled. Updates for sekundærflytting.csv were not sent.
Keeping CSV file: D:\Scripts\analyse\Telemark\Python\Temp\sekundærflytting.csv
New data detected and pushed to GitHub.
New data status log written to D:\Scripts\analyse\Telemark\Python\Log\new_data_status_Innvandrere_-_Sekundaerflytting.log


Errors/Warnings:
D:\Scripts\analyse\Telemark\Python\Queries/09_Innvandrere_og_inkludering/Bosetting_av_flyktninger/sekundaerflytting.py:118: SettingWithCopyWarning: 
A value is trying to be set on a copy of a slice from a DataFrame.
Try using .loc[row_indexer,col_indexer] = value instead

See the caveats in the documentation: https://pandas.pydata.org/pandas-docs/stable/user_guide/indexing.html#returning-a-view-versus-a-copy
  df_kommuner["Kommune"] = df_kommuner["Kommune"].fillna(

