Loaded .env file from: D:\Scripts\analyse\Telemark\Python\token.env
X_FUNCTIONS_KEY loaded successfully.
Loaded .env file from: D:\Scripts\analyse\Telemark\Python\token.env
GITHUB_TOKEN loaded successfully.
[2026-06-18 08:14:05] Loaded .env file from: D:\Scripts\analyse\Telemark\Python\token.env
[2026-06-18 08:14:05] GITHUB_TOKEN loaded successfully.
[2026-06-18 08:14:17] Latest date in GitHub files: 2026-06-15
[2026-06-18 08:14:17] Querying data for 2026-06-16
[2026-06-18 08:14:17] API Response status code: 200
Saved file to D:\Scripts\analyse\Telemark\Python\Temp\2026.csv
[2026-06-18 08:14:22] Row count changed: 203082 -> 204306

Added rows (showing up to 10):
Antall mlere: 1275.0, Forbruk (kWh): 1418.529, Gruppe: Husholdninger, Knr: 4010, Kommunenavn: Siljan, Tid: 2026-06-15 22:00:00+00:00
Antall mlere: 286.0, Forbruk (kWh): 1162.992, Gruppe: Næring (unntatt industri), Knr: 4022, Kommunenavn: Seljord, Tid: 2026-06-15 22:00:00+00:00
Antall mlere: 93.0, Forbruk (kWh): 135.485, Gruppe: Industri, Knr: 4022, Kommunenavn: Seljord, Tid: 2026-06-15 22:00:00+00:00
Antall mlere: 2162.0, Forbruk (kWh): 1945.316, Gruppe: Husholdninger, Knr: 4022, Kommunenavn: Seljord, Tid: 2026-06-15 22:00:00+00:00
Antall mlere: 199.0, Forbruk (kWh): 2682.758, Gruppe: Industri, Knr: 4005, Kommunenavn: Notodden, Tid: 2026-06-15 22:00:00+00:00
Antall mlere: 519.0, Forbruk (kWh): 194736.12, Gruppe: Industri, Knr: 4001, Kommunenavn: Porsgrunn, Tid: 2026-06-15 22:00:00+00:00
Antall mlere: 19579.0, Forbruk (kWh): 20374.18, Gruppe: Husholdninger, Knr: 4001, Kommunenavn: Porsgrunn, Tid: 2026-06-15 22:00:00+00:00
Antall mlere: 872.0, Forbruk (kWh): 3377.671, Gruppe: Næring (unntatt industri), Knr: 4005, Kommunenavn: Notodden, Tid: 2026-06-15 22:00:00+00:00
Antall mlere: 50.0, Forbruk (kWh): 118.919, Gruppe: Industri, Knr: 4010, Kommunenavn: Siljan, Tid: 2026-06-15 22:00:00+00:00
Antall mlere: 1674.0, Forbruk (kWh): 9294.951, Gruppe: Næring (unntatt industri), Knr: 4001, Kommunenavn: Porsgrunn, Tid: 2026-06-15 22:00:00+00:00
... and 1214 more rows
File uploaded successfully: Data/04_Klima og ressursforvaltning/Kraft og energi/Elhub/2026.csv
Email notifications disabled. Updates for 2026.csv were not sent.
Keeping CSV file: D:\Scripts\analyse\Telemark\Python\Temp\2026.csv
[2026-06-18 08:14:36] New data detected in 2026.csv and pushed to GitHub.
[2026-06-18 08:14:36] New data status log written to D:\Scripts\analyse\Telemark\Python\Log\new_data_status_Klima_og_energi_-_Stromforbruk_(Elhub).log

