Loaded .env file from: D:\Scripts\analyse\Telemark\Python\token.env
X_FUNCTIONS_KEY loaded successfully.
Loaded .env file from: D:\Scripts\analyse\Telemark\Python\token.env
GITHUB_TOKEN loaded successfully.
All tasks completed successfully.

Unique NACE codes in the dataset:

NACE Kode:
['46.739' '23.410' '21.200' '30.113' '11.070' '17.120' '20.130' '20.160'
 '20.150' '20.140' '24.421' '23.510' '38.220' '10.510' '24.102' '46.693'
 '24.510']
Saved file to D:\Scripts\analyse\Telemark\Python\Temp\norskeutslipp_detaljert_telemark.csv
[2025-01-22 02:02:25] Changes detected in the dataset.
File uploaded successfully: Data/04_Klima og ressursforvaltning/Klimagassutslipp/norskeutslipp_detaljert_telemark.csv

[2025-01-22 02:02:25] Showing up to 5 examples of changes from the last 200 rows:

Row: Kommune: Bamble | r: 2015-01-01
  AnleggId: 5522 -> 5651

Row: Kommune: Bamble | r: 2015-01-01
  Anleggsnavn: Porsgrunds porselænsfabrik a.s, avd husholdningsporselen -> Ineos bamble

Row: Kommune: Bamble | r: 2015-01-01
  NACE Kode: 23.410 -> 20.160

Row: Kommune: Bamble | r: 2015-01-01
  Org.nr.: 971753838 -> 872383352

Row: Kommune: Bamble | r: 2015-01-01
  rlig utslipp til luft: 2967.0 -> 12911.35

Total changes found in examined rows: 1000
(Showing first 5 changes only)
Email notifications disabled. Updates for norskeutslipp_detaljert_telemark.csv were not sent.
Keeping CSV file: D:\Scripts\analyse\Telemark\Python\Temp\norskeutslipp_detaljert_telemark.csv
Saved file to D:\Scripts\analyse\Telemark\Python\Temp\norskeutslipp_everviz.csv
[2025-01-22 02:02:27] No new data to upload. Skipping GitHub update.
Keeping CSV file: D:\Scripts\analyse\Telemark\Python\Temp\norskeutslipp_everviz.csv
New data detected in norskeutslipp_detaljert_telemark.csv and pushed to GitHub.
No new data detected in norskeutslipp_everviz.csv.
New data status log written to D:\Scripts\analyse\Telemark\Python\Log\new_data_status_Klima_og_energi_-_Utslipp_fra_landbasert_industri.log

