Loaded .env file from: D:\Scripts\analyse\Telemark\Python\token.env
X_FUNCTIONS_KEY loaded successfully.
Loaded .env file from: D:\Scripts\analyse\Telemark\Python\token.env
GITHUB_TOKEN loaded successfully.
Elg JSON-stat data loaded successfully.
Hjort JSON-stat data loaded successfully.
<class 'pandas.core.frame.DataFrame'>
RangeIndex: 40 entries, 0 to 39
Data columns (total 2 columns):
 #   Column              Non-Null Count  Dtype 
---  ------              --------------  ----- 
 0   Jaktår              40 non-null     object
 1   Antall felte hjort  40 non-null     int64 
dtypes: int64(1), object(1)
memory usage: 772.0+ bytes
Saved file to D:\Scripts\analyse\Telemark\Python\Temp\antall_felte_elg_og_hjort.csv
[2026-03-20 08:11:55] Row count changed: 38 -> 40

Added rows (showing up to 10):
Antall felte elg: 1759, Antall felte hjort: 818, Jaktr: 2021
Antall felte elg: 1498, Antall felte hjort: 1104, Jaktr: 2025
File uploaded successfully: Data/04_Klima og ressursforvaltning/Ressursforvaltning/antall_felte_elg_og_hjort.csv
Email notifications disabled. Updates for antall_felte_elg_og_hjort.csv were not sent.
Keeping CSV file: D:\Scripts\analyse\Telemark\Python\Temp\antall_felte_elg_og_hjort.csv
New data detected and pushed to GitHub.
New data status log written to D:\Scripts\analyse\Telemark\Python\Log\new_data_status_Klima_og_energi_-_Felte_hjortedyr.log

