Loaded .env file from: D:\Scripts\analyse\Telemark\Python\token.env
X_FUNCTIONS_KEY loaded successfully.
Loaded .env file from: D:\Scripts\analyse\Telemark\Python\token.env
GITHUB_TOKEN loaded successfully.
Script starting...
Found missing date ranges: [(Timestamp('2026-06-20 00:00:00'), Timestamp('2026-06-22 00:00:00'))]
Fetching data for missing periods...
-- Processing gap: 2026-06-20 to 2026-06-22 --
Fetching energy prices from 2026-06-20 to 2026-06-22...
  Fetching chunk from 2026-06-20 to 2026-06-22...
Total price data points collected: 368
Fetching exchange rates...
Successfully fetched 1 exchange rate records
Saved file to D:\Scripts\analyse\Telemark\Python\Temp\strompriser.csv
[2026-06-23 08:14:41] Row count changed: 1997 -> 2004

Added rows (showing up to 10):
EUR/MWh: 110.5432, NOK/KWh: 1.3283262999999998, NOK/MWh: 1328.3263, kurs: 11.074, time: 2026-06-20
EUR/MWh: 82.27395833333334, NOK/KWh: 1.2887136791666667, NOK/MWh: 1288.7136791666667, kurs: 11.074, time: 2026-06-21
EUR/MWh: 65.22676056338028, NOK/KWh: 0.7223211464788731, NOK/MWh: 722.3211464788732, kurs: 11.074, time: 2026-06-22
EUR/MWh: 98.67588235294119, NOK/KWh: 1.0927367211764707, NOK/MWh: 1092.7367211764706, kurs: 11.074, time: 2026-06-23
EUR/MWh: 101.36971428571428, NOK/KWh: 1.1225682160000001, NOK/MWh: 1122.5682160000001, kurs: 11.074, time: 2026-06-24
EUR/MWh: 132.84847826086957, NOK/KWh: 1.4711640482608694, NOK/MWh: 1471.1640482608695, kurs: 11.074, time: 2026-06-25
EUR/MWh: 186.08952380952383, NOK/KWh: 2.0607553866666666, NOK/MWh: 2060.7553866666667, kurs: 11.074, time: 2026-06-26
File uploaded successfully: Data/04_Klima og ressursforvaltning/Kraft og energi/Kraftpriser/entso-e/strompriser.csv
Email notifications disabled. Updates for strompriser.csv were not sent.
Keeping CSV file: D:\Scripts\analyse\Telemark\Python\Temp\strompriser.csv
New data detected and pushed to GitHub.
New data status log written to D:\Scripts\analyse\Telemark\Python\Log\new_data_status_Klima_og_energi_-_Strompriser.log
Script completed successfully!


Errors/Warnings:
D:\Scripts\analyse\Telemark\Python\Queries/04_Klima_og_energi/Kraft og energi/Strompriser/strompriser.py:211: FutureWarning: Series.fillna with 'method' is deprecated and will raise in a future version. Use obj.ffill() or obj.bfill() instead.
  df["eur_nok_rate"] = df["eur_nok_rate"].fillna(method="ffill")

