Loaded .env file from: D:\Scripts\analyse\Telemark\Python\token.env
X_FUNCTIONS_KEY loaded successfully.
Loaded .env file from: D:\Scripts\analyse\Telemark\Python\token.env
GITHUB_TOKEN loaded successfully.
Saved file to D:\Scripts\analyse\Telemark\Python\Temp\vannkraft_telemark.csv
[2025-09-19 08:11:21] Changes detected in the dataset.
File uploaded successfully: Data/04_Klima og ressursforvaltning/Kraft og energi/Kraftproduksjon/NVE/vannkraft_telemark.csv

Showing up to 5 examples of changes:

Row: Kommune: Nome
  Produksjon oppstart: 2022 -> 1948

Row: Kommune: Nome
  rlig produksjon (1991-2020): 10.541 -> 30.286

Row: Kommune: Hjartdal
  Produksjon oppstart: 2015 -> 1960

Row: Kommune: Hjartdal
  rlig produksjon (1991-2020): -2.821 -> 9.032

Row: Kommune: Tokke
  Produksjon oppstart: 1960 -> 1969

Total changes found in examined rows: 249
(Showing first 5 changes only)
Email notifications disabled. Updates for vannkraft_telemark.csv were not sent.
Keeping CSV file: D:\Scripts\analyse\Telemark\Python\Temp\vannkraft_telemark.csv
New data detected and pushed to GitHub.
New data status log written to D:\Scripts\analyse\Telemark\Python\Log\new_data_status_Klima_og_energi_-_Vannkraft_Telemark.log

