Loaded .env file from: D:\Scripts\analyse\Telemark\Python\token.env
X_FUNCTIONS_KEY loaded successfully.
Loaded .env file from: D:\Scripts\analyse\Telemark\Python\token.env
GITHUB_TOKEN loaded successfully.
All tasks completed successfully.
Saved file to D:\Scripts\analyse\Telemark\Python\Temp\klimagassutslipp_telemark.csv
Failed to download file: Data/04_Klima og ressursforvaltning/Klimagassutslipp/klimagassutslipp_telemark.csv, Status Code: 401
[2025-03-21 08:09:22] Uploading new file: klimagassutslipp_telemark.csv
Failed to check file on GitHub: {'message': 'Bad credentials', 'documentation_url': 'https://docs.github.com/rest', 'status': '401'}
Email notifications disabled. Updates for klimagassutslipp_telemark.csv were not sent.
Keeping CSV file: D:\Scripts\analyse\Telemark\Python\Temp\klimagassutslipp_telemark.csv
Saved file to D:\Scripts\analyse\Telemark\Python\Temp\klimagassutslipp_donut.csv
Failed to download file: Data/04_Klima og ressursforvaltning/Klimagassutslipp/klimagassutslipp_donut.csv, Status Code: 401
[2025-03-21 08:09:22] Uploading new file: klimagassutslipp_donut.csv
Failed to check file on GitHub: {'message': 'Bad credentials', 'documentation_url': 'https://docs.github.com/rest', 'status': '401'}
Email notifications disabled. Updates for klimagassutslipp_donut.csv were not sent.
Keeping CSV file: D:\Scripts\analyse\Telemark\Python\Temp\klimagassutslipp_donut.csv
Saved file to D:\Scripts\analyse\Telemark\Python\Temp\klimagassutslipp_endring.csv
Failed to download file: Data/04_Klima og ressursforvaltning/Klimagassutslipp/klimagassutslipp_endring.csv, Status Code: 401
[2025-03-21 08:09:23] Uploading new file: klimagassutslipp_endring.csv
Failed to check file on GitHub: {'message': 'Bad credentials', 'documentation_url': 'https://docs.github.com/rest', 'status': '401'}
Email notifications disabled. Updates for klimagassutslipp_endring.csv were not sent.
Keeping CSV file: D:\Scripts\analyse\Telemark\Python\Temp\klimagassutslipp_endring.csv
New data detected in klimagassutslipp_telemark.csv and pushed to GitHub.
New data detected in klimagassutslipp_donut.csv and pushed to GitHub.
New data detected in klimagassutslipp_endring.csv and pushed to GitHub.
New data status log written to D:\Scripts\analyse\Telemark\Python\Log\new_data_status_Klima_og_energi_-_Sektorvise_utslipp.log

