Loaded .env file from: C:\Users\eve1509\OneDrive - Telemark fylkeskommune\Github\Telemark\Python\token.env

X_FUNCTIONS_KEY loaded successfully.

Loaded .env file from: C:\Users\eve1509\OneDrive - Telemark fylkeskommune\Github\Telemark\Python\token.env

GITHUB_TOKEN loaded successfully.

Request error in Antall 2024 - NÅ: 400 Client Error: Bad Request for url: https://data.ssb.no/api/v0/no/table/09429/

Query failed for years up to 2026. Retrying with years up to 2025.

NOTE: This error is perfectly normal - data for 2026 is not yet available in SSB. The script will continue with data up to 2025.

Antall 2024 - NÅ JSON-stat data loaded successfully.

Successfully fetched data for years: ['2024', '2025']

Antall 2020 - 2023 JSON-stat data loaded successfully.

Antall 2004 - 2019 JSON-stat data loaded successfully.

Request error in Andel 2024 - NÅ: 400 Client Error: Bad Request for url: https://data.ssb.no/api/v0/no/table/09429/

Query failed for years up to 2026. Retrying with years up to 2025.

NOTE: This error is perfectly normal - data for 2026 is not yet available in SSB. The script will continue with data up to 2025.

Andel 2024 - NÅ JSON-stat data loaded successfully.

Successfully fetched data for years: ['2024', '2025']



Høyere utdanning (kort eller lang) per region for 2025:

      Kommune  Høyere utdanning, kort eller lang

Midt-Telemark                               35.5

    Porsgrunn                               33.3

        Skien                               32.5

    Kviteseid                               31.0

        Vinje                               30.6

     Notodden                               30.1

     Fyresdal                               29.5

        Tokke                               29.3

      Kragerø                               29.1

      Seljord                               29.1

       Siljan                               28.8

     Nissedal                               27.5

         Nome                               27.4

       Bamble                               26.8

         Tinn                               25.2

     Hjartdal                               25.2

    Drangedal                               22.3

Andel 2020 - 2023 JSON-stat data loaded successfully.

Andel 2004 - 2019 JSON-stat data loaded successfully.



Direct comparison:

Local df shape: (14040, 6)

GitHub df shape: (14040, 6)

Local df dtypes:

Kommune           object

Utdanningsnivå    object

Kjønn             object

Variabel          object

År                object

Verdi             object

dtype: object

GitHub df dtypes:

Kommune           object

Utdanningsnivå    object

Kjønn             object

Variabel          object

År                object

Verdi             object

dtype: object

DataFrames equal: False

Column 'Kommune' equal: True

Column 'Utdanningsnivå' equal: True

Column 'Kjønn' equal: True

Column 'Variabel' equal: True

Column 'År' equal: True

Column 'Verdi' equal: False

  First difference at index 5: '169.0' vs '170.0'

Saved file to C:\Users\eve1509\OneDrive - Telemark fylkeskommune\Github\Telemark\Python\Temp\utdanningsnivaa.csv

[2026-07-03 09:42:50] Changes detected in the dataset.



[2026-07-03 09:42:50] Dataset is large. Showing detailed changes from the last 200 rows only.

File uploaded successfully: Data/02_Opplæring og kompetanse/Utdanningsnivå/utdanningsnivaa.csv



No changes found in the last 200 rows, but changes exist elsewhere in the dataset.

Email notifications disabled. Updates for utdanningsnivaa.csv were not sent.

Keeping CSV file: C:\Users\eve1509\OneDrive - Telemark fylkeskommune\Github\Telemark\Python\Temp\utdanningsnivaa.csv

New data detected and pushed to GitHub.

New data status log written to C:\Users\eve1509\OneDrive - Telemark fylkeskommune\Github\Telemark\Python\Log\new_data_status_Opplaering_og_kompetanse_-_Utdanningsnivaa.log

Antall Telemark siste år JSON-stat data loaded successfully.

Antall alle fylker siste år JSON-stat data loaded successfully.



Utdanningsnivå fordeling for Telemark, 2025:

Total antall personer: 149,622



Fordeling per utdanningsnivå:

                                   nivå  antall  prosent

                 Videregående skolenivå   59205    39.57

                         Grunnskolenivå   37676    25.18

    Universitets- og høgskolenivå, kort   34632    23.15

    Universitets- og høgskolenivå, lang   11815     7.90

                           Fagskolenivå    5603     3.74

Uoppgitt eller ingen fullført utdanning     691     0.46



Andel personer i Telemark med høyere utdanning (kort eller lang): 31.0 %



Andel personer i landet utenom Oslo som har høyere utdanning (kort eller lang) er 35.5 %


