Loaded .env file from: C:\Users\eve1509\OneDrive - Telemark fylkeskommune\Github\Telemark\Python\token.env

X_FUNCTIONS_KEY loaded successfully.

Loaded .env file from: C:\Users\eve1509\OneDrive - Telemark fylkeskommune\Github\Telemark\Python\token.env

GITHUB_TOKEN loaded successfully.

Telemark JSON-stat data loaded successfully.

     region                                 nivå  ...    år value

0  Telemark                       Grunnskolenivå  ...  2025  25.2

1  Telemark               Videregående skolenivå  ...  2025  39.6

2  Telemark                         Fagskolenivå  ...  2025   3.7

3  Telemark  Universitets- og høgskolenivå, kort  ...  2025  23.1

4  Telemark  Universitets- og høgskolenivå, lang  ...  2025   7.9



[5 rows x 6 columns]

Hele landet JSON-stat data loaded successfully.

        region                                 nivå  ...    år value

0  Hele landet                       Grunnskolenivå  ...  2025  22.7

1  Hele landet               Videregående skolenivå  ...  2025  35.1

2  Hele landet                         Fagskolenivå  ...  2025   3.4

3  Hele landet  Universitets- og høgskolenivå, kort  ...  2025  25.3

4  Hele landet  Universitets- og høgskolenivå, lang  ...  2025  13.0



[5 rows x 6 columns]

Hele landet uten Oslo JSON-stat data loaded successfully.

                              region  ...   value

0                            Østfold  ...   73388

1                            Østfold  ...  100541

2                            Østfold  ...    8609

3                            Østfold  ...   60241

4                            Østfold  ...   20275

..                               ...  ...     ...

65  Finnmark - Finnmárku - Finmarkku  ...   17936

66  Finnmark - Finnmárku - Finmarkku  ...   22546

67  Finnmark - Finnmárku - Finmarkku  ...    2442

68  Finnmark - Finnmárku - Finmarkku  ...   14637

69  Finnmark - Finnmárku - Finmarkku  ...    5312



[70 rows x 6 columns]



Processed df_landet_uten_oslo:

                    region                                 nivå  ...    år value

0  Hele landet utenom Oslo                         Fagskolenivå  ...  2025   3.6

1  Hele landet utenom Oslo                       Grunnskolenivå  ...  2025  23.5

2  Hele landet utenom Oslo  Universitets- og høgskolenivå, kort  ...  2025  24.6

3  Hele landet utenom Oslo  Universitets- og høgskolenivå, lang  ...  2025  11.1

4  Hele landet utenom Oslo               Videregående skolenivå  ...  2025  37.2



[5 rows x 6 columns]



Final processed dataframes:



df_telemark_final:

     region                                 nivå  Andel (2025)

0  Telemark                       Grunnskolenivå          25.2

1  Telemark               Videregående skolenivå          39.6

2  Telemark                         Fagskolenivå           3.7

3  Telemark  Universitets- og høgskolenivå, kort          23.1

4  Telemark  Universitets- og høgskolenivå, lang           7.9



df_landet_final:

        region                                 nivå  Andel (2025)

0  Hele landet                       Grunnskolenivå          22.7

1  Hele landet               Videregående skolenivå          35.1

2  Hele landet                         Fagskolenivå           3.4

3  Hele landet  Universitets- og høgskolenivå, kort          25.3

4  Hele landet  Universitets- og høgskolenivå, lang          13.0



df_landet_uten_oslo_final:

                    region                                 nivå  Andel (2025)

0  Hele landet utenom Oslo                         Fagskolenivå           3.6

1  Hele landet utenom Oslo                       Grunnskolenivå          23.5

2  Hele landet utenom Oslo  Universitets- og høgskolenivå, kort          24.6

3  Hele landet utenom Oslo  Universitets- og høgskolenivå, lang          11.1

4  Hele landet utenom Oslo               Videregående skolenivå          37.2



Final transformed dataframe:

       Utdanningsnivå  Telemark  Hele landet  Hele landet utenom Oslo

0          Grunnskole      25.2         22.7                     23.5

1  Videregående skole      39.6         35.1                     37.2

2            Fagskole       3.7          3.4                      3.6

3    Høyere utdanning      31.0         38.3                     35.7

Saved file to C:\Users\eve1509\OneDrive - Telemark fylkeskommune\Github\Telemark\Python\Temp\utdanningsniva_telemark_og_landet.csv

[2026-07-03 09:43:04] Changes detected in the dataset.

File uploaded successfully: Data/02_Opplæring og kompetanse/Utdanningsnivå/utdanningsniva_telemark_og_landet.csv



Showing up to 5 examples of changes:



Row: 

  Hele landet: 23.1 -> 22.7



Row: 

  Hele landet utenom Oslo: 23.9 -> 23.5



Row: 

  Telemark: 25.7 -> 25.2



Row: 

  Hele landet: 34.8 -> 35.1



Row: 

  Hele landet utenom Oslo: 36.8 -> 37.2



Total changes found in examined rows: 8

(Showing first 5 changes only)

Email notifications disabled. Updates for utdanningsniva_telemark_og_landet.csv were not sent.

Keeping CSV file: C:\Users\eve1509\OneDrive - Telemark fylkeskommune\Github\Telemark\Python\Temp\utdanningsniva_telemark_og_landet.csv

New data detected and pushed to GitHub.

New data status log written to C:\Users\eve1509\OneDrive - Telemark fylkeskommune\Github\Telemark\Python\Log\new_data_status_Opplaering_og_kompetanse_-_Utdanningsnivaa_Telemark_og_landet.log


