Loaded .env file from: D:\Scripts\analyse\Telemark\Python\token.env
X_FUNCTIONS_KEY loaded successfully.
Loaded .env file from: D:\Scripts\analyse\Telemark\Python\token.env
GITHUB_TOKEN loaded successfully.
Sysselsatte i næringer, Telemark, kun siste år JSON-stat data loaded successfully.
Sysselsatte i næringer, Telemark JSON-stat data loaded successfully.
Saved file to D:\Scripts\analyse\Telemark\Python\Temp\ansatte_i_naringer_fliser.csv
[2026-02-26 08:07:42] Row count changed: 2601 -> 2890

Added rows (showing up to 10):
nring (SN2007): Jordbruk, skogbruk og fiske, region: Porsgrunn, statistikkvariabel: Sysselsatte personer etter arbeidssted, value: 72, r: 2025
nring (SN2007): Bergverksdrift og utvinning, region: Porsgrunn, statistikkvariabel: Sysselsatte personer etter arbeidssted, value: 88, r: 2025
nring (SN2007): Industri, region: Porsgrunn, statistikkvariabel: Sysselsatte personer etter arbeidssted, value: 2944, r: 2025
nring (SN2007): Elektrisitet, vann og renovasjon, region: Porsgrunn, statistikkvariabel: Sysselsatte personer etter arbeidssted, value: 849, r: 2025
nring (SN2007): Bygge- og anleggsvirksomhet, region: Porsgrunn, statistikkvariabel: Sysselsatte personer etter arbeidssted, value: 1359, r: 2025
nring (SN2007): Varehandel, reparasjon av motorvogner, region: Porsgrunn, statistikkvariabel: Sysselsatte personer etter arbeidssted, value: 2155, r: 2025
nring (SN2007): Transport og lagring, region: Porsgrunn, statistikkvariabel: Sysselsatte personer etter arbeidssted, value: 595, r: 2025
nring (SN2007): Overnattings- og serveringsvirksomhet, region: Porsgrunn, statistikkvariabel: Sysselsatte personer etter arbeidssted, value: 476, r: 2025
nring (SN2007): Informasjon og kommunikasjon, region: Porsgrunn, statistikkvariabel: Sysselsatte personer etter arbeidssted, value: 705, r: 2025
nring (SN2007): Finansiering og forsikring, region: Porsgrunn, statistikkvariabel: Sysselsatte personer etter arbeidssted, value: 248, r: 2025
... and 279 more rows
File uploaded successfully: Data/03_Arbeid og næringsliv/02_Næringsliv/Næringsstruktur og arbeidsplasser/ansatte_i_naringer_fliser.csv
Email notifications disabled. Updates for ansatte_i_naringer_fliser.csv were not sent.
Keeping CSV file: D:\Scripts\analyse\Telemark\Python\Temp\ansatte_i_naringer_fliser.csv
New data detected and pushed to GitHub.
New data status log written to D:\Scripts\analyse\Telemark\Python\Log\new_data_status_Arbeid_og_naeringsliv_-_Sysselsatte_(fliser).log

