Loaded .env file from: D:\Scripts\analyse\Telemark\Python\token.env
X_FUNCTIONS_KEY loaded successfully.
Loaded .env file from: D:\Scripts\analyse\Telemark\Python\token.env
GITHUB_TOKEN loaded successfully.

Requesting 28 fields from API...
Fields: firfirmaid,stfstatusfirmaid,orfkode,firorgnr,firorgnrknytning,konsernopporgnr,konsernoppnavn,konserntopporgnr,firfirmanavn1,fylfylkenavn,fylkesnavn,kommune_id,firkommnr,kommunenavn,knrkommnavn,firanta...
Count API response: {'count': 60368}
Total records to fetch: 60,368

First few rows with coordinates:
                                        Bedriftsnavn  ...  Longitude (WGS84)
0                                    Ah-Transport AS  ...           9.507542
1  Venneforeininga for Bevaring av Dynjanfoss TГѓВёm...  ...           8.523216
2  Venneforeininga for Bevaring av Dynjanfoss TГѓВёm...  ...           8.523216
3                  Rokken & Veven Linnea Bang-Madsen  ...           8.605935
4                Kreativt Uttrykk - ГѓвЂ¦shild Halvorsen  ...           8.134596

[5 rows x 5 columns]

Sample of establishment dates before conversion:
0    1773187200000
1    1777852800000
2    1773446400000
3    1777852800000
4    1777852800000
Name: Dato for etablering, dtype: int64

Sample of establishment dates after conversion:
0   2026-03-11
1   2026-05-04
2   2026-03-14
3   2026-05-04
4   2026-05-04
Name: Dato for etablering, dtype: datetime64[ns]

Sample of load dates after conversion:
0   2026-05-11 17:24:37
1   2026-05-11 17:24:37
2   2026-05-11 17:24:37
3   2026-05-11 17:24:37
4   2026-05-11 17:24:37
Name: load_date, dtype: datetime64[ns]
ГўЕ“вЂњ Removed 0 duplicate rows
  Final dataset: 60,368 unique records

================================================================================
APPLYING SQL FILTERS FOR FILTERED DATASET
================================================================================

Applying SQL filter (firorgnr NOT IN firorgnrknytning)
(Removes parent organizations, keeping only lowest level entities)
  Unique parent organization numbers: 24,022
  Organizations to be removed (parents): 23,155
  Records before SQL filter: 60,368
  Records after SQL filter: 37,213
  Records removed: 23,155

================================================================================
FILTERED DATA SUMMARY
================================================================================

Original dataset:
  Total records: 60,368
  Total employees: 191,591

Filtered dataset (after SQL filtering):
  Total enterprises: 37,213
  Records removed: 23,155 (38.4%)

Enterprises by employee count:
  Enterprises with 0 or missing employees: 33,447
  Enterprises with 1 employee: 45
  Enterprises with 2-4 employees: 0
  Enterprises with 5 or more employees: 3,721
  Enterprises with 1 or more employees: 3,766

Employee statistics:
  Total employees: 92,368
  Employees in enterprises with employees: 92,368
  Employees in enterprises with 5+ employees: 92,323

================================================================================
PREPARING FILTERED OUTPUT
================================================================================
ГўЕ“вЂњ Renamed columns for filtered output:
  'Bedriftsnavn' ГўвЂ вЂ™ 'Navn'
  'firorgnr' ГўвЂ вЂ™ 'Org. nr.'
  'firorgnrknytning' ГўвЂ вЂ™ 'Overordnet enhet'
ГўЕ“вЂњ Reordered columns and cleaned 'Overordnet enhet'

================================================================================
SAVING FILTERED DATASET
================================================================================
Saved file to D:\Scripts\analyse\Telemark\Python\Temp\geodata_sql_filtrerte_virksomheter.csv
[2026-05-18 02:16:25] Changes detected in the dataset.

[2026-05-18 02:16:25] Dataset is large. Showing detailed changes from the last 200 rows only.
File uploaded successfully: Data/03_Arbeid og nГѓВ¦ringsliv/02_NГѓВ¦ringsliv/Virksomheter/geodata_sql_filtrerte_virksomheter.csv

No changes found in the last 200 rows, but changes exist elsewhere in the dataset.
Email notifications disabled. Updates for geodata_sql_filtrerte_virksomheter.csv were not sent.
Keeping CSV file: D:\Scripts\analyse\Telemark\Python\Temp\geodata_sql_filtrerte_virksomheter.csv
  ГўЕ“вЂњ New filtered data detected and pushed to GitHub.
  ГўЕ“вЂњ Status log: D:\Scripts\analyse\Telemark\Python\Log\new_data_status_Arbeid_og_naeringsliv_-_Geodata_bedrifter_filtrert.log

================================================================================
PROCESSING COMPLETE
================================================================================
Filtered dataset saved: geodata_sql_filtrerte_virksomheter.csv (37,213 records)


Errors/Warnings:

Fetching records:   0%|          | 0/60368 [00:00<?, ?it/s]
Fetching records:   2%|ГўвЂ“\ufffd         | 1000/60368 [00:01<01:13, 810.07it/s]
Fetching records:   3%|ГўвЂ“ЕЅ         | 2000/60368 [00:02<00:59, 977.50it/s]
Fetching records:   5%|ГўвЂ“\ufffd         | 3000/60368 [00:03<01:09, 824.90it/s]
Fetching records:   7%|ГўвЂ“вЂ№         | 4000/60368 [00:05<01:32, 609.47it/s]
Fetching records:   8%|ГўвЂ“Е          | 5000/60368 [00:07<01:29, 617.98it/s]
Fetching records:  10%|ГўвЂ“вЂ°         | 6000/60368 [00:09<01:29, 605.85it/s]
Fetching records:  12%|ГўвЂ“Л†ГўвЂ“\ufffd        | 7000/60368 [00:11<01:33, 569.40it/s]
Fetching records:  13%|ГўвЂ“Л†ГўвЂ“ЕЅ        | 8000/60368 [00:13<01:38, 530.90it/s]
Fetching records:  15%|ГўвЂ“Л†ГўвЂ“\ufffd        | 9000/60368 [00:16<01:57, 436.31it/s]
Fetching records:  17%|ГўвЂ“Л†ГўвЂ“вЂ№        | 10000/60368 [00:19<02:00, 418.42it/s]
Fetching records:  18%|ГўвЂ“Л†ГўвЂ“Е         | 11000/60368 [00:22<02:08, 384.49it/s]
Fetching records:  20%|ГўвЂ“Л†ГўвЂ“вЂ°        | 12000/60368 [00:25<02:16, 354.45it/s]
Fetching records:  22%|ГўвЂ“Л†ГўвЂ“Л†ГўвЂ“\ufffd       | 13000/60368 [00:29<02:24, 327.70it/s]
Fetching records:  23%|ГўвЂ“Л†ГўвЂ“Л†ГўвЂ“ЕЅ       | 14000/60368 [00:32<02:27, 314.22it/s]
Fetching records:  25%|ГўвЂ“Л†ГўвЂ“Л†ГўвЂ“\ufffd       | 15000/60368 [00:36<02:36, 290.00it/s]
Fetching records:  27%|ГўвЂ“Л†ГўвЂ“Л†ГўвЂ“вЂ№       | 16000/60368 [00:40<02:42, 272.54it/s]
Fetching records:  28%|ГўвЂ“Л†ГўвЂ“Л†ГўвЂ“Е        | 17000/60368 [00:45<02:48, 257.20it/s]
Fetching records:  30%|ГўвЂ“Л†ГўвЂ“Л†ГўвЂ“вЂ°       | 18000/60368 [00:49<02:49, 249.32it/s]
Fetching records:  31%|ГўвЂ“Л†ГўвЂ“Л†ГўвЂ“Л†ГўвЂ“\ufffd      | 19000/60368 [00:54<03:00, 229.61it/s]
Fetching records:  33%|ГўвЂ“Л†ГўвЂ“Л†ГўвЂ“Л†ГўвЂ“ЕЅ      | 20000/60368 [00:58<02:50, 236.61it/s]
Fetching records:  35%|ГўвЂ“Л†ГўвЂ“Л†ГўвЂ“Л†ГўвЂ“\ufffd      | 21000/60368 [01:04<03:05, 212.24it/s]
Fetching records:  36%|ГўвЂ“Л†ГўвЂ“Л†ГўвЂ“Л†ГўвЂ“вЂ№      | 22000/60368 [01:09<03:09, 202.10it/s]
Fetching records:  38%|ГўвЂ“Л†ГўвЂ“Л†ГўвЂ“Л†ГўвЂ“Е       | 23000/60368 [01:15<03:11, 195.37it/s]
Fetching records:  40%|ГўвЂ“Л†ГўвЂ“Л†ГўвЂ“Л†ГўвЂ“вЂ°      | 24000/60368 [01:19<02:57, 205.44it/s]
Fetching records:  41%|ГўвЂ“Л†ГўвЂ“Л†ГўвЂ“Л†ГўвЂ“Л†ГўвЂ“\ufffd     | 25000/60368 [01:25<02:58, 198.09it/s]
Fetching records:  43%|ГўвЂ“Л†ГўвЂ“Л†ГўвЂ“Л†ГўвЂ“Л†ГўвЂ“ЕЅ     | 26000/60368 [01:32<03:19, 172.05it/s]
Fetching records:  45%|ГўвЂ“Л†ГўвЂ“Л†ГўвЂ“Л†ГўвЂ“Л†ГўвЂ“\ufffd     | 27000/60368 [01:40<03:37, 153.45it/s]
Fetching records:  46%|ГўвЂ“Л†ГўвЂ“Л†ГўвЂ“Л†ГўвЂ“Л†ГўвЂ“вЂ№     | 28000/60368 [01:46<03:26, 156.97it/s]
Fetching records:  48%|ГўвЂ“Л†ГўвЂ“Л†ГўвЂ“Л†ГўвЂ“Л†ГўвЂ“Е      | 29000/60368 [01:53<03:24, 153.10it/s]
Fetching records:  50%|ГўвЂ“Л†ГўвЂ“Л†ГўвЂ“Л†ГўвЂ“Л†ГўвЂ“вЂ°     | 30000/60368 [02:01<03:26, 147.38it/s]
Fetching records:  51%|ГўвЂ“Л†ГўвЂ“Л†ГўвЂ“Л†ГўвЂ“Л†ГўвЂ“Л†ГўвЂ“\ufffd    | 31000/60368 [02:08<03:23, 144.30it/s]
Fetching records:  53%|ГўвЂ“Л†ГўвЂ“Л†ГўвЂ“Л†ГўвЂ“Л†ГўвЂ“Л†ГўвЂ“ЕЅ    | 32000/60368 [02:15<03:17, 143.38it/s]
Fetching records:  55%|ГўвЂ“Л†ГўвЂ“Л†ГўвЂ“Л†ГўвЂ“Л†ГўвЂ“Л†ГўвЂ“\ufffd    | 33000/60368 [02:24<03:27, 131.88it/s]
Fetching records:  56%|ГўвЂ“Л†ГўвЂ“Л†ГўвЂ“Л†ГўвЂ“Л†ГўвЂ“Л†ГўвЂ“вЂ№    | 34000/60368 [02:32<03:25, 128.40it/s]
Fetching records:  58%|ГўвЂ“Л†ГўвЂ“Л†ГўвЂ“Л†ГўвЂ“Л†ГўвЂ“Л†ГўвЂ“Е     | 35000/60368 [02:40<03:15, 129.85it/s]
Fetching records:  60%|ГўвЂ“Л†ГўвЂ“Л†ГўвЂ“Л†ГўвЂ“Л†ГўвЂ“Л†ГўвЂ“вЂ°    | 36000/60368 [02:48<03:14, 125.46it/s]
Fetching records:  61%|ГўвЂ“Л†ГўвЂ“Л†ГўвЂ“Л†ГўвЂ“Л†ГўвЂ“Л†ГўвЂ“Л†ГўвЂ“\ufffd   | 37000/60368 [02:57<03:13, 120.58it/s]
Fetching records:  63%|ГўвЂ“Л†ГўвЂ“Л†ГўвЂ“Л†ГўвЂ“Л†ГўвЂ“Л†ГўвЂ“Л†ГўвЂ“ЕЅ   | 38000/60368 [03:06<03:09, 117.93it/s]
Fetching records:  65%|ГўвЂ“Л†ГўвЂ“Л†ГўвЂ“Л†ГўвЂ“Л†ГўвЂ“Л†ГўвЂ“Л†ГўвЂ“\ufffd   | 39000/60368 [03:16<03:05, 115.18it/s]
Fetching records:  66%|ГўвЂ“Л†ГўвЂ“Л†ГўвЂ“Л†ГўвЂ“Л†ГўвЂ“Л†ГўвЂ“Л†ГўвЂ“вЂ№   | 40000/60368 [03:25<03:03, 111.25it/s]
Fetching records:  68%|ГўвЂ“Л†ГўвЂ“Л†ГўвЂ“Л†ГўвЂ“Л†ГўвЂ“Л†ГўвЂ“Л†ГўвЂ“Е    | 41000/60368 [03:32<02:40, 120.57it/s]
Fetching records:  70%|ГўвЂ“Л†ГўвЂ“Л†ГўвЂ“Л†ГўвЂ“Л†ГўвЂ“Л†ГўвЂ“Л†ГўвЂ“вЂ°   | 42000/60368 [03:42<02:40, 114.26it/s]
Fetching records:  71%|ГўвЂ“Л†ГўвЂ“Л†ГўвЂ“Л†ГўвЂ“Л†ГўвЂ“Л†ГўвЂ“Л†ГўвЂ“Л†   | 43000/60368 [03:51<02:32, 113.62it/s]
Fetching records:  73%|ГўвЂ“Л†ГўвЂ“Л†ГўвЂ“Л†ГўвЂ“Л†ГўвЂ“Л†ГўвЂ“Л†ГўвЂ“Л†ГўвЂ“ЕЅ  | 44000/60368 [04:01<02:32, 107.39it/s]
Fetching records:  75%|ГўвЂ“Л†ГўвЂ“Л†ГўвЂ“Л†ГўвЂ“Л†ГўвЂ“Л†ГўвЂ“Л†ГўвЂ“Л†ГўвЂ“\ufffd  | 45000/60368 [04:15<02:42, 94.72it/s] 
Fetching records:  76%|ГўвЂ“Л†ГўвЂ“Л†ГўвЂ“Л†ГўвЂ“Л†ГўвЂ“Л†ГўвЂ“Л†ГўвЂ“Л†ГўвЂ“Е’  | 46000/60368 [04:26<02:36, 91.89it/s]
Fetching records:  78%|ГўвЂ“Л†ГўвЂ“Л†ГўвЂ“Л†ГўвЂ“Л†ГўвЂ“Л†ГўвЂ“Л†ГўвЂ“Л†ГўвЂ“Е   | 47000/60368 [04:37<02:26, 91.13it/s]
Fetching records:  80%|ГўвЂ“Л†ГўвЂ“Л†ГўвЂ“Л†ГўвЂ“Л†ГўвЂ“Л†ГўвЂ“Л†ГўвЂ“Л†ГўвЂ“вЂ°  | 48000/60368 [04:48<02:15, 91.07it/s]
Fetching records:  81%|ГўвЂ“Л†ГўвЂ“Л†ГўвЂ“Л†ГўвЂ“Л†ГўвЂ“Л†ГўвЂ“Л†ГўвЂ“Л†ГўвЂ“Л†  | 49000/60368 [04:59<02:04, 91.02it/s]
Fetching records:  81%|ГўвЂ“Л†ГўвЂ“Л†ГўвЂ“Л†ГўвЂ“Л†ГўвЂ“Л†ГўвЂ“Л†ГўвЂ“Л†ГўвЂ“Л†  | 49000/60368 [05:10<02:04, 91.02it/s]
Fetching records:  83%|ГўвЂ“Л†ГўвЂ“Л†ГўвЂ“Л†ГўвЂ“Л†ГўвЂ“Л†ГўвЂ“Л†ГўвЂ“Л†ГўвЂ“Л†ГўвЂ“ЕЅ | 50000/60368 [05:12<01:57, 88.41it/s]
Fetching records:  84%|ГўвЂ“Л†ГўвЂ“Л†ГўвЂ“Л†ГўвЂ“Л†ГўвЂ“Л†ГўвЂ“Л†ГўвЂ“Л†ГўвЂ“Л†ГўвЂ“\ufffd | 51000/60368 [05:22<01:43, 90.57it/s]
Fetching records:  84%|ГўвЂ“Л†ГўвЂ“Л†ГўвЂ“Л†ГўвЂ“Л†ГўвЂ“Л†ГўвЂ“Л†ГўвЂ“Л†ГўвЂ“Л†ГўвЂ“\ufffd | 51000/60368 [05:40<01:43, 90.57it/s]
Fetching records:  86%|ГўвЂ“Л†ГўвЂ“Л†ГўвЂ“Л†ГўвЂ“Л†ГўвЂ“Л†ГўвЂ“Л†ГўвЂ“Л†ГўвЂ“Л†ГўвЂ“Е’ | 52000/60368 [05:40<01:49, 76.37it/s]
Fetching records:  88%|ГўвЂ“Л†ГўвЂ“Л†ГўвЂ“Л†ГўвЂ“Л†ГўвЂ“Л†ГўвЂ“Л†ГўвЂ“Л†ГўвЂ“Л†ГўвЂ“Е  | 53000/60368 [05:55<01:41, 72.70it/s]
Fetching records:  89%|ГўвЂ“Л†ГўвЂ“Л†ГўвЂ“Л†ГўвЂ“Л†ГўвЂ“Л†ГўвЂ“Л†ГўвЂ“Л†ГўвЂ“Л†ГўвЂ“вЂ° | 54000/60368 [06:06<01:22, 76.76it/s]
Fetching records:  89%|ГўвЂ“Л†ГўвЂ“Л†ГўвЂ“Л†ГўвЂ“Л†ГўвЂ“Л†ГўвЂ“Л†ГўвЂ“Л†ГўвЂ“Л†ГўвЂ“вЂ° | 54000/60368 [06:20<01:22, 76.76it/s]
Fetching records:  91%|ГўвЂ“Л†ГўвЂ“Л†ГўвЂ“Л†ГўвЂ“Л†ГўвЂ“Л†ГўвЂ“Л†ГўвЂ“Л†ГўвЂ“Л†ГўвЂ“Л† | 55000/60368 [06:20<01:10, 76.09it/s]
Fetching records:  93%|ГўвЂ“Л†ГўвЂ“Л†ГўвЂ“Л†ГўвЂ“Л†ГўвЂ“Л†ГўвЂ“Л†ГўвЂ“Л†ГўвЂ“Л†ГўвЂ“Л†ГўвЂ“ЕЅ| 56000/60368 [06:33<00:56, 76.77it/s]
Fetching records:  94%|ГўвЂ“Л†ГўвЂ“Л†ГўвЂ“Л†ГўвЂ“Л†ГўвЂ“Л†ГўвЂ“Л†ГўвЂ“Л†ГўвЂ“Л†ГўвЂ“Л†ГўвЂ“\ufffd| 57000/60368 [06:45<00:43, 77.32it/s]
Fetching records:  96%|ГўвЂ“Л†ГўвЂ“Л†ГўвЂ“Л†ГўвЂ“Л†ГўвЂ“Л†ГўвЂ“Л†ГўвЂ“Л†ГўвЂ“Л†ГўвЂ“Л†ГўвЂ“Е’| 58000/60368 [06:59<00:31, 76.23it/s]
Fetching records:  96%|ГўвЂ“Л†ГўвЂ“Л†ГўвЂ“Л†ГўвЂ“Л†ГўвЂ“Л†ГўвЂ“Л†ГўвЂ“Л†ГўвЂ“Л†ГўвЂ“Л†ГўвЂ“Е’| 58000/60368 [07:10<00:31, 76.23it/s]
Fetching records:  98%|ГўвЂ“Л†ГўвЂ“Л†ГўвЂ“Л†ГўвЂ“Л†ГўвЂ“Л†ГўвЂ“Л†ГўвЂ“Л†ГўвЂ“Л†ГўвЂ“Л†ГўвЂ“Е | 59000/60368 [07:12<00:17, 76.86it/s]
Fetching records:  99%|ГўвЂ“Л†ГўвЂ“Л†ГўвЂ“Л†ГўвЂ“Л†ГўвЂ“Л†ГўвЂ“Л†ГўвЂ“Л†ГўвЂ“Л†ГўвЂ“Л†ГўвЂ“вЂ°| 60000/60368 [07:26<00:04, 74.05it/s]
Fetching records:  99%|ГўвЂ“Л†ГўвЂ“Л†ГўвЂ“Л†ГўвЂ“Л†ГўвЂ“Л†ГўвЂ“Л†ГўвЂ“Л†ГўвЂ“Л†ГўвЂ“Л†ГўвЂ“вЂ°| 60000/60368 [07:40<00:04, 74.05it/s]
Fetching records: 100%|ГўвЂ“Л†ГўвЂ“Л†ГўвЂ“Л†ГўвЂ“Л†ГўвЂ“Л†ГўвЂ“Л†ГўвЂ“Л†ГўвЂ“Л†ГўвЂ“Л†ГўвЂ“Л†| 60368/60368 [07:45<00:00, 54.25it/s]
Fetching records: 100%|ГўвЂ“Л†ГўвЂ“Л†ГўвЂ“Л†ГўвЂ“Л†ГўвЂ“Л†ГўвЂ“Л†ГўвЂ“Л†ГўвЂ“Л†ГўвЂ“Л†ГўвЂ“Л†| 60368/60368 [07:45<00:00, 129.80it/s]

