Loaded .env file from: D:\Scripts\analyse\Telemark\Python\token.env
X_FUNCTIONS_KEY loaded successfully.
Loaded .env file from: D:\Scripts\analyse\Telemark\Python\token.env
GITHUB_TOKEN loaded successfully.
SSB Klass - Standard for næringsgruppering CSV data loaded successfully.
No exact duplicate rows found.
Found 192 near-duplicate rows with same Nace_5_nr but different Nace_5_navn.

Top 10 near-duplicate rows being removed:
--------------------------------------------------------------------------------
Nace_5_nr: 01.110
Nace_5_navn: Dyrking av korn, unntatt ris, belgvekster og oljeholdige vekster
--------------------------------------------------------------------------------
Nace_5_nr: 01.410
Nace_5_navn: Melkeproduksjon på storfe og oppdrett av melkekyr
--------------------------------------------------------------------------------
Nace_5_nr: 01.420
Nace_5_navn: Oppdrett av annet storfe til kjøttproduksjon og sædproduksjon
--------------------------------------------------------------------------------
Nace_5_nr: 01.430
Nace_5_navn: Hestehold
--------------------------------------------------------------------------------
Nace_5_nr: 01.630
Nace_5_navn: Etterbehandling av vekster etter innhøsting og behandling av såfrø
--------------------------------------------------------------------------------
Nace_5_nr: 01.700
Nace_5_navn: Jakt, fangst, viltstell og tilknyttede tjenester
--------------------------------------------------------------------------------
Nace_5_nr: 03.120
Nace_5_navn: Ferskvannsfiske
--------------------------------------------------------------------------------
Nace_5_nr: 03.211
Nace_5_navn: Produksjon av matfisk, bløtdyr, krepsdyr og pigghuder i hav- og kystbasert akvakultur
--------------------------------------------------------------------------------
Nace_5_nr: 03.212
Nace_5_navn: Produksjon av yngel og settefisk i sjø og brakkvann
--------------------------------------------------------------------------------
Nace_5_nr: 03.221
Nace_5_navn: Produksjon av matfisk, bløtdyr og krepsdyr i ferskvannsbasert akvakultur
--------------------------------------------------------------------------------

Kept first instance of each Nace_5_nr, removed 192 near-duplicates.
Final dataset: 1064 rows with 1064 unique Nace_5_nr values.
✓ Verification passed: All Nace_5_nr values are unique.
Saved file to D:\Scripts\analyse\Telemark\Python\Temp\standard_for_naeringsgruppering.csv
[2026-04-16 08:09:06] Row count changed: 1065 -> 1064

Removed rows (showing up to 10):
Nace_1_navn: Bygge- og anleggsvirksomhet, Nace_1_nr: F, Nace_1_nr_navn: F - Bygge- og anleggsvirksomhet, Nace_2_navn: Spesialisert bygge- og anleggsvirksomhet, Nace_2_nr: 43, Nace_2_nr_navn: 43 Spesialisert bygge- og anleggsvirksomhet, Nace_3_navn: Elektrisk installasjonsarbeid, VVS-arbeid og annet installasjonsarbeid, Nace_3_nr: 43.2, Nace_3_nr_navn: 43.2 Elektrisk installasjonsarbeid, VVS-arbeid og annet installasjonsarbeid, Nace_4_navn: VVS-arbeid, Nace_4_nr: 43.22, Nace_4_nr_navn: 43.22 VVS-arbeid, Nace_5_navn: VVS-arbeid, Nace_5_nr: 43.220, Nace_5_nr_navn: 43.220 VVS-arbeid
Nace_1_navn: Faglig, vitenskapelig og teknisk tjenesteyting, Nace_1_nr: N, Nace_1_nr_navn: N - Faglig, vitenskapelig og teknisk tjenesteyting, Nace_2_navn: Annen forretningsmessig tjenesteyting, Nace_2_nr: 82, Nace_2_nr_navn: 82 Annen forretningsmessig tjenesteyting, Nace_3_navn: Telefonvakttjenester, Nace_3_nr: 82.2, Nace_3_nr_navn: 82.2 Telefonvakttjenester, Nace_4_navn: Telefonvakttjenester og telefonsalg, Nace_4_nr: 82.20, Nace_4_nr_navn: 82.20 Telefonvakttjenester og telefonsalg, Nace_5_navn: Telefonvakttjenester, Nace_5_nr: 82.200, Nace_5_nr_navn: 82.200 Telefonvakttjenester
Nace_1_navn: Faglig, vitenskapelig og teknisk tjenesteyting, Nace_1_nr: N, Nace_1_nr_navn: N - Faglig, vitenskapelig og teknisk tjenesteyting, Nace_2_navn: Annen forretningsmessig tjenesteyting, Nace_2_nr: 82, Nace_2_nr_navn: 82 Annen forretningsmessig tjenesteyting, Nace_3_navn: Telefonvakttjenester, Nace_3_nr: 82.2, Nace_3_nr_navn: 82.2 Telefonvakttjenester, Nace_4_navn: Telefonvakttjenester og telefonsalg, Nace_4_nr: 82.20, Nace_4_nr_navn: 82.20 Telefonvakttjenester og telefonsalg, Nace_5_navn: Telefonvakttjenester, Nace_5_nr: 82.201, Nace_5_nr_navn: 82.201 Telefonvakttjenester
Nace_1_navn: Faglig, vitenskapelig og teknisk tjenesteyting, Nace_1_nr: N, Nace_1_nr_navn: N - Faglig, vitenskapelig og teknisk tjenesteyting, Nace_2_navn: Annen forretningsmessig tjenesteyting, Nace_2_nr: 82, Nace_2_nr_navn: 82 Annen forretningsmessig tjenesteyting, Nace_3_navn: Telefonvakttjenester, Nace_3_nr: 82.2, Nace_3_nr_navn: 82.2 Telefonvakttjenester, Nace_4_navn: Telefonvakttjenester og telefonsalg, Nace_4_nr: 82.20, Nace_4_nr_navn: 82.20 Telefonvakttjenester og telefonsalg, Nace_5_navn: Telefonsalg, Nace_5_nr: 82.202, Nace_5_nr_navn: 82.202 Telefonsalg
File uploaded successfully: Data/03_Arbeid og næringsliv/02_Næringsliv/Virksomheter/Nace-tabell/standard_for_naeringsgruppering.csv
Email notifications disabled. Updates for standard_for_naeringsgruppering.csv were not sent.
Keeping CSV file: D:\Scripts\analyse\Telemark\Python\Temp\standard_for_naeringsgruppering.csv
New data detected and pushed to GitHub.
New data status log written to D:\Scripts\analyse\Telemark\Python\Log\new_data_status_Arbeid_og_naeringsliv_-_Standard_for_naeringsgruppering.log

