Loaded .env file from: D:\Scripts\analyse\Telemark\Python\token.env
X_FUNCTIONS_KEY loaded successfully.
Loaded .env file from: D:\Scripts\analyse\Telemark\Python\token.env
GITHUB_TOKEN loaded successfully.
Sysselsatte, siste år JSON-stat data loaded successfully.
Sysselsatte over tid, fylket JSON-stat data loaded successfully.
Sysselsatte over tid, landet JSON-stat data loaded successfully.

Arbeidsplasser over tid, fylket:
      region                      statistikkvariabel  ...  value            sektor
0   Telemark  Sysselsatte personer etter arbeidssted  ...  29956  Offentlig sektor
1   Telemark  Sysselsatte personer etter arbeidssted  ...  29935  Offentlig sektor
2   Telemark  Sysselsatte personer etter arbeidssted  ...  29784  Offentlig sektor
3   Telemark  Sysselsatte personer etter arbeidssted  ...  29890  Offentlig sektor
4   Telemark  Sysselsatte personer etter arbeidssted  ...  30025  Offentlig sektor
5   Telemark  Sysselsatte personer etter arbeidssted  ...  30049  Offentlig sektor
6   Telemark  Sysselsatte personer etter arbeidssted  ...  30440  Offentlig sektor
7   Telemark  Sysselsatte personer etter arbeidssted  ...  31154  Offentlig sektor
8   Telemark  Sysselsatte personer etter arbeidssted  ...  31590  Offentlig sektor
9   Telemark  Sysselsatte personer etter arbeidssted  ...  31610  Offentlig sektor
10  Telemark  Sysselsatte personer etter arbeidssted  ...  45234     Privat sektor
11  Telemark  Sysselsatte personer etter arbeidssted  ...  45704     Privat sektor
12  Telemark  Sysselsatte personer etter arbeidssted  ...  45968     Privat sektor
13  Telemark  Sysselsatte personer etter arbeidssted  ...  46288     Privat sektor
14  Telemark  Sysselsatte personer etter arbeidssted  ...  45734     Privat sektor
15  Telemark  Sysselsatte personer etter arbeidssted  ...  47045     Privat sektor
16  Telemark  Sysselsatte personer etter arbeidssted  ...  47126     Privat sektor
17  Telemark  Sysselsatte personer etter arbeidssted  ...  47166     Privat sektor
18  Telemark  Sysselsatte personer etter arbeidssted  ...  47256     Privat sektor
19  Telemark  Sysselsatte personer etter arbeidssted  ...  47246     Privat sektor

[20 rows x 5 columns]

Arbeidsplasser over tid, landet:
         region  ...            sektor
0   Hele landet  ...  Offentlig sektor
1   Hele landet  ...  Offentlig sektor
2   Hele landet  ...  Offentlig sektor
3   Hele landet  ...  Offentlig sektor
4   Hele landet  ...  Offentlig sektor
5   Hele landet  ...  Offentlig sektor
6   Hele landet  ...  Offentlig sektor
7   Hele landet  ...  Offentlig sektor
8   Hele landet  ...  Offentlig sektor
9   Hele landet  ...  Offentlig sektor
10  Hele landet  ...     Privat sektor
11  Hele landet  ...     Privat sektor
12  Hele landet  ...     Privat sektor
13  Hele landet  ...     Privat sektor
14  Hele landet  ...     Privat sektor
15  Hele landet  ...     Privat sektor
16  Hele landet  ...     Privat sektor
17  Hele landet  ...     Privat sektor
18  Hele landet  ...     Privat sektor
19  Hele landet  ...     Privat sektor

[20 rows x 5 columns]

Endring i antall arbeidsplasser i fylket fra 2016 til 2025:
Offentlig sektor: 5.5% (29956 -> 31610)
Privat sektor: 4.4% (45234 -> 47246)

Endring i antall arbeidsplasser i landet fra 2016 til 2025:
Offentlig sektor: 9.7% (935235 -> 1026247)
Privat sektor: 10.0% (1678419 -> 1846608)
Sysselsatte, kommuner JSON-stat data loaded successfully.

Antall sysselsatte i 2025: 78856

Fordeling mellom sektorer:
             Sektor  Prosent sysselsatte
0  Offentlig sektor                 40.1
1     Privat sektor                 59.9

Antall sysselsatte per kommune:
          Kommune  Antall sysselsatte (2025)
13          Skien                      27236
10      Porsgrunn                      18409
9        Notodden                       5866
0          Bamble                       5111
6   Midt-Telemark                       4493
4         Kragerø                       3887
14           Tinn                       2606
8            Nome                       2202
16          Vinje                       1843
11        Seljord                       1466
1       Drangedal                       1296
15          Tokke                       1080
5       Kviteseid                       1042
7        Nissedal                        662
3        Hjartdal                        625
2        Fyresdal                        526
12         Siljan                        506
Saved file to D:\Scripts\analyse\Telemark\Python\Temp\offentlige_vs_privat_naringsliv.csv
[2026-02-26 08:07:14] Row count changed: 306 -> 340

Added rows (showing up to 10):
Antall sysselsatte: 1683, Kommune: Bamble, Label: Bamble, sektor: Offentlig sektor, statistikkvariabel: Sysselsatte personer etter arbeidssted, r: 2025
Antall sysselsatte: 3428, Kommune: Bamble, Label: Bamble, sektor: Privat sektor, statistikkvariabel: Sysselsatte personer etter arbeidssted, r: 2025
Antall sysselsatte: 631, Kommune: Drangedal, Label: Drangedal, sektor: Offentlig sektor, statistikkvariabel: Sysselsatte personer etter arbeidssted, r: 2025
Antall sysselsatte: 665, Kommune: Drangedal, Label: Drangedal, sektor: Privat sektor, statistikkvariabel: Sysselsatte personer etter arbeidssted, r: 2025
Antall sysselsatte: 236, Kommune: Fyresdal, Label: Fyresdal, sektor: Offentlig sektor, statistikkvariabel: Sysselsatte personer etter arbeidssted, r: 2025
Antall sysselsatte: 290, Kommune: Fyresdal, Label: Fyresdal, sektor: Privat sektor, statistikkvariabel: Sysselsatte personer etter arbeidssted, r: 2025
Antall sysselsatte: 270, Kommune: Hjartdal, Label: Hjartdal, sektor: Offentlig sektor, statistikkvariabel: Sysselsatte personer etter arbeidssted, r: 2025
Antall sysselsatte: 355, Kommune: Hjartdal, Label: Hjartdal, sektor: Privat sektor, statistikkvariabel: Sysselsatte personer etter arbeidssted, r: 2025
Antall sysselsatte: 1521, Kommune: Kragerø, Label: Kragerø, sektor: Offentlig sektor, statistikkvariabel: Sysselsatte personer etter arbeidssted, r: 2025
Antall sysselsatte: 2366, Kommune: Kragerø, Label: Kragerø, sektor: Privat sektor, statistikkvariabel: Sysselsatte personer etter arbeidssted, r: 2025
... and 24 more rows
File uploaded successfully: Data/03_Arbeid og næringsliv/02_Næringsliv/Næringsstruktur og arbeidsplasser/offentlige_vs_privat_naringsliv.csv
Email notifications disabled. Updates for offentlige_vs_privat_naringsliv.csv were not sent.
Keeping CSV file: D:\Scripts\analyse\Telemark\Python\Temp\offentlige_vs_privat_naringsliv.csv
New data detected and pushed to GitHub.
New data status log written to D:\Scripts\analyse\Telemark\Python\Log\new_data_status_Arbeid_og_naeringsliv_-_Offentlig_vs__privat_naeringsliv.log

