Loaded .env file from: D:\Scripts\analyse\Telemark\Python\token.env
X_FUNCTIONS_KEY loaded successfully.
Loaded .env file from: D:\Scripts\analyse\Telemark\Python\token.env
GITHUB_TOKEN loaded successfully.

Querying Telemark kommuner...
  URL: https://data.ssb.no/api/pxwebapi/v2/tables/07459/data?lang=no&outputFormat=json-stat2&valuecodes[ContentsCode]=*&valueco...
Historiske 07459 - Telemark kommuner JSON-stat data loaded successfully.
  -> Got 4590 rows

Querying Telemark fylke...
  URL: https://data.ssb.no/api/pxwebapi/v2/tables/07459/data?lang=no&outputFormat=json-stat2&valuecodes[ContentsCode]=*&valueco...
Historiske 07459 - Telemark fylke JSON-stat data loaded successfully.
  -> Got 70 rows

Querying Norge...
  URL: https://data.ssb.no/api/pxwebapi/v2/tables/07459/data?lang=no&outputFormat=json-stat2&valuecodes[ContentsCode]=*&valueco...
Historiske 07459 - Norge JSON-stat data loaded successfully.
  -> Got 70 rows

Combined data: 4730 rows
  Columns: ['region', 'alder', 'statistikkvariabel', 'år', 'value']
  Regions: ['Bamble', 'Drangedal', 'Fyresdal', 'Hele landet', 'Hjartdal', 'Kragerø', 'Kviteseid', 'Midt-Telemark', 'Nissedal', 'Nome', 'Notodden', 'Porsgrunn', 'Seljord', 'Siljan', 'Skien', 'Telemark', 'Tinn', 'Tokke', 'Vinje']
      region alder statistikkvariabel    år  value
0  Porsgrunn  0 år           Personer  2000    413
1  Porsgrunn  0 år           Personer  2001    413
2  Porsgrunn  0 år           Personer  2002    365
3  Porsgrunn  0 år           Personer  2003    335
4  Porsgrunn  0 år           Personer  2004    364
Saved file to D:\Scripts\analyse\Telemark\Python\Temp\befolkningsframskrivinger_historiske.csv
[2026-05-08 08:05:27] Row count changed: 5130 -> 4730

Removed rows (showing up to 10):
alder: 0 år, region: Telemark, statistikkvariabel: Personer, value: 1878, r: 2000
alder: 0 år, region: Telemark, statistikkvariabel: Personer, value: 1897, r: 2001
alder: 0 år, region: Telemark, statistikkvariabel: Personer, value: 1856, r: 2002
alder: 0 år, region: Telemark, statistikkvariabel: Personer, value: 1721, r: 2003
alder: 0 år, region: Telemark, statistikkvariabel: Personer, value: 1782, r: 2004
alder: 0 år, region: Telemark, statistikkvariabel: Personer, value: 1725, r: 2005
alder: 0 år, region: Telemark, statistikkvariabel: Personer, value: 1690, r: 2006
alder: 0 år, region: Telemark, statistikkvariabel: Personer, value: 1690, r: 2007
alder: 0 år, region: Telemark, statistikkvariabel: Personer, value: 1716, r: 2008
alder: 0 år, region: Telemark, statistikkvariabel: Personer, value: 1746, r: 2009
... and 390 more rows
File uploaded successfully: Data/01_Befolkning/Befolkningsframskrivinger/befolkningsframskrivinger_historiske.csv
Email notifications disabled. Updates for befolkningsframskrivinger_historiske.csv were not sent.
Keeping CSV file: D:\Scripts\analyse\Telemark\Python\Temp\befolkningsframskrivinger_historiske.csv
New data detected and pushed to GitHub.
New data status log written to D:\Scripts\analyse\Telemark\Python\Log\new_data_status_Befolkning_-_Befolkningsframskrivinger_historiske_07459.log

