Loaded .env file from: D:\Scripts\analyse\Telemark\Python\token.env
X_FUNCTIONS_KEY loaded successfully.
Loaded .env file from: D:\Scripts\analyse\Telemark\Python\token.env
GITHUB_TOKEN loaded successfully.
Found 2 tables matching 'Framskrevet folkemengde'

Most recent regional (K) table:
  Table ID: 14746
  Label: 14746: Framskrevet folkemengde 1. januar, etter kjГғВёnn og alder, i 9 alternativer (K) 2026-2050
  Period: 2026-2050
  Updated: 2026-06-12

Metadata for table 14746:
  Telemark municipalities: 17 found
  Municipality codes: ['4001', '4003', '4005', '4010', '4012', '4014', '4016', '4018', '4020', '4022', '4024', '4026', '4028', '4030', '4032', '4034', '4036']
  Region codelist: vs_KommunFram2024Agg

Querying Telemark kommuner from table 14746...
  URL: https://data.ssb.no/api/pxwebapi/v2/tables/14746/data?lang=no&outputFormat=json-stat2&valuecodes[ContentsCode]=Personer&...
Framskriving egne intervaller - Telemark kommuner JSON-stat data loaded successfully.

Raw data: 45050 rows
  Columns: ['region', 'alder', 'statistikkvariabel', 'ГғВҘr', 'value']
  Regions: ['Bamble', 'Drangedal', 'Fyresdal', 'Hjartdal', 'KragerГғВё', 'Kviteseid', 'Midt-Telemark', 'Nissedal', 'Nome', 'Notodden', 'Porsgrunn', 'Seljord', 'Siljan', 'Skien', 'Tinn', 'Tokke', 'Vinje']
      region alder        statistikkvariabel    ГғВҘr  value
0  Porsgrunn  0 ГғВҘr  Hovedalternativet (MMMM)  2026    320
1  Porsgrunn  0 ГғВҘr  Hovedalternativet (MMMM)  2027    318
2  Porsgrunn  0 ГғВҘr  Hovedalternativet (MMMM)  2028    318
3  Porsgrunn  0 ГғВҘr  Hovedalternativet (MMMM)  2029    319
4  Porsgrunn  0 ГғВҘr  Hovedalternativet (MMMM)  2030    320

Aggregated data: 2250 rows
  Columns: ['Kommune', 'ГғвҖҰr', 'Aldersgruppe', 'Personer']
  Age groups: ['0-19 ГғВҘr', '20-39 ГғВҘr', '40-66 ГғВҘr', '67-79 ГғВҘr', '80+ ГғВҘr']
  Kommune    ГғвҖҰr Aldersgruppe  Personer
0  Bamble  2026      0-19 ГғВҘr      2979
1  Bamble  2026     20-39 ГғВҘr      3186
2  Bamble  2026     40-66 ГғВҘr      4986
3  Bamble  2026     67-79 ГғВҘr      2221
4  Bamble  2026       80+ ГғВҘr       895
5  Bamble  2027      0-19 ГғВҘr      2907
6  Bamble  2027     20-39 ГғВҘr      3213
7  Bamble  2027     40-66 ГғВҘr      4954
8  Bamble  2027     67-79 ГғВҘr      2214
9  Bamble  2027       80+ ГғВҘr       970

Final data: 2250 rows
  Columns: ['Kommunenummer', 'Kommune', 'Aldersgruppe', 'ГғвҖҰr', 'Personer', 'SortColumn']
   Kommunenummer Kommune Aldersgruppe          ГғвҖҰr  Personer  SortColumn
0           4012  Bamble      0-19 ГғВҘr  2026-01-01      2979           1
1           4012  Bamble      0-19 ГғВҘr  2027-01-01      2907           1
2           4012  Bamble      0-19 ГғВҘr  2028-01-01      2847           1
3           4012  Bamble      0-19 ГғВҘr  2029-01-01      2802           1
4           4012  Bamble      0-19 ГғВҘr  2030-01-01      2779           1
5           4012  Bamble      0-19 ГғВҘr  2031-01-01      2771           1
6           4012  Bamble      0-19 ГғВҘr  2032-01-01      2753           1
7           4012  Bamble      0-19 ГғВҘr  2033-01-01      2753           1
8           4012  Bamble      0-19 ГғВҘr  2034-01-01      2753           1
9           4012  Bamble      0-19 ГғВҘr  2035-01-01      2763           1
10          4012  Bamble      0-19 ГғВҘr  2036-01-01      2770           1
11          4012  Bamble      0-19 ГғВҘr  2037-01-01      2766           1
12          4012  Bamble      0-19 ГғВҘr  2038-01-01      2774           1
13          4012  Bamble      0-19 ГғВҘr  2039-01-01      2776           1
14          4012  Bamble      0-19 ГғВҘr  2040-01-01      2772           1
15          4012  Bamble      0-19 ГғВҘr  2041-01-01      2784           1
16          4012  Bamble      0-19 ГғВҘr  2042-01-01      2794           1
17          4012  Bamble      0-19 ГғВҘr  2043-01-01      2806           1
18          4012  Bamble      0-19 ГғВҘr  2044-01-01      2818           1
19          4012  Bamble      0-19 ГғВҘr  2045-01-01      2812           1
Saved file to D:\Scripts\analyse\Telemark\Python\Temp\befolkningsframskrivinger_siste_tabell_egendef_alder.csv
[2026-06-16 08:05:58] No new data to upload. Skipping GitHub update.
Keeping CSV file: D:\Scripts\analyse\Telemark\Python\Temp\befolkningsframskrivinger_siste_tabell_egendef_alder.csv
No new data detected.
New data status log written to D:\Scripts\analyse\Telemark\Python\Log\new_data_status_Befolkning_-_Befolkningsframskrivinger_egne_intervaller.log

