Loaded .env file from: D:\Scripts\analyse\Telemark\Python\token.env
X_FUNCTIONS_KEY loaded successfully.
Loaded .env file from: D:\Scripts\analyse\Telemark\Python\token.env
GITHUB_TOKEN loaded successfully.
Historical data: 4730 rows, years 2000-2026
Framskrevet data: 15390 rows, years 2024-2050

Historical data after cleaning: 4730 rows
     Kommune Alder    År       Type Personer
0  Porsgrunn  0 år  2000  Historisk      413
1  Porsgrunn  0 år  2001  Historisk      413
2  Porsgrunn  0 år  2002  Historisk      365
3  Porsgrunn  0 år  2003  Historisk      335
4  Porsgrunn  0 år  2004  Historisk      364

Framskrevet data after cleaning: 15390 rows
  Years: 2024-2050
  Types: ['Hovedalternativet (MMMM)', 'Lav nasjonal vekst (LLML)', 'Høy nasjonal vekst (HHMH)']
     Kommune     Alder    År                      Type Personer
0  Porsgrunn      0 år  2024  Hovedalternativet (MMMM)      303
1  Porsgrunn    1-5 år  2024  Hovedalternativet (MMMM)     1733
2  Porsgrunn   6-12 år  2024  Hovedalternativet (MMMM)     2781
3  Porsgrunn  13-15 år  2024  Hovedalternativet (MMMM)     1351
4  Porsgrunn  16-19 år  2024  Hovedalternativet (MMMM)     1760

Combined data: 20120 rows
  Years: 2000-01-01-2050-01-01
  Types: ['Historisk', 'Hovedalternativet (MMMM)', 'Høy nasjonal vekst (HHMH)', 'Lav nasjonal vekst (LLML)']
  Columns: ['Kommunenummer', 'Kommune', 'Alder', 'År', 'Type', 'Personer', 'SortColumn']
   Kommunenummer Kommune Alder          År       Type  Personer  SortColumn
0           4012  Bamble  0 år  2000-01-01  Historisk       155           1
1           4012  Bamble  0 år  2001-01-01  Historisk       173           1
2           4012  Bamble  0 år  2002-01-01  Historisk       176           1
3           4012  Bamble  0 år  2003-01-01  Historisk       147           1
4           4012  Bamble  0 år  2004-01-01  Historisk       151           1
5           4012  Bamble  0 år  2005-01-01  Historisk       138           1
6           4012  Bamble  0 år  2006-01-01  Historisk       144           1
7           4012  Bamble  0 år  2007-01-01  Historisk       152           1
8           4012  Bamble  0 år  2008-01-01  Historisk       159           1
9           4012  Bamble  0 år  2009-01-01  Historisk       133           1
10          4012  Bamble  0 år  2010-01-01  Historisk       124           1
11          4012  Bamble  0 år  2011-01-01  Historisk       131           1
12          4012  Bamble  0 år  2012-01-01  Historisk       165           1
13          4012  Bamble  0 år  2013-01-01  Historisk       118           1
14          4012  Bamble  0 år  2014-01-01  Historisk       136           1
15          4012  Bamble  0 år  2015-01-01  Historisk       120           1
16          4012  Bamble  0 år  2016-01-01  Historisk       106           1
17          4012  Bamble  0 år  2017-01-01  Historisk       138           1
18          4012  Bamble  0 år  2018-01-01  Historisk       141           1
19          4012  Bamble  0 år  2019-01-01  Historisk       121           1
Saved file to D:\Scripts\analyse\Telemark\Python\Temp\befolkning_historisk_og_framskrevet.csv
[2026-05-08 08:05:49] Row count changed: 20520 -> 20120

Removed rows (showing up to 10):
Alder: 0 år, Kommune: Telemark, Kommunenummer: 40, Personer: 1878, SortColumn: 1, Type: Historisk, r: 2000-01-01
Alder: 0 år, Kommune: Telemark, Kommunenummer: 40, Personer: 1897, SortColumn: 1, Type: Historisk, r: 2001-01-01
Alder: 0 år, Kommune: Telemark, Kommunenummer: 40, Personer: 1856, SortColumn: 1, Type: Historisk, r: 2002-01-01
Alder: 0 år, Kommune: Telemark, Kommunenummer: 40, Personer: 1721, SortColumn: 1, Type: Historisk, r: 2003-01-01
Alder: 0 år, Kommune: Telemark, Kommunenummer: 40, Personer: 1782, SortColumn: 1, Type: Historisk, r: 2004-01-01
Alder: 0 år, Kommune: Telemark, Kommunenummer: 40, Personer: 1725, SortColumn: 1, Type: Historisk, r: 2005-01-01
Alder: 0 år, Kommune: Telemark, Kommunenummer: 40, Personer: 1690, SortColumn: 1, Type: Historisk, r: 2006-01-01
Alder: 0 år, Kommune: Telemark, Kommunenummer: 40, Personer: 1690, SortColumn: 1, Type: Historisk, r: 2007-01-01
Alder: 0 år, Kommune: Telemark, Kommunenummer: 40, Personer: 1716, SortColumn: 1, Type: Historisk, r: 2008-01-01
Alder: 0 år, Kommune: Telemark, Kommunenummer: 40, Personer: 1746, SortColumn: 1, Type: Historisk, r: 2009-01-01
... and 390 more rows
File uploaded successfully: Data/01_Befolkning/Befolkningsframskrivinger/befolkning_historisk_og_framskrevet.csv
Email notifications disabled. Updates for befolkning_historisk_og_framskrevet.csv were not sent.
Keeping CSV file: D:\Scripts\analyse\Telemark\Python\Temp\befolkning_historisk_og_framskrevet.csv
New data detected and pushed to GitHub.
New data status log written to D:\Scripts\analyse\Telemark\Python\Log\new_data_status_Befolkning_-_Historisk_og_framskrevet.log

