Loaded .env file from: D:\Scripts\analyse\Telemark\Python\token.env
X_FUNCTIONS_KEY loaded successfully.
Loaded .env file from: D:\Scripts\analyse\Telemark\Python\token.env
GITHUB_TOKEN loaded successfully.
Found 4 tables matching 'Framskrevet folkemengde'

Most recent regional (K) table:
  Table ID: 14746
  Label: 14746: Framskrevet folkemengde 1. januar, etter kjønn og alder, i 9 alternativer (K) 2026-2050
  Period: 2026-2050
  Updated: 2026-06-12

Metadata for table 14746:
  Telemark municipalities: 17 found
  Region codelist: vs_KommunFram2024Agg
  Age codelist: agg_Funksjonell4
  ContentsCode: ['Personer', 'Personer1', 'Personer2', 'Personer3', 'Personer4', 'Personer5', 'Personer6', 'Personer7', 'Personer8']
  Period: 2026-2050

Querying Telemark kommuner from table 14746...
  URL: https://data.ssb.no/api/pxwebapi/v2/tables/14746/data?lang=no&outputFormat=json-stat2&valuecodes[ContentsCode]=Personer,...
Siste framskriving 14746 - Telemark kommuner JSON-stat data loaded successfully.
  -> Got 12750 rows

Querying Telemark fylke from table 14746...
  URL: https://data.ssb.no/api/pxwebapi/v2/tables/14746/data?lang=no&outputFormat=json-stat2&valuecodes[ContentsCode]=Personer,...
Siste framskriving 14746 - Telemark fylke JSON-stat data loaded successfully.
  -> Got 750 rows

Querying Norge from table 14746...
  URL: https://data.ssb.no/api/pxwebapi/v2/tables/14746/data?lang=no&outputFormat=json-stat2&valuecodes[ContentsCode]=Personer,...
Siste framskriving 14746 - Norge JSON-stat data loaded successfully.
  -> Got 750 rows

Combined data: 14250 rows
  Columns: ['region', 'statistikkvariabel', 'år', 'alder', 'value']
  Regions: ['Bamble', 'Drangedal', 'Fyresdal', 'Hele landet', 'Hjartdal', 'Kragerø', 'Kviteseid', 'Midt-Telemark', 'Nissedal', 'Nome', 'Notodden', 'Porsgrunn', 'Seljord', 'Siljan', 'Skien', 'Telemark', 'Tinn', 'Tokke', 'Vinje']
      region        statistikkvariabel    år     alder  value
0  Porsgrunn  Hovedalternativet (MMMM)  2026      0 år    320
1  Porsgrunn  Hovedalternativet (MMMM)  2026    1-5 år   1672
2  Porsgrunn  Hovedalternativet (MMMM)  2026   6-12 år   2718
3  Porsgrunn  Hovedalternativet (MMMM)  2026  13-15 år   1327
4  Porsgrunn  Hovedalternativet (MMMM)  2026  16-19 år   1804

Existing data year range: 2024-2050
New data year range:      2026-2050

New framskriving detected! Archiving old data as: Framskrevet_folkemengde_2024-2050.csv
  Archived to GitHub: Data/01_Befolkning/Befolkningsframskrivinger/Framskrevet_folkemengde_2024-2050.csv
Saved file to D:\Scripts\analyse\Telemark\Python\Temp\befolkningsframskrivinger_siste_tabell.csv
[2026-06-12 08:05:41] Row count changed: 15390 -> 14250

Removed rows (showing up to 10):
Framskriving: 2024, Tabell: 14288, alder: 0 år, region: Porsgrunn, statistikkvariabel: Hovedalternativet (MMMM), value: 303, r: 2024
Framskriving: 2024, Tabell: 14288, alder: 1-5 år, region: Porsgrunn, statistikkvariabel: Hovedalternativet (MMMM), value: 1733, r: 2024
Framskriving: 2024, Tabell: 14288, alder: 6-12 år, region: Porsgrunn, statistikkvariabel: Hovedalternativet (MMMM), value: 2781, r: 2024
Framskriving: 2024, Tabell: 14288, alder: 13-15 år, region: Porsgrunn, statistikkvariabel: Hovedalternativet (MMMM), value: 1351, r: 2024
Framskriving: 2024, Tabell: 14288, alder: 16-19 år, region: Porsgrunn, statistikkvariabel: Hovedalternativet (MMMM), value: 1760, r: 2024
Framskriving: 2024, Tabell: 14288, alder: 20-44 år, region: Porsgrunn, statistikkvariabel: Hovedalternativet (MMMM), value: 11298, r: 2024
Framskriving: 2024, Tabell: 14288, alder: 45-66 år, region: Porsgrunn, statistikkvariabel: Hovedalternativet (MMMM), value: 11015, r: 2024
Framskriving: 2024, Tabell: 14288, alder: 67-79 år, region: Porsgrunn, statistikkvariabel: Hovedalternativet (MMMM), value: 5009, r: 2024
Framskriving: 2024, Tabell: 14288, alder: 80-89 år, region: Porsgrunn, statistikkvariabel: Hovedalternativet (MMMM), value: 1633, r: 2024
Framskriving: 2024, Tabell: 14288, alder: 90 år eller eldre, region: Porsgrunn, statistikkvariabel: Hovedalternativet (MMMM), value: 310, r: 2024
... and 15380 more rows
File uploaded successfully: Data/01_Befolkning/Befolkningsframskrivinger/befolkningsframskrivinger_siste_tabell.csv
Email notifications disabled. Updates for befolkningsframskrivinger_siste_tabell.csv were not sent.
Keeping CSV file: D:\Scripts\analyse\Telemark\Python\Temp\befolkningsframskrivinger_siste_tabell.csv
New data detected and pushed to GitHub.
New data status log written to D:\Scripts\analyse\Telemark\Python\Log\new_data_status_Befolkning_-_Befolkningsframskrivinger_siste_tabell.log

