Loaded .env file from: D:\Scripts\analyse\Telemark\Python\token.env
X_FUNCTIONS_KEY loaded successfully.
Loaded .env file from: D:\Scripts\analyse\Telemark\Python\token.env
GITHUB_TOKEN loaded successfully.
Husholdninger etter boligtype (06070) JSON-stat data loaded successfully.
      region  ... value
0  Porsgrunn  ...  6424
1  Porsgrunn  ...  4134
2  Porsgrunn  ...  1397
3  Porsgrunn  ...  1802
4  Porsgrunn  ...   221

[5 rows x 5 columns]
['region', 'statistikkvariabel', 'år', 'husholdningstype', 'value']
  Kommunenummer Kommune  ... SortHusholdningstype Antall
0          4012  Bamble  ...                    1   1917
1          4012  Bamble  ...                    5    324
2          4012  Bamble  ...                    7      0
3          4012  Bamble  ...                    6    272
4          4012  Bamble  ...                    4    523

[5 rows x 6 columns]
Saved file to D:\Scripts\analyse\Telemark\Python\Temp\husholdninger_etter_boligtype.csv
[2026-05-11 08:19:47] Row count changed: 1512 -> 1428

Removed rows (showing up to 10):
Antall: 324, Husholdningstype: Aleneforsørger med barn under 18 år, Kommune: Bamble, Kommunenummer: 4012, SortHusholdningstype: 4, r: 01.01.2014
Antall: 0, Husholdningstype: Andre husholdninger, Kommune: Bamble, Kommunenummer: 4012, SortHusholdningstype: 0, r: 01.01.2014
Antall: 523, Husholdningstype: Par eller aleneforsørger med voksne barn (18+), Kommune: Bamble, Kommunenummer: 4012, SortHusholdningstype: 3, r: 01.01.2014
Antall: 1241, Husholdningstype: Par med barn under 18 år, Kommune: Bamble, Kommunenummer: 4012, SortHusholdningstype: 5, r: 01.01.2014
Antall: 303, Husholdningstype: Aleneforsørger med barn under 18 år, Kommune: Bamble, Kommunenummer: 4012, SortHusholdningstype: 4, r: 01.01.2015
Antall: 0, Husholdningstype: Andre husholdninger, Kommune: Bamble, Kommunenummer: 4012, SortHusholdningstype: 0, r: 01.01.2015
Antall: 522, Husholdningstype: Par eller aleneforsørger med voksne barn (18+), Kommune: Bamble, Kommunenummer: 4012, SortHusholdningstype: 3, r: 01.01.2015
Antall: 1233, Husholdningstype: Par med barn under 18 år, Kommune: Bamble, Kommunenummer: 4012, SortHusholdningstype: 5, r: 01.01.2015
Antall: 296, Husholdningstype: Aleneforsørger med barn under 18 år, Kommune: Bamble, Kommunenummer: 4012, SortHusholdningstype: 4, r: 01.01.2016
Antall: 0, Husholdningstype: Andre husholdninger, Kommune: Bamble, Kommunenummer: 4012, SortHusholdningstype: 0, r: 01.01.2016
... and 890 more rows
File uploaded successfully: Data/10_Areal- og stedsutvikling/Bolig/Dagens boligmasse/husholdninger_etter_boligtype.csv
Email notifications disabled. Updates for husholdninger_etter_boligtype.csv were not sent.
Keeping CSV file: D:\Scripts\analyse\Telemark\Python\Temp\husholdninger_etter_boligtype.csv
New data detected and pushed to GitHub.
New data status log written to D:\Scripts\analyse\Telemark\Python\Log\new_data_status_Bolig_-_Husholdninger_etter_boligtype.log

