Loaded .env file from: D:\Scripts\analyse\Telemark\Python\token.env
X_FUNCTIONS_KEY loaded successfully.
Loaded .env file from: D:\Scripts\analyse\Telemark\Python\token.env
GITHUB_TOKEN loaded successfully.

============================================================
Processing: Boligbehov - Framskrevet husholdninger alder
============================================================
Most recent file in Data/Boligbehovsanalyse_2026/Framskrevet_husholdninger_alder: Boligetterspørsel 2026-05-05T12-51-08Z.csv
Downloaded 4250 rows from Boligetterspørsel 2026-05-05T12-51-08Z.csv
Columns: ['municipality_code', 'municipality_name', 'year', 'age_interval', 'housing_demand']

Transformed data preview:
  Kommunenummer    Kommune          År Aldersgruppe  Etterspørsel
0          4001  Porsgrunn  2026-01-01         0-14             0
1          4001  Porsgrunn  2026-01-01        15-19            70
2          4001  Porsgrunn  2026-01-01        20-24           696
3          4001  Porsgrunn  2026-01-01        25-29          1085
4          4001  Porsgrunn  2026-01-01        30-39          2686
5          4001  Porsgrunn  2026-01-01        40-49          2793
6          4001  Porsgrunn  2026-01-01        50-59          3385
7          4001  Porsgrunn  2026-01-01        60-69          3052
8          4001  Porsgrunn  2026-01-01        70-79          2620
9          4001  Porsgrunn  2026-01-01          80+          1786
Saved file to D:\Scripts\analyse\Telemark\Python\Temp\framskrevet_husholdninger_alder_siste.csv
[2026-06-15 08:24:19] No new data to upload. Skipping GitHub update.
Keeping CSV file: D:\Scripts\analyse\Telemark\Python\Temp\framskrevet_husholdninger_alder_siste.csv
No new data detected.
New data status log written to D:\Scripts\analyse\Telemark\Python\Log\new_data_status_Boligbehov_-_Framskrevet_husholdninger_alder.log

--- Generating index file for age groups ---
Base year for index: 2026-01-01

Index data preview (Telemark):
    Kommunenummer   Kommune          År Aldersgruppe  Indeks
850            40  Telemark  2026-01-01         0-69   100.0
851            40  Telemark  2026-01-01          70+   100.0
852            40  Telemark  2027-01-01         0-69   100.0
853            40  Telemark  2027-01-01          70+   102.9
854            40  Telemark  2028-01-01         0-69   100.0
855            40  Telemark  2028-01-01          70+   105.5
856            40  Telemark  2029-01-01         0-69   100.0
857            40  Telemark  2029-01-01          70+   108.0
858            40  Telemark  2030-01-01         0-69   100.1
859            40  Telemark  2030-01-01          70+   110.2
Saved file to D:\Scripts\analyse\Telemark\Python\Temp\framskrevet_husholdninger_alder_indeks.csv
[2026-06-15 08:24:20] No new data to upload. Skipping GitHub update.
Keeping CSV file: D:\Scripts\analyse\Telemark\Python\Temp\framskrevet_husholdninger_alder_indeks.csv
Index file: No new data detected.

============================================================
Processing: Boligbehov - Framskrevet husholdninger stoerrelse
============================================================
Most recent file in Data/Boligbehovsanalyse_2026/Framskrevet_husholdninger_størrelse: Boligetterspørsel 2026-05-05T12-22-30Z.csv
Downloaded 2550 rows from Boligetterspørsel 2026-05-05T12-22-30Z.csv
Columns: ['municipality_code', 'municipality_name', 'year', 'household_size', 'housing_demand']

Transformed data preview:
  Kommunenummer    Kommune          År    Husholdningsstørrelse  Etterspørsel
0          4001  Porsgrunn  2026-01-01  Fire personer eller mer          2896
1          4001  Porsgrunn  2026-01-01              To personer          5959
2          4001  Porsgrunn  2026-01-01             Tre personer          2160
3          4001  Porsgrunn  2026-01-01                Én person          7157
4          4001  Porsgrunn  2027-01-01  Fire personer eller mer          2907
5          4001  Porsgrunn  2027-01-01              To personer          6017
6          4001  Porsgrunn  2027-01-01             Tre personer          2167
7          4001  Porsgrunn  2027-01-01                Én person          7225
8          4001  Porsgrunn  2028-01-01  Fire personer eller mer          2916
9          4001  Porsgrunn  2028-01-01              To personer          6068
Saved file to D:\Scripts\analyse\Telemark\Python\Temp\framskrevet_husholdninger_størrelse_siste.csv
[2026-06-15 08:24:21] No new data to upload. Skipping GitHub update.
Keeping CSV file: D:\Scripts\analyse\Telemark\Python\Temp\framskrevet_husholdninger_størrelse_siste.csv
No new data detected.
New data status log written to D:\Scripts\analyse\Telemark\Python\Log\new_data_status_Boligbehov_-_Framskrevet_husholdninger_stoerrelse.log

============================================================
Processing: Boligbehov - Framtidige boligbehov
============================================================
Most recent file in Data/Boligbehovsanalyse_2026/Framtidige_boligbehov: Boligbalanse 2026-05-05T07-50-32Z.csv
Downloaded 425 rows from Boligbalanse 2026-05-05T07-50-32Z.csv
Columns: ['municipality_code', 'municipality_name', 'year', 'housing_demand', 'housing_supply', 'new_housing_demand']

Transformed data preview:
  Kommunenummer    Kommune          År  Etterspørsel  Tilbud  Ny etterspørsel
0          4001  Porsgrunn  2026-01-01         18172   18061              111
1          4001  Porsgrunn  2027-01-01         18316   18061              255
2          4001  Porsgrunn  2028-01-01         18449   18061              388
3          4001  Porsgrunn  2029-01-01         18583   18061              522
4          4001  Porsgrunn  2030-01-01         18710   18061              649
5          4001  Porsgrunn  2031-01-01         18849   18061              788
6          4001  Porsgrunn  2032-01-01         18967   18061              906
7          4001  Porsgrunn  2033-01-01         19077   18061             1016
8          4001  Porsgrunn  2034-01-01         19184   18061             1123
9          4001  Porsgrunn  2035-01-01         19295   18061             1234
Saved file to D:\Scripts\analyse\Telemark\Python\Temp\framtidige_boligbehov_siste.csv
[2026-06-15 08:24:22] No new data to upload. Skipping GitHub update.
Keeping CSV file: D:\Scripts\analyse\Telemark\Python\Temp\framtidige_boligbehov_siste.csv
No new data detected.
New data status log written to D:\Scripts\analyse\Telemark\Python\Log\new_data_status_Boligbehov_-_Framtidige_boligbehov.log

============================================================
All folders processed successfully.

