Loaded .env file from: D:\Scripts\analyse\Telemark\Python\token.env
X_FUNCTIONS_KEY loaded successfully.
Loaded .env file from: D:\Scripts\analyse\Telemark\Python\token.env
GITHUB_TOKEN loaded successfully.
Boliger etter boligtype (06265) JSON-stat data loaded successfully.
      region  ... value
0  Porsgrunn  ...  8947
1  Porsgrunn  ...  1199
2  Porsgrunn  ...  2555
3  Porsgrunn  ...  2902
4  Porsgrunn  ...   598

[5 rows x 5 columns]
['region', 'statistikkvariabel', 'år', 'bygningstype', 'value']
  Kommunenummer    Kommune  ...                        Bygningstype Antall
0          4001  Porsgrunn  ...                            Enebolig   8947
1          4001  Porsgrunn  ...                        Tomannsbolig   1199
2          4001  Porsgrunn  ...  Rekkehus, kjedehus og andre småhus   2555
3          4001  Porsgrunn  ...                          Boligblokk   2902
4          4001  Porsgrunn  ...            Bygning for bofellesskap    598

[5 rows x 5 columns]
Saved file to D:\Scripts\analyse\Telemark\Python\Temp\boliger_etter_boligtype.csv
[2026-04-28 08:19:18] Header structure changed in boliger_etter_boligtype.csv:
Removed headers: sort_bygningstype, sort_bygningstype_4_gr, bygningstype_4_gr
File uploaded successfully: Data/10_Areal- og stedsutvikling/Bolig/Dagens boligmasse/boliger_etter_boligtype.csv
Email notifications disabled. Updates for boliger_etter_boligtype.csv were not sent.
Keeping CSV file: D:\Scripts\analyse\Telemark\Python\Temp\boliger_etter_boligtype.csv
New data detected and pushed to GitHub.
New data status log written to D:\Scripts\analyse\Telemark\Python\Log\new_data_status_Bolig_-_Boliger_etter_boligtype.log

