Loaded .env file from: D:\Scripts\analyse\Telemark\Python\token.env
X_FUNCTIONS_KEY loaded successfully.
Loaded .env file from: D:\Scripts\analyse\Telemark\Python\token.env
GITHUB_TOKEN loaded successfully.
Antall boliger etter type og bosattes alder (11031) JSON-stat data loaded successfully.
      region        alder  ...                      bygningstype    value
0  Porsgrunn  Alder i alt  ...                     Boliger i alt  36621.0
1  Porsgrunn  Alder i alt  ...                          Enebolig  22082.0
2  Porsgrunn  Alder i alt  ...                      Tomannsbolig   2834.0
3  Porsgrunn  Alder i alt  ...  Rekkehus, kjedehus, andre småhus   5234.0
4  Porsgrunn  Alder i alt  ...                        Boligblokk   5108.0

[5 rows x 6 columns]
['region', 'alder', 'statistikkvariabel', 'år', 'bygningstype', 'value']
  Kommunenummer    Kommune    Alder  ...  SortBygningstype  Antall     Andel
0          4001  Porsgrunn  0-19 år  ...                 5   113.0  0.041453
1          4001  Porsgrunn  0-19 år  ...                 1  7844.0  0.107097
2          4001  Porsgrunn  0-19 år  ...                 2  5608.0  0.126981
3          4001  Porsgrunn  0-19 år  ...                 4   475.0  0.046496
4          4001  Porsgrunn  0-19 år  ...                 3  1648.0  0.102132

[5 rows x 9 columns]
Saved file to D:\Scripts\analyse\Telemark\Python\Temp\antall_boliger_etter_type_og_bosattes_alder.csv
[2026-04-30 08:19:16] No new data to upload. Skipping GitHub update.
Keeping CSV file: D:\Scripts\analyse\Telemark\Python\Temp\antall_boliger_etter_type_og_bosattes_alder.csv
No new data detected.
New data status log written to D:\Scripts\analyse\Telemark\Python\Log\new_data_status_Bolig_-_Antall_boliger_etter_type_og_bosattes_alder.log

