Loaded .env file from: D:\Scripts\analyse\Telemark\Python\token.env
X_FUNCTIONS_KEY loaded successfully.
Loaded .env file from: D:\Scripts\analyse\Telemark\Python\token.env
GITHUB_TOKEN loaded successfully.
Flytting til Telemark JSON-stat data loaded successfully.
Flytting fra Telemark JSON-stat data loaded successfully.
Saved file to D:\Scripts\analyse\Telemark\Python\Temp\tilflytting.csv
File not found on GitHub: Data/01_Befolkning/Flytting/tilflytting.csv
[2026-04-08 08:06:05] Uploading new file: tilflytting.csv
File uploaded successfully: Data/01_Befolkning/Flytting/tilflytting.csv
Email notifications disabled. Updates for tilflytting.csv were not sent.
Keeping CSV file: D:\Scripts\analyse\Telemark\Python\Temp\tilflytting.csv
Saved file to D:\Scripts\analyse\Telemark\Python\Temp\fraflytting.csv
File not found on GitHub: Data/01_Befolkning/Flytting/fraflytting.csv
[2026-04-08 08:06:07] Uploading new file: fraflytting.csv
File uploaded successfully: Data/01_Befolkning/Flytting/fraflytting.csv
Email notifications disabled. Updates for fraflytting.csv were not sent.
Keeping CSV file: D:\Scripts\analyse\Telemark\Python\Temp\fraflytting.csv
New data detected in tilflytting.csv and pushed to GitHub.
New data detected in fraflytting.csv and pushed to GitHub.
New data status log written to D:\Scripts\analyse\Telemark\Python\Log\new_data_status_Flytting_-_Til_og_fra_Telemark.log

