Loaded .env file from: D:\Scripts\analyse\Telemark\Python\token.env
X_FUNCTIONS_KEY loaded successfully.
Loaded .env file from: D:\Scripts\analyse\Telemark\Python\token.env
GITHUB_TOKEN loaded successfully.

======================================================================
FHI Query: Forventet levealder etter utdanning, 7 årig.txt
======================================================================

Loading query from file...
  ✓ Query loaded
  URL: https://statistikk-data.fhi.no/api/open/v1/nokkel/Table/507/data

Fetching data from FHI API...
FHI Query JSON-stat data loaded successfully.
  ✓ Fetched 8550 rows and 7 columns
  Columns: Geografi, År, Kjønn, Alder, Utdanningsnivå, Måltall, value

After processing: 8550 rows and 7 columns

Comparing with GitHub...
Saved file to D:\Scripts\analyse\Telemark\Python\Temp\forventet_levealder_etter_utdanning_7_aarig.csv
File not found on GitHub: Data/08_Folkehelse og levekår/Helsetilstand/forventet_levealder_etter_utdanning_7_aarig.csv
[2026-06-29 08:19:07] Uploading new file: forventet_levealder_etter_utdanning_7_aarig.csv
File uploaded successfully: Data/08_Folkehelse og levekår/Helsetilstand/forventet_levealder_etter_utdanning_7_aarig.csv
Email notifications disabled. Updates for forventet_levealder_etter_utdanning_7_aarig.csv were not sent.
Keeping CSV file: D:\Scripts\analyse\Telemark\Python\Temp\forventet_levealder_etter_utdanning_7_aarig.csv
  ✓ New data detected and uploaded to GitHub
New data detected

======================================================================
Processing complete
======================================================================


