Loaded .env file from: D:\Scripts\analyse\Telemark\Python\token.env
X_FUNCTIONS_KEY loaded successfully.
Loaded .env file from: D:\Scripts\analyse\Telemark\Python\token.env
GITHUB_TOKEN loaded successfully.

======================================================================
FHI Query: Regneferdighet treårig 5. og 8. trinn.txt
======================================================================

Loading query from file...
  ✓ Query loaded
  URL: https://statistikk-data.fhi.no/api/open/v1/nokkel/Table/685/data

Fetching data from FHI API...
FHI Query JSON-stat data loaded successfully.
  ✓ Fetched 76 rows and 9 columns
  Columns: Geografi, Skoleår, Kjønn, Utdanningsnivå, Innvandringsbakgrunn, Mestringsnivå, Klassetrinn, Måltall, value

After processing: 76 rows and 10 columns

Comparing with GitHub...
Saved file to D:\Scripts\analyse\Telemark\Python\Temp\regneferdighet_treaarig_5_og_8_trinn.csv
File not found on GitHub: Data/08_Folkehelse og levekår/Grunnskole/regneferdighet_treaarig_5_og_8_trinn.csv
[2026-07-02 09:05:15] Uploading new file: regneferdighet_treaarig_5_og_8_trinn.csv
File uploaded successfully: Data/08_Folkehelse og levekår/Grunnskole/regneferdighet_treaarig_5_og_8_trinn.csv
Email notifications disabled. Updates for regneferdighet_treaarig_5_og_8_trinn.csv were not sent.
Keeping CSV file: D:\Scripts\analyse\Telemark\Python\Temp\regneferdighet_treaarig_5_og_8_trinn.csv
  ✓ New data detected and uploaded to GitHub
New data detected

  ✓ Saved to: D:\Scripts\analyse\Telemark\Python\Temp\regneferdighet_treaarig_5_og_8_trinn.csv

======================================================================
Processing complete
======================================================================


