Loaded .env file from: D:\Scripts\analyse\Telemark\Python\token.env
X_FUNCTIONS_KEY loaded successfully.
Loaded .env file from: D:\Scripts\analyse\Telemark\Python\token.env
GITHUB_TOKEN loaded successfully.

======================================================================
FHI Query: Sykehusinnlagte sykdommer og skader.txt
======================================================================

Loading query from file...
  ✓ Query loaded
  URL: https://statistikk-data.fhi.no/api/open/v1/nokkel/Table/699/data

Fetching data from FHI API...
FHI Query JSON-stat data loaded successfully.
  ✓ Fetched 51870 rows and 7 columns
  Columns: Geografi, År, Kjønn, Alder, Sykdomsgruppe, Måltall, value

After processing: 51870 rows and 9 columns

Comparing with GitHub...
Saved file to D:\Scripts\analyse\Telemark\Python\Temp\sykehusinnlagte_sykdommer_og_skader.csv
[2026-07-01 09:05:02] No new data to upload. Skipping GitHub update.
Keeping CSV file: D:\Scripts\analyse\Telemark\Python\Temp\sykehusinnlagte_sykdommer_og_skader.csv
  ✓ No changes detected

  ✓ Saved to: D:\Scripts\analyse\Telemark\Python\Temp\sykehusinnlagte_sykdommer_og_skader.csv

======================================================================
Processing complete
======================================================================


