Loaded .env file from: D:\Scripts\analyse\Telemark\Python\token.env
X_FUNCTIONS_KEY loaded successfully.
Loaded .env file from: D:\Scripts\analyse\Telemark\Python\token.env
GITHUB_TOKEN loaded successfully.

======================================================================
FHI Query: Dødsårsaker, ettårig.txt
======================================================================

Loading query from file...
  ✓ Query loaded
  URL: https://statistikk-data.fhi.no/api/open/v1/nokkel/Table/343/data

Fetching data from FHI API...
FHI Query JSON-stat data loaded successfully.
  ✓ Fetched 32300 rows and 7 columns
  Columns: Geografi, År, Kjønn, Alder, Dødsårsaker, Måltall, value

After processing: 32300 rows and 7 columns

Comparing with GitHub...
Saved file to D:\Scripts\analyse\Telemark\Python\Temp\doedsaarsaker_ettaarig.csv
File not found on GitHub: Data/08_Folkehelse og levekår/Helsetilstand/doedsaarsaker_ettaarig.csv
[2026-06-29 08:18:48] Uploading new file: doedsaarsaker_ettaarig.csv
File uploaded successfully: Data/08_Folkehelse og levekår/Helsetilstand/doedsaarsaker_ettaarig.csv
Email notifications disabled. Updates for doedsaarsaker_ettaarig.csv were not sent.
Keeping CSV file: D:\Scripts\analyse\Telemark\Python\Temp\doedsaarsaker_ettaarig.csv
  ✓ New data detected and uploaded to GitHub
New data detected

======================================================================
Processing complete
======================================================================


