Loaded .env file from: D:\Scripts\analyse\Telemark\Python\token.env
X_FUNCTIONS_KEY loaded successfully.
Loaded .env file from: D:\Scripts\analyse\Telemark\Python\token.env
GITHUB_TOKEN loaded successfully.

======================================================================
FHI Query: Kreft, nye tilfeller, tiårige tall.txt
======================================================================

Loading query from file...
  ✓ Query loaded
  URL: https://statistikk-data.fhi.no/api/open/v1/nokkel/Table/368/data

Fetching data from FHI API...
FHI Query JSON-stat data loaded successfully.
  ✓ Fetched 22800 rows and 7 columns
  Columns: Geografi, År, Kjønn, Alder, Krefttyper, Måltall, value

After processing: 22800 rows and 7 columns

Comparing with GitHub...
Saved file to D:\Scripts\analyse\Telemark\Python\Temp\kreft_nye_tilfeller_tiaarige_tall.csv
[2026-04-16 08:17:27] Changes detected in the dataset.

[2026-04-16 08:17:27] Dataset is large. Showing detailed changes from the last 200 rows only.
File uploaded successfully: Data/08_Folkehelse og levekår/Helsetilstand/kreft_nye_tilfeller_tiaarige_tall.csv

Showing up to 5 examples of changes from the last 200 rows:

Row: 
  Krefttyper: Totalt alle krefttyper (C00-96, D32-33, D45-47) -> Totalt alle krefttyper

Row: 
  Krefttyper: Tykk- og endetarmskreft (C18-20) -> Tykk- og endetarmskreft

Row: 
  Krefttyper: Lungekreft (C33-34) -> Lungekreft

Row: 
  Krefttyper: Hudkreft (C43-44) -> Hudkreft

Row: 
  Krefttyper: Brystkreft (C50) -> Brystkreft

Total changes found in examined rows: 150
(Showing first 5 changes only)
Email notifications disabled. Updates for kreft_nye_tilfeller_tiaarige_tall.csv were not sent.
Keeping CSV file: D:\Scripts\analyse\Telemark\Python\Temp\kreft_nye_tilfeller_tiaarige_tall.csv
  ✓ New data detected and uploaded to GitHub
New data detected

======================================================================
Processing complete
======================================================================


