Loaded .env file from: D:\Scripts\analyse\Telemark\Python\token.env
X_FUNCTIONS_KEY loaded successfully.
Loaded .env file from: D:\Scripts\analyse\Telemark\Python\token.env
GITHUB_TOKEN loaded successfully.

======================================================================
FHI Query: Fornøyd med helsa - ungdom.txt
======================================================================

Loading query from file...
  ✓ Query loaded
  URL: https://statistikk-data.fhi.no/api/open/v1/nokkel/Table/349/data

Fetching data from FHI API...
FHI Query JSON-stat data loaded successfully.
  ✓ Fetched 570 rows and 8 columns
  Columns: Geografi, År, Kjønn, Alder vises ikke, Fornøydhet med helsa, SOES, Måltall, value

After processing: 570 rows and 8 columns

Comparing with GitHub...
Saved file to D:\Scripts\analyse\Telemark\Python\Temp\fornoeyd_med_helsa_ungdom.csv
[2026-03-30 08:17:10] Row count changed: 741 -> 570

Removed rows (showing up to 10):
Alder vises ikke: 8-10.trinn, Fornydhet med helsa: Litt eller svært fornøyd, Geografi: Hele landet, Kjnn: kjønn samlet, Mltall: andel (prosent, standardisert), SOES: SOES 0, value: 71.9762501919435, r: 2012
Alder vises ikke: 8-10.trinn, Fornydhet med helsa: Litt eller svært fornøyd, Geografi: Hele landet, Kjnn: gutter, Mltall: andel (prosent, standardisert), SOES: SOES 0, value: 76.732755748084, r: 2012
Alder vises ikke: 8-10.trinn, Fornydhet med helsa: Litt eller svært fornøyd, Geografi: Hele landet, Kjnn: jenter, Mltall: andel (prosent, standardisert), SOES: SOES 0, value: 67.378042642292, r: 2012
Alder vises ikke: 8-10.trinn, Fornydhet med helsa: Litt eller svært fornøyd, Geografi: Hele landet, Kjnn: kjønn samlet, Mltall: andel (prosent, standardisert), SOES: SOES 0, value: 71.9762501919435, r: 2013
Alder vises ikke: 8-10.trinn, Fornydhet med helsa: Litt eller svært fornøyd, Geografi: Hele landet, Kjnn: gutter, Mltall: andel (prosent, standardisert), SOES: SOES 0, value: 76.732755748084, r: 2013
Alder vises ikke: 8-10.trinn, Fornydhet med helsa: Litt eller svært fornøyd, Geografi: Hele landet, Kjnn: jenter, Mltall: andel (prosent, standardisert), SOES: SOES 0, value: 67.378042642292, r: 2013
Alder vises ikke: 8-10.trinn, Fornydhet med helsa: Litt eller svært fornøyd, Geografi: Hele landet, Kjnn: kjønn samlet, Mltall: andel (prosent, standardisert), SOES: SOES 0, value: 71.9762501919435, r: 2014
Alder vises ikke: 8-10.trinn, Fornydhet med helsa: Litt eller svært fornøyd, Geografi: Hele landet, Kjnn: gutter, Mltall: andel (prosent, standardisert), SOES: SOES 0, value: 76.732755748084, r: 2014
Alder vises ikke: 8-10.trinn, Fornydhet med helsa: Litt eller svært fornøyd, Geografi: Hele landet, Kjnn: jenter, Mltall: andel (prosent, standardisert), SOES: SOES 0, value: 67.378042642292, r: 2014
Alder vises ikke: 8-10.trinn, Fornydhet med helsa: Litt eller svært fornøyd, Geografi: Hele landet, Kjnn: kjønn samlet, Mltall: andel (prosent, standardisert), SOES: SOES 0, value: 72.027121154677, r: 2015
... and 218 more rows
File uploaded successfully: Data/08_Folkehelse og levekår/Helsetilstand/fornoeyd_med_helsa_ungdom.csv
Email notifications disabled. Updates for fornoeyd_med_helsa_ungdom.csv were not sent.
Keeping CSV file: D:\Scripts\analyse\Telemark\Python\Temp\fornoeyd_med_helsa_ungdom.csv
  ✓ New data detected and uploaded to GitHub
New data detected

======================================================================
Processing complete
======================================================================


