Loaded .env file from: D:\Scripts\analyse\Telemark\Python\token.env
X_FUNCTIONS_KEY loaded successfully.
Loaded .env file from: D:\Scripts\analyse\Telemark\Python\token.env
GITHUB_TOKEN loaded successfully.
Dekningsgrad barnehage - kommuner (13502) JSON-stat data loaded successfully.
Dekningsgrad barnehage - landet/Telemark (13502) JSON-stat data loaded successfully.
       region                                 statistikkvariabel    ГғВҘr  value
0   Porsgrunn  Andel barn 1-5 ГғВҘr i barnehage, i forhold til i...  2020    NaN
1   Porsgrunn  Andel barn 1-5 ГғВҘr i barnehage, i forhold til i...  2021    NaN
2   Porsgrunn  Andel barn 1-5 ГғВҘr i barnehage, i forhold til i...  2022    NaN
3   Porsgrunn  Andel barn 1-5 ГғВҘr i barnehage, i forhold til i...  2023    NaN
4   Porsgrunn  Andel barn 1-5 ГғВҘr i barnehage, i forhold til i...  2024   97.6
5   Porsgrunn  Andel barn 1-5 ГғВҘr i barnehage, i forhold til i...  2025   97.8
6   Porsgrunn  Andel barn 3-5 ГғВҘr i barnehage, i forhold til i...  2020    NaN
7   Porsgrunn  Andel barn 3-5 ГғВҘr i barnehage, i forhold til i...  2021    NaN
8   Porsgrunn  Andel barn 3-5 ГғВҘr i barnehage, i forhold til i...  2022    NaN
9   Porsgrunn  Andel barn 3-5 ГғВҘr i barnehage, i forhold til i...  2023    NaN
10  Porsgrunn  Andel barn 3-5 ГғВҘr i barnehage, i forhold til i...  2024  100.6
11  Porsgrunn  Andel barn 3-5 ГғВҘr i barnehage, i forhold til i...  2025  100.1
12      Skien  Andel barn 1-5 ГғВҘr i barnehage, i forhold til i...  2020    NaN
13      Skien  Andel barn 1-5 ГғВҘr i barnehage, i forhold til i...  2021    NaN
14      Skien  Andel barn 1-5 ГғВҘr i barnehage, i forhold til i...  2022    NaN
15      Skien  Andel barn 1-5 ГғВҘr i barnehage, i forhold til i...  2023    NaN
16      Skien  Andel barn 1-5 ГғВҘr i barnehage, i forhold til i...  2024   93.9
17      Skien  Andel barn 1-5 ГғВҘr i barnehage, i forhold til i...  2025   94.7
18      Skien  Andel barn 3-5 ГғВҘr i barnehage, i forhold til i...  2020    NaN
19      Skien  Andel barn 3-5 ГғВҘr i barnehage, i forhold til i...  2021    NaN
['region', 'statistikkvariabel', 'ГғВҘr', 'value']
['Porsgrunn' 'Skien' 'Notodden' 'Siljan' 'Bamble' 'KragerГғВё' 'Drangedal'
 'Nome' 'Midt-Telemark' 'Seljord' 'Hjartdal' 'Tinn' 'Kviteseid' 'Nissedal'
 'Fyresdal' 'Tokke' 'Vinje' 'Porsgrunn (2020-2023)' 'Skien (2020-2023)'
 'Notodden (2020-2023)' 'Siljan (2020-2023)' 'Bamble (2020-2023)'
 'KragerГғВё (2020-2023)' 'Drangedal (2020-2023)' 'Nome (2020-2023)'
 'Midt-Telemark (2020-2023)' 'Tinn (2020-2023)' 'Hjartdal (2020-2023)'
 'Seljord (2020-2023)' 'Kviteseid (2020-2023)' 'Nissedal (2020-2023)'
 'Fyresdal (2020-2023)' 'Tokke (2020-2023)' 'Vinje (2020-2023)']

--- Nasjonale data ---
    region statistikkvariabel          ГғВҘr  value
0   Landet       Andel 1-5 ГғВҘr  2020-01-01   92.7
1   Landet       Andel 1-5 ГғВҘr  2021-01-01   93.4
2   Landet       Andel 1-5 ГғВҘr  2022-01-01   93.4
3   Landet       Andel 1-5 ГғВҘr  2023-01-01   93.8
4   Landet       Andel 1-5 ГғВҘr  2024-01-01   94.3
5   Landet       Andel 1-5 ГғВҘr  2025-01-01   94.5
6   Landet       Andel 3-5 ГғВҘr  2020-01-01   97.3
7   Landet       Andel 3-5 ГғВҘr  2021-01-01   97.4
8   Landet       Andel 3-5 ГғВҘr  2022-01-01   97.1
9   Landet       Andel 3-5 ГғВҘr  2023-01-01   97.2
10  Landet       Andel 3-5 ГғВҘr  2024-01-01   97.4
11  Landet       Andel 3-5 ГғВҘr  2025-01-01   97.5

--- Telemark aggregert ---
      region statistikkvariabel          ГғВҘr  value
16  Telemark       Andel 1-5 ГғВҘr  2024-01-01   94.9
17  Telemark       Andel 1-5 ГғВҘr  2025-01-01   95.3
22  Telemark       Andel 3-5 ГғВҘr  2024-01-01   97.9
23  Telemark       Andel 3-5 ГғВҘr  2025-01-01   98.2

--- Kommunedata ---
   Kommunenummer    Kommune          ГғвҖҰr Statistikkvariabel  Andel
0           4001  Porsgrunn  2020-01-01       Andel 1-5 ГғВҘr   96.6
1           4001  Porsgrunn  2021-01-01       Andel 1-5 ГғВҘr   99.5
2           4001  Porsgrunn  2022-01-01       Andel 1-5 ГғВҘr   96.7
3           4001  Porsgrunn  2023-01-01       Andel 1-5 ГғВҘr   97.5
4           4001  Porsgrunn  2024-01-01       Andel 1-5 ГғВҘr   97.6
5           4001  Porsgrunn  2025-01-01       Andel 1-5 ГғВҘr   97.8
6           4001  Porsgrunn  2020-01-01       Andel 3-5 ГғВҘr  100.8
7           4001  Porsgrunn  2021-01-01       Andel 3-5 ГғВҘr  102.1
8           4001  Porsgrunn  2022-01-01       Andel 3-5 ГғВҘr   99.4
9           4001  Porsgrunn  2023-01-01       Andel 3-5 ГғВҘr  101.0
10          4001  Porsgrunn  2024-01-01       Andel 3-5 ГғВҘr  100.6
11          4001  Porsgrunn  2025-01-01       Andel 3-5 ГғВҘr  100.1
12          4003      Skien  2020-01-01       Andel 1-5 ГғВҘr   90.9
13          4003      Skien  2021-01-01       Andel 1-5 ГғВҘr   91.0
14          4003      Skien  2022-01-01       Andel 1-5 ГғВҘr   91.6
15          4003      Skien  2023-01-01       Andel 1-5 ГғВҘr   92.0
16          4003      Skien  2024-01-01       Andel 1-5 ГғВҘr   93.9
17          4003      Skien  2025-01-01       Andel 1-5 ГғВҘr   94.7
18          4003      Skien  2020-01-01       Andel 3-5 ГғВҘr   95.2
19          4003      Skien  2021-01-01       Andel 3-5 ГғВҘr   95.0
20          4003      Skien  2022-01-01       Andel 3-5 ГғВҘr   96.0
21          4003      Skien  2023-01-01       Andel 3-5 ГғВҘr   95.5
22          4003      Skien  2024-01-01       Andel 3-5 ГғВҘr   96.4
23          4003      Skien  2025-01-01       Andel 3-5 ГғВҘr   97.4
24          4005   Notodden  2020-01-01       Andel 1-5 ГғВҘr   94.1
25          4005   Notodden  2021-01-01       Andel 1-5 ГғВҘr   97.0
26          4005   Notodden  2022-01-01       Andel 1-5 ГғВҘr   97.0
27          4005   Notodden  2023-01-01       Andel 1-5 ГғВҘr   94.3
28          4005   Notodden  2024-01-01       Andel 1-5 ГғВҘr   95.4
29          4005   Notodden  2025-01-01       Andel 1-5 ГғВҘr   96.2

Antall rader: 204
Kommuner: ['Porsgrunn' 'Skien' 'Notodden' 'Siljan' 'Bamble' 'KragerГғВё' 'Drangedal'
 'Nome' 'Midt-Telemark' 'Seljord' 'Hjartdal' 'Tinn' 'Kviteseid' 'Nissedal'
 'Fyresdal' 'Tokke' 'Vinje']
ГғвҖҰr: ['2020-01-01', '2021-01-01', '2022-01-01', '2023-01-01', '2024-01-01', '2025-01-01']

--- Andel per kommune (2025-01-01) ---
Kommunenummer       Kommune  Andel 1-5 ГғВҘr  Andel 3-5 ГғВҘr
         4001     Porsgrunn          97.8         100.1
         4003         Skien          94.7          97.4
         4005      Notodden          96.2          98.1
         4010        Siljan          94.4          98.7
         4012        Bamble          95.3          97.0
         4014       KragerГғВё          93.4          98.4
         4016     Drangedal          93.8          96.8
         4018          Nome          97.2          99.5
         4020 Midt-Telemark          91.2          93.9
         4022       Seljord          91.9          97.5
         4024      Hjartdal         101.2         103.7
         4026          Tinn          93.9          97.2
         4028     Kviteseid          94.6         101.6
         4030      Nissedal          94.4          97.6
         4032      Fyresdal          87.5         100.0
         4034         Tokke          93.7         100.0
         4036         Vinje          96.1         104.5

--- Oppsummering (2025-01-01) ---
Blant Telemarkskommunene gГғВҘr i snitt 95.3 % av alle barn mellom ett og fem ГғВҘr i barnehagen, mens andelen blant tre-femГғВҘringene er 98.2 %. Landsgjennomsnittet ligger pГғВҘ henholdsvis 94.5 % og 97.5 %.

--- CSV-output ---
   Kommunenummer    Kommune          ГғвҖҰr  Andel
0           4001  Porsgrunn  2020-01-01  0.966
1           4001  Porsgrunn  2021-01-01  0.995
2           4001  Porsgrunn  2022-01-01  0.967
3           4001  Porsgrunn  2023-01-01  0.975
4           4001  Porsgrunn  2024-01-01  0.976
5           4001  Porsgrunn  2025-01-01  0.978
6           4003      Skien  2020-01-01  0.909
7           4003      Skien  2021-01-01  0.910
8           4003      Skien  2022-01-01  0.916
9           4003      Skien  2023-01-01  0.920
10          4003      Skien  2024-01-01  0.939
11          4003      Skien  2025-01-01  0.947
12          4005   Notodden  2020-01-01  0.941
13          4005   Notodden  2021-01-01  0.970
14          4005   Notodden  2022-01-01  0.970
15          4005   Notodden  2023-01-01  0.943
16          4005   Notodden  2024-01-01  0.954
17          4005   Notodden  2025-01-01  0.962
18          4010     Siljan  2020-01-01  0.855
19          4010     Siljan  2021-01-01  0.850
Saved file to D:\Scripts\analyse\Telemark\Python\Temp\dekningsgrad_barnehage.csv
[2026-06-30 08:20:19] No new data to upload. Skipping GitHub update.
Keeping CSV file: D:\Scripts\analyse\Telemark\Python\Temp\dekningsgrad_barnehage.csv
No new data detected.
New data status log written to D:\Scripts\analyse\Telemark\Python\Log\new_data_status_Folkehelse_-_Dekningsgrad_barnehage.log

