Loaded .env file from: D:\Scripts\analyse\Telemark\Python\token.env
X_FUNCTIONS_KEY loaded successfully.
Loaded .env file from: D:\Scripts\analyse\Telemark\Python\token.env
GITHUB_TOKEN loaded successfully.

======================================================================
FHI Query: Grunnskolepoeng etter foreldrenes utdanningsnivå.txt
======================================================================

Loading query from file...
  ✓ Query loaded
  URL: https://statistikk-data.fhi.no/api/open/v1/nokkel/Table/362/data

Fetching data from FHI API...
FHI Query JSON-stat data loaded successfully.
  ✓ Fetched 760 rows and 7 columns
  Columns: Geografi, År, Kjønn, Foreldrenes utdanningsnivå, Innvandringsbakgrunn, Måltall, value

After processing: 760 rows and 9 columns

Comparing with GitHub...
Saved file to D:\Scripts\analyse\Telemark\Python\Temp\grunnskolepoeng_etter_foreldrenes_utdanningsnivaa.csv
[2026-07-03 09:05:13] Changes detected in the dataset.

[2026-07-03 09:05:13] Dataset is large. Showing detailed changes from the last 200 rows only.
File uploaded successfully: Data/08_Folkehelse og levekår/Grunnskole/grunnskolepoeng_etter_foreldrenes_utdanningsnivaa.csv

No changes found in the last 200 rows, but changes exist elsewhere in the dataset.
Email notifications disabled. Updates for grunnskolepoeng_etter_foreldrenes_utdanningsnivaa.csv were not sent.
Keeping CSV file: D:\Scripts\analyse\Telemark\Python\Temp\grunnskolepoeng_etter_foreldrenes_utdanningsnivaa.csv
  ✓ New data detected and uploaded to GitHub
New data detected

  ✓ Saved to: D:\Scripts\analyse\Telemark\Python\Temp\grunnskolepoeng_etter_foreldrenes_utdanningsnivaa.csv

======================================================================
Processing complete
======================================================================


