Loaded .env file from: D:\Scripts\analyse\Telemark\Python\token.env
X_FUNCTIONS_KEY loaded successfully.
Loaded .env file from: D:\Scripts\analyse\Telemark\Python\token.env
GITHUB_TOKEN loaded successfully.

======================================================================
FHI Query: Psykiske plager, ungdom.txt
======================================================================

Loading query from file...
  ✓ Query loaded
  URL: https://statistikk-data.fhi.no/api/open/v1/nokkel/Table/339/data

Fetching data from FHI API...
FHI Query JSON-stat data loaded successfully.
  ✓ Fetched 570 rows and 8 columns
  Columns: Geografi, År, Kjønn, Alder, Plagegrad, Sosioøkonomiske ressurser (SØR), Måltall, value

After processing: 570 rows and 8 columns

Comparing with GitHub...
Saved file to D:\Scripts\analyse\Telemark\Python\Temp\psykiske_plager_ungdom.csv
File not found on GitHub: Data/08_Folkehelse og levekår/Helsetilstand/psykiske_plager_ungdom.csv
[2026-06-29 08:20:05] Uploading new file: psykiske_plager_ungdom.csv
File uploaded successfully: Data/08_Folkehelse og levekår/Helsetilstand/psykiske_plager_ungdom.csv
Email notifications disabled. Updates for psykiske_plager_ungdom.csv were not sent.
Keeping CSV file: D:\Scripts\analyse\Telemark\Python\Temp\psykiske_plager_ungdom.csv
  ✓ New data detected and uploaded to GitHub
New data detected

======================================================================
Processing complete
======================================================================


