Loaded .env file from: D:\Scripts\analyse\Telemark\Python\token.env
X_FUNCTIONS_KEY loaded successfully.
Loaded .env file from: D:\Scripts\analyse\Telemark\Python\token.env
GITHUB_TOKEN loaded successfully.

======================================================================
FHI Query: Luftforurensning.txt
======================================================================

Loading query from file...
  ✓ Query loaded
  URL: https://statistikk-data.fhi.no/api/open/v1/nokkel/Table/803/data

Fetching data from FHI API...
FHI Query JSON-stat data loaded successfully.
  ✓ Fetched 19 rows and 4 columns
  Columns: Geografi, År, Måltall, value

After processing: 19 rows and 6 columns

Comparing with GitHub...
Saved file to D:\Scripts\analyse\Telemark\Python\Temp\luftforurensning.csv
[2026-07-03 09:07:57] No new data to upload. Skipping GitHub update.
Keeping CSV file: D:\Scripts\analyse\Telemark\Python\Temp\luftforurensning.csv
  ✓ No changes detected

  ✓ Saved to: D:\Scripts\analyse\Telemark\Python\Temp\luftforurensning.csv

======================================================================
Processing complete
======================================================================


