Loaded .env file from: D:\Scripts\analyse\Telemark\Python\token.env
X_FUNCTIONS_KEY loaded successfully.
Loaded .env file from: D:\Scripts\analyse\Telemark\Python\token.env
GITHUB_TOKEN loaded successfully.

======================================================================
FHI Query: Gjeld over tre ganger inntekt, husholdninger.txt
======================================================================

Loading query from file...
  ✓ Query loaded
  URL: https://statistikk-data.fhi.no/api/open/v1/nokkel/Table/358/data

Fetching data from FHI API...
FHI Query JSON-stat data loaded successfully.
  ✓ Fetched 190 rows and 6 columns
  Columns: Geografi, År, Kjønn, Alder, Måltall, value

After processing: 190 rows and 7 columns

Comparing with GitHub...
Saved file to D:\Scripts\analyse\Telemark\Python\Temp\gjeld_over_tre_ganger_inntekt_husholdninger.csv
[2026-07-02 09:07:33] No new data to upload. Skipping GitHub update.
Keeping CSV file: D:\Scripts\analyse\Telemark\Python\Temp\gjeld_over_tre_ganger_inntekt_husholdninger.csv
  ✓ No changes detected

  ✓ Saved to: D:\Scripts\analyse\Telemark\Python\Temp\gjeld_over_tre_ganger_inntekt_husholdninger.csv

======================================================================
Processing complete
======================================================================


