Loaded .env file from: D:\Scripts\analyse\Telemark\Python\token.env
X_FUNCTIONS_KEY loaded successfully.
Loaded .env file from: D:\Scripts\analyse\Telemark\Python\token.env
GITHUB_TOKEN loaded successfully.

======================================================================
FHI Query: Hjerte- og karsykdom - primærhelsetjenesten, treårige tall.txt
======================================================================

Loading query from file...
  ✓ Query loaded
  URL: https://statistikk-data.fhi.no/api/open/v1/nokkel/Table/369/data

Fetching data from FHI API...
FHI Query JSON-stat data loaded successfully.
  ✓ Fetched 1368 rows and 7 columns
  Columns: Geografi, År, Kjønn, Alder, Sykdomsgruppe, Måltall, value

After processing: 1368 rows and 7 columns

Comparing with GitHub...
Saved file to D:\Scripts\analyse\Telemark\Python\Temp\hjerte_og_karsykdom_primaerhelsetjenesten_treaarige_tall.csv
[2026-04-16 08:17:11] Changes detected in the dataset.

[2026-04-16 08:17:11] Dataset is large. Showing detailed changes from the last 200 rows only.
File uploaded successfully: Data/08_Folkehelse og levekår/Helsetilstand/hjerte_og_karsykdom_primaerhelsetjenesten_treaarige_tall.csv

Showing up to 5 examples of changes from the last 200 rows:

Row: 
  Sykdomsgruppe: Hjerte- og karsykdomsdiagnoser, totalt (K70-99) -> Hjerte- og karsykdomsdiagnoser, totalt

Row: 
  Sykdomsgruppe: Hjerte- og karsykdomsdiagnoser, totalt (K70-99) -> Hjerte- og karsykdomsdiagnoser, totalt

Row: 
  Sykdomsgruppe: Hjerte- og karsykdomsdiagnoser, totalt (K70-99) -> Hjerte- og karsykdomsdiagnoser, totalt

Row: 
  Sykdomsgruppe: Hjerte- og karsykdomsdiagnoser, totalt (K70-99) -> Hjerte- og karsykdomsdiagnoser, totalt

Row: 
  Sykdomsgruppe: Hjerte- og karsykdomsdiagnoser, totalt (K70-99) -> Hjerte- og karsykdomsdiagnoser, totalt

Total changes found in examined rows: 200
(Showing first 5 changes only)
Email notifications disabled. Updates for hjerte_og_karsykdom_primaerhelsetjenesten_treaarige_tall.csv were not sent.
Keeping CSV file: D:\Scripts\analyse\Telemark\Python\Temp\hjerte_og_karsykdom_primaerhelsetjenesten_treaarige_tall.csv
  ✓ New data detected and uploaded to GitHub
New data detected

======================================================================
Processing complete
======================================================================


