Loaded .env file from: D:\Scripts\analyse\Telemark\Python\token.env
X_FUNCTIONS_KEY loaded successfully.
Loaded .env file from: D:\Scripts\analyse\Telemark\Python\token.env
GITHUB_TOKEN loaded successfully.

======================================================================
FHI Query: barnevern.txt
======================================================================

Loading query from file...
  ✓ Query loaded
  URL: https://statistikk-data.fhi.no/api/open/v1/nokkel/Table/337/data

Fetching data from FHI API...
FHI Query JSON-stat data loaded successfully.
  ✓ Fetched 190 rows and 6 columns
  Columns: Geografi, År, Kjønn, ALDER, Måltall, value

After processing: 190 rows and 5 columns

Comparing with GitHub...
Saved file to D:\Scripts\analyse\Telemark\Python\Temp\barnevern.csv
[2026-07-01 09:05:46] No new data to upload. Skipping GitHub update.
Keeping CSV file: D:\Scripts\analyse\Telemark\Python\Temp\barnevern.csv
  ✓ No changes detected

  ✓ Saved to: D:\Scripts\analyse\Telemark\Python\Temp\barnevern.csv

======================================================================
Processing complete
======================================================================


