Loaded .env file from: D:\Scripts\analyse\Telemark\Python\token.env
X_FUNCTIONS_KEY loaded successfully.
Loaded .env file from: D:\Scripts\analyse\Telemark\Python\token.env
GITHUB_TOKEN loaded successfully.

======================================================================
FHI Query: Skader, sykehusinnlagte, somatikk, treårige tall.txt
======================================================================

Loading query from file...
  ✓ Query loaded
  URL: https://statistikk-data.fhi.no/api/open/v1/nokkel/Table/714/data

Fetching data from FHI API...
FHI Query JSON-stat data loaded successfully.
  ✓ Fetched 190 rows and 7 columns
  Columns: Geografi, År, Kjønn, Alder, Sykdomsgruppe, Måltall, value

After processing: 190 rows and 9 columns

Comparing with GitHub...
Saved file to D:\Scripts\analyse\Telemark\Python\Temp\skader_sykehusinnlagte_somatikk_treaarige_tall.csv
[2026-07-03 09:08:57] No new data to upload. Skipping GitHub update.
Keeping CSV file: D:\Scripts\analyse\Telemark\Python\Temp\skader_sykehusinnlagte_somatikk_treaarige_tall.csv
  ✓ No changes detected

  ✓ Saved to: D:\Scripts\analyse\Telemark\Python\Temp\skader_sykehusinnlagte_somatikk_treaarige_tall.csv

======================================================================
Processing complete
======================================================================


