Loaded .env file from: D:\Scripts\analyse\Telemark\Python\token.env
X_FUNCTIONS_KEY loaded successfully.
Loaded .env file from: D:\Scripts\analyse\Telemark\Python\token.env
GITHUB_TOKEN loaded successfully.

======================================================================
FHI Query: Bor trangt.txt
======================================================================

Loading query from file...
  ✓ Query loaded
  URL: https://statistikk-data.fhi.no/api/open/v1/nokkel/Table/795/data

Fetching data from FHI API...
FHI Query JSON-stat data loaded successfully.
  ✓ Fetched 19 rows and 7 columns
  Columns: Geografi, År, Alder, Innvandringsbakgrunn, status, Måltall, value

After processing: 19 rows and 3 columns

Comparing with GitHub...
Saved file to D:\Scripts\analyse\Telemark\Python\Temp\bor_trangt.csv
[2026-07-01 09:06:20] No new data to upload. Skipping GitHub update.
Keeping CSV file: D:\Scripts\analyse\Telemark\Python\Temp\bor_trangt.csv
  ✓ No changes detected

  ✓ Saved to: D:\Scripts\analyse\Telemark\Python\Temp\bor_trangt.csv

======================================================================
Processing complete
======================================================================


