Loaded .env file from: D:\Scripts\analyse\Telemark\Python\token.env
X_FUNCTIONS_KEY loaded successfully.
Loaded .env file from: D:\Scripts\analyse\Telemark\Python\token.env
GITHUB_TOKEN loaded successfully.

======================================================================
FHI Query: Psykiske symptomer og lidelser - primærhelsetjenesten, ettårige tall.txt
======================================================================

Loading query from file...
  ✓ Query loaded
  URL: https://statistikk-data.fhi.no/api/open/v1/nokkel/Table/370/data

Fetching data from FHI API...
FHI Query JSON-stat data loaded successfully.
  ✓ Fetched 10944 rows and 7 columns
  Columns: Geografi, År, Kjønn, Alder, Sykdomsgruppe, Måltall, value

After processing: 10944 rows and 7 columns

Comparing with GitHub...
Saved file to D:\Scripts\analyse\Telemark\Python\Temp\psykiske_symptomer_og_lidelser_primaerhelsetjenesten_ettaarige_tall.csv
[2026-04-16 08:17:53] Changes detected in the dataset.

[2026-04-16 08:17:53] Dataset is large. Showing detailed changes from the last 200 rows only.
File uploaded successfully: Data/08_Folkehelse og levekår/Helsetilstand/psykiske_symptomer_og_lidelser_primaerhelsetjenesten_ettaarige_tall.csv

Showing up to 5 examples of changes from the last 200 rows:

Row: 
  Sykdomsgruppe: Psykiske symptomer (P01-29) -> Psykiske symptomer

Row: 
  Sykdomsgruppe: Psykiske lidelser (P70-99) -> Psykiske lidelser

Row: 
  Sykdomsgruppe: Psykiske symptomer og lidelser (P01-29 og P70-99) -> Psykiske symptomer og lidelser

Row: 
  Sykdomsgruppe: Psykiske symptomer (P01-29) -> Psykiske symptomer

Row: 
  Sykdomsgruppe: Psykiske lidelser (P70-99) -> Psykiske lidelser

Total changes found in examined rows: 200
(Showing first 5 changes only)
Email notifications disabled. Updates for psykiske_symptomer_og_lidelser_primaerhelsetjenesten_ettaarige_tall.csv were not sent.
Keeping CSV file: D:\Scripts\analyse\Telemark\Python\Temp\psykiske_symptomer_og_lidelser_primaerhelsetjenesten_ettaarige_tall.csv
  ✓ New data detected and uploaded to GitHub
New data detected

======================================================================
Processing complete
======================================================================


