Loaded .env file from: D:\Scripts\analyse\Telemark\Python\token.env
X_FUNCTIONS_KEY loaded successfully.
Loaded .env file from: D:\Scripts\analyse\Telemark\Python\token.env
GITHUB_TOKEN loaded successfully.

======================================================================
FHI Query: Kols, dГғВёdsГғВҘrsak, ettГғВҘrig.txt
======================================================================

Loading query from file...
  ГўЕ“вҖң Query loaded
  URL: https://statistikk-data.fhi.no/api/open/v1/nokkel/Table/343/data

Fetching data from FHI API...
FHI Query JSON-stat data loaded successfully.
  ГўЕ“вҖң Fetched 5700 rows and 7 columns
  Columns: Geografi, ГғвҖҰr, KjГғВёnn, Alder, DГғВёdsГғВҘrsaker, MГғВҘltall, value

After processing: 5700 rows and 7 columns

Comparing with GitHub...
Saved file to D:\Scripts\analyse\Telemark\Python\Temp\kols_doedsaarsak_ettaarig.csv
[2026-03-30 08:17:45] Row count changed: 5130 -> 5700

Added rows (showing up to 10):
Alder: alle aldre, Ddsrsaker: Lungekreft, Geografi: Hele landet, Kjnn: menn, Mltall: per 100.000, standardisert, value: 40.8554715432023, r: 2024
Alder: alle aldre, Ddsrsaker: KOLS, Geografi: Hele landet, Kjnn: menn, Mltall: per 100.000, standardisert, value: 35.7975142989698, r: 2024
Alder: alle aldre, Ddsrsaker: KOLS og lungekreft (rГғВёykerelaterte dГғВёdsfall), Geografi: Hele landet, Kjnn: menn, Mltall: per 100.000, standardisert, value: 76.6529858421721, r: 2024
Alder: 0-74 ГғВҘr, Ddsrsaker: Lungekreft, Geografi: Hele landet, Kjnn: menn, Mltall: per 100.000, standardisert, value: 20.5665213243319, r: 2024
Alder: 0-74 ГғВҘr, Ddsrsaker: KOLS, Geografi: Hele landet, Kjnn: menn, Mltall: per 100.000, standardisert, value: 11.3657091529203, r: 2024
Alder: 0-74 ГғВҘr, Ddsrsaker: KOLS og lungekreft (rГғВёykerelaterte dГғВёdsfall), Geografi: Hele landet, Kjnn: menn, Mltall: per 100.000, standardisert, value: 31.9322304772522, r: 2024
Alder: 0-44 ГғВҘr, Ddsrsaker: Lungekreft, Geografi: Hele landet, Kjnn: menn, Mltall: per 100.000, standardisert, value: :, r: 2024
Alder: 0-44 ГғВҘr, Ddsrsaker: KOLS, Geografi: Hele landet, Kjnn: menn, Mltall: per 100.000, standardisert, value: :, r: 2024
Alder: 0-44 ГғВҘr, Ddsrsaker: KOLS og lungekreft (rГғВёykerelaterte dГғВёdsfall), Geografi: Hele landet, Kjnn: menn, Mltall: per 100.000, standardisert, value: :, r: 2024
Alder: 45-74 ГғВҘr, Ddsrsaker: Lungekreft, Geografi: Hele landet, Kjnn: menn, Mltall: per 100.000, standardisert, value: :, r: 2024
... and 560 more rows
File uploaded successfully: Data/08_Folkehelse og levekГғВҘr/Helsetilstand/kols_doedsaarsak_ettaarig.csv
Email notifications disabled. Updates for kols_doedsaarsak_ettaarig.csv were not sent.
Keeping CSV file: D:\Scripts\analyse\Telemark\Python\Temp\kols_doedsaarsak_ettaarig.csv
  ГўЕ“вҖң New data detected and uploaded to GitHub
New data detected

======================================================================
Processing complete
======================================================================


