Loaded .env file from: D:\Scripts\analyse\Telemark\Python\token.env
X_FUNCTIONS_KEY loaded successfully.
Loaded .env file from: D:\Scripts\analyse\Telemark\Python\token.env
GITHUB_TOKEN loaded successfully.

======================================================================
FHI Query: Tilfredshet med livet, ungdom.txt
======================================================================

Loading query from file...
  ✓ Query loaded
  URL: https://statistikk-data.fhi.no/api/open/v1/nokkel/Table/373/data

Fetching data from FHI API...
FHI Query JSON-stat data loaded successfully.
  ✓ Fetched 285 rows and 8 columns
  Columns: Geografi, År, Kjønn, Alder, Skala 0-10, tilfredshet, Sosial status, Måltall, value

After processing: 285 rows and 8 columns

Comparing with GitHub...
Saved file to D:\Scripts\analyse\Telemark\Python\Temp\tilfredshet_med_livet_ungdom.csv
[2026-03-30 08:18:59] Row count changed: 114 -> 285

Added rows (showing up to 10):
Alder: 8-10.trinn, Geografi: Hele landet, Kjnn: kjønn samlet, Mltall: andel (prosent, standardisert), Skala 0-10, tilfredshet: 8_10, Sosial status: samlet, value: 50.4050182752149, r: 2022
Alder: 8-10.trinn, Geografi: Hele landet, Kjnn: gutter, Mltall: andel (prosent, standardisert), Skala 0-10, tilfredshet: 8_10, Sosial status: samlet, value: 60.2816264573846, r: 2022
Alder: 8-10.trinn, Geografi: Hele landet, Kjnn: jenter, Mltall: andel (prosent, standardisert), Skala 0-10, tilfredshet: 8_10, Sosial status: samlet, value: 40.1343408900084, r: 2022
Alder: 8-10.trinn, Geografi: Hele landet, Kjnn: kjønn samlet, Mltall: andel (prosent, standardisert), Skala 0-10, tilfredshet: 8_10, Sosial status: samlet, value: 50.6623030553903, r: 2023
Alder: 8-10.trinn, Geografi: Hele landet, Kjnn: gutter, Mltall: andel (prosent, standardisert), Skala 0-10, tilfredshet: 8_10, Sosial status: samlet, value: 60.3997962821492, r: 2023
Alder: 8-10.trinn, Geografi: Hele landet, Kjnn: jenter, Mltall: andel (prosent, standardisert), Skala 0-10, tilfredshet: 8_10, Sosial status: samlet, value: 40.6088968345778, r: 2023
Alder: 8-10.trinn, Geografi: Hele landet, Kjnn: kjønn samlet, Mltall: andel (prosent, standardisert), Skala 0-10, tilfredshet: 8_10, Sosial status: samlet, value: 51.0267967230183, r: 2025
Alder: 8-10.trinn, Geografi: Hele landet, Kjnn: gutter, Mltall: andel (prosent, standardisert), Skala 0-10, tilfredshet: 8_10, Sosial status: samlet, value: 60.0587490230954, r: 2025
Alder: 8-10.trinn, Geografi: Hele landet, Kjnn: jenter, Mltall: andel (prosent, standardisert), Skala 0-10, tilfredshet: 8_10, Sosial status: samlet, value: 41.6877978097919, r: 2025
Alder: 8-10.trinn, Geografi: Telemark, Kjnn: kjønn samlet, Mltall: andel (prosent, standardisert), Skala 0-10, tilfredshet: 8_10, Sosial status: samlet, value: ., r: 2022
... and 161 more rows
File uploaded successfully: Data/08_Folkehelse og levekår/Helsetilstand/tilfredshet_med_livet_ungdom.csv
Email notifications disabled. Updates for tilfredshet_med_livet_ungdom.csv were not sent.
Keeping CSV file: D:\Scripts\analyse\Telemark\Python\Temp\tilfredshet_med_livet_ungdom.csv
  ✓ New data detected and uploaded to GitHub
New data detected

======================================================================
Processing complete
======================================================================


