Loaded .env file from: D:\Scripts\analyse\Telemark\Python\token.env
X_FUNCTIONS_KEY loaded successfully.
Loaded .env file from: D:\Scripts\analyse\Telemark\Python\token.env
GITHUB_TOKEN loaded successfully.

======================================================================
FHI Query: Inntektsulikhet.txt
======================================================================

Loading query from file...
  ✓ Query loaded
  URL: https://statistikk-data.fhi.no/api/open/v1/nokkel/Table/366/data

Fetching data from FHI API...
FHI Query JSON-stat data loaded successfully.
  ✓ Fetched 19 rows and 4 columns
  Columns: Geografi, År, Måltall, value

After processing: 19 rows and 3 columns

Comparing with GitHub...
Saved file to D:\Scripts\analyse\Telemark\Python\Temp\inntektsulikhet.csv
[2026-07-01 09:06:03] Header structure changed in inntektsulikhet.csv:
Removed headers: forholdstall (2024)
Added headers: andel (2024)
File uploaded successfully: Data/08_Folkehelse og levekår/Oppvekst og levekår/Levekår/Inntekt og gjeld/inntektsulikhet.csv
Email notifications disabled. Updates for inntektsulikhet.csv were not sent.
Keeping CSV file: D:\Scripts\analyse\Telemark\Python\Temp\inntektsulikhet.csv
  ✓ New data detected and uploaded to GitHub
New data detected

  ✓ Saved to: D:\Scripts\analyse\Telemark\Python\Temp\inntektsulikhet.csv

======================================================================
Processing complete
======================================================================


