Loaded .env file from: D:\Scripts\analyse\Telemark\Python\token.env
X_FUNCTIONS_KEY loaded successfully.
Loaded .env file from: D:\Scripts\analyse\Telemark\Python\token.env
GITHUB_TOKEN loaded successfully.

======================================================================
FHI Query: Muskel- og skjelettplager lidelser, kontakt med primærhelsetjenesten, ettårige tall.txt
======================================================================

Loading query from file...
  ✓ Query loaded
  URL: https://statistikk-data.fhi.no/api/open/v1/nokkel/Table/370/data

Fetching data from FHI API...
FHI Query JSON-stat data loaded successfully.
  ✓ Fetched 5472 rows and 7 columns
  Columns: Geografi, År, Kjønn, Alder, Sykdomsgruppe, Måltall, value

After processing: 5472 rows and 7 columns

Comparing with GitHub...
Saved file to D:\Scripts\analyse\Telemark\Python\Temp\muskel_og_skjelettplager_lidelser_kontakt_med_primaerhelsetjenesten_ettaarige_tall.csv
[2026-04-16 08:17:37] Changes detected in the dataset.

[2026-04-16 08:17:37] Dataset is large. Showing detailed changes from the last 200 rows only.
File uploaded successfully: Data/08_Folkehelse og levekår/Helsetilstand/muskel_og_skjelettplager_lidelser_kontakt_med_primaerhelsetjenesten_ettaarige_tall.csv

Showing up to 5 examples of changes from the last 200 rows:

Row: 
  Sykdomsgruppe: Muskel- og skjelettplager (L01-29) -> Muskel- og skjelettplager

Row: 
  Sykdomsgruppe: Muskel- og skjelettplager (L01-29) -> Muskel- og skjelettplager

Row: 
  Sykdomsgruppe: Muskel- og skjelettplager (L01-29) -> Muskel- og skjelettplager

Row: 
  Sykdomsgruppe: Muskel- og skjelettplager (L01-29) -> Muskel- og skjelettplager

Row: 
  Sykdomsgruppe: Muskel- og skjelettplager (L01-29) -> Muskel- og skjelettplager

Total changes found in examined rows: 67
(Showing first 5 changes only)
Email notifications disabled. Updates for muskel_og_skjelettplager_lidelser_kontakt_med_primaerhelsetjenesten_ettaarige_tall.csv were not sent.
Keeping CSV file: D:\Scripts\analyse\Telemark\Python\Temp\muskel_og_skjelettplager_lidelser_kontakt_med_primaerhelsetjenesten_ettaarige_tall.csv
  ✓ New data detected and uploaded to GitHub
New data detected

======================================================================
Processing complete
======================================================================


