Loaded .env file from: C:\Users\eve1509\OneDrive - Telemark fylkeskommune\Github\Telemark\Python\token.env

X_FUNCTIONS_KEY loaded successfully.

Loaded .env file from: C:\Users\eve1509\OneDrive - Telemark fylkeskommune\Github\Telemark\Python\token.env

GITHUB_TOKEN loaded successfully.



======================================================================

FHI Query: Hjerte- og karsykdom - primærhelsetjenesten, ettårige tall.txt

======================================================================



Loading query from file...

  ✓ Query loaded

  URL: https://statistikk-data.fhi.no/api/open/v1/nokkel/Table/370/data



Fetching data from FHI API...

FHI Query JSON-stat data loaded successfully.

  ✓ Fetched 1824 rows and 7 columns

  Columns: Geografi, År, Kjønn, Alder, Sykdomsgruppe, Måltall, value



After processing: 1824 rows and 7 columns



Comparing with GitHub...

Saved file to C:\Users\eve1509\OneDrive - Telemark fylkeskommune\Github\Telemark\Python\Temp\hjerte_og_karsykdom_primaerhelsetjenesten_ettaarige_tall.csv

[2025-12-19 15:33:36] No new data to upload. Skipping GitHub update.

Keeping CSV file: C:\Users\eve1509\OneDrive - Telemark fylkeskommune\Github\Telemark\Python\Temp\hjerte_og_karsykdom_primaerhelsetjenesten_ettaarige_tall.csv

  ✓ No changes detected



  ✓ Saved to: C:\Users\eve1509\OneDrive - Telemark fylkeskommune\Github\Telemark\Python\Data\08_Folkehelse og levekår\Helsetilstand\hjerte_og_karsykdom_primaerhelsetjenesten_ettaarige_tall.csv



======================================================================

Processing complete

======================================================================




