Loaded .env file from: D:\Scripts\analyse\Telemark\Python\token.env
X_FUNCTIONS_KEY loaded successfully.
Loaded .env file from: D:\Scripts\analyse\Telemark\Python\token.env
GITHUB_TOKEN loaded successfully.

======================================================================
FHI Query: Sykehusinnlagte, somatikk, ettårige. inkl. skader.txt
======================================================================

Loading query from file...
  ✓ Query loaded
  URL: https://statistikk-data.fhi.no/api/open/v1/nokkel/Table/699/data

Fetching data from FHI API...
FHI Query JSON-stat data loaded successfully.
  ✓ Fetched 51870 rows and 7 columns
  Columns: Geografi, År, Kjønn, Alder, Sykdomsgruppe, Måltall, value

After processing: 51870 rows and 7 columns

Comparing with GitHub...
Saved file to D:\Scripts\analyse\Telemark\Python\Temp\sykehusinnlagte_somatikk_ettaarige_inkl_skader.csv
[2026-03-30 08:18:48] Row count changed: 41496 -> 51870

Added rows (showing up to 10):
Alder: alle aldre, Geografi: Hele landet, Kjnn: kjønn samlet, Mltall: per 1000, standardisert, Sykdomsgruppe: Hjerte og karsykdom (I00-I99), value: 18.797917911779, r: 2015
Alder: alle aldre, Geografi: Hele landet, Kjnn: kjønn samlet, Mltall: per 1000, standardisert, Sykdomsgruppe: KOLS (J44), value: 1.738880116407, r: 2015
Alder: alle aldre, Geografi: Hele landet, Kjnn: kjønn samlet, Mltall: per 1000, standardisert, Sykdomsgruppe: Sykdom i muskel-skjelettsystemet og bindevev (M00-M99), value: 18.998722819316, r: 2015
Alder: alle aldre, Geografi: Hele landet, Kjnn: kjønn samlet, Mltall: per 1000, standardisert, Sykdomsgruppe: Personskader (S00-T78), value: 13.8256912538016, r: 2015
Alder: alle aldre, Geografi: Hele landet, Kjnn: kjønn samlet, Mltall: per 1000, standardisert, Sykdomsgruppe: Hodeskader (S00-S09), value: 2.42262308477287, r: 2015
Alder: alle aldre, Geografi: Hele landet, Kjnn: kjønn samlet, Mltall: per 1000, standardisert, Sykdomsgruppe: Hoftebrudd (S72.0-72.2), value: 1.9484552332687, r: 2015
Alder: alle aldre, Geografi: Hele landet, Kjnn: kjønn samlet, Mltall: per 1000, standardisert, Sykdomsgruppe: Forgiftninger (T36-T65), value: 0.905878177056585, r: 2015
Alder: 0-74 år, Geografi: Hele landet, Kjnn: kjønn samlet, Mltall: per 1000, standardisert, Sykdomsgruppe: Hjerte og karsykdom (I00-I99), value: 11.8989517494016, r: 2015
Alder: 0-74 år, Geografi: Hele landet, Kjnn: kjønn samlet, Mltall: per 1000, standardisert, Sykdomsgruppe: KOLS (J44), value: 1.00537981712166, r: 2015
Alder: 0-74 år, Geografi: Hele landet, Kjnn: kjønn samlet, Mltall: per 1000, standardisert, Sykdomsgruppe: Sykdom i muskel-skjelettsystemet og bindevev (M00-M99), value: 17.1446548107105, r: 2015
... and 10364 more rows
File uploaded successfully: Data/08_Folkehelse og levekår/Helsetilstand/sykehusinnlagte_somatikk_ettaarige_inkl_skader.csv
Email notifications disabled. Updates for sykehusinnlagte_somatikk_ettaarige_inkl_skader.csv were not sent.
Keeping CSV file: D:\Scripts\analyse\Telemark\Python\Temp\sykehusinnlagte_somatikk_ettaarige_inkl_skader.csv
  ✓ New data detected and uploaded to GitHub
New data detected

======================================================================
Processing complete
======================================================================


