Loaded .env file from: D:\Scripts\analyse\Telemark\Python\token.env
X_FUNCTIONS_KEY loaded successfully.
Loaded .env file from: D:\Scripts\analyse\Telemark\Python\token.env
GITHUB_TOKEN loaded successfully.
Andel jegere JSON data loaded successfully.
Her hentes tallene for jaktÃƒÂ¥ret 2023-2024


Errors:
Traceback (most recent call last):
  File "D:\Scripts\analyse\Telemark\Python\Queries/07_Idrett_friluftsliv_og_frivillighet/Friluftsliv/andel_jegere.py", line 135, in <module>
    is_new_data = handle_output_data(df_pivot, file_name, github_folder, temp_folder, keepcsv=True)
  File "D:\Scripts\analyse\Telemark\Python\Helper_scripts\github_functions.py", line 542, in handle_output_data
    df.to_csv(temp_file_path, index=False, encoding="utf-8")
  File "C:\Users\_eve1509\AppData\Local\anaconda3\envs\analyse\lib\site-packages\pandas\core\generic.py", line 3772, in to_csv
    return DataFrameRenderer(formatter).to_csv(
  File "C:\Users\_eve1509\AppData\Local\anaconda3\envs\analyse\lib\site-packages\pandas\io\formats\format.py", line 1186, in to_csv
    csv_formatter.save()
  File "C:\Users\_eve1509\AppData\Local\anaconda3\envs\analyse\lib\site-packages\pandas\io\formats\csvs.py", line 240, in save
    with get_handle(
  File "C:\Users\_eve1509\AppData\Local\anaconda3\envs\analyse\lib\site-packages\pandas\io\common.py", line 859, in get_handle
    handle = open(
PermissionError: [Errno 13] Permission denied: 'D:\\Scripts\\analyse\\Telemark\\Python\\Temp\\andel_jegere.csv'

ERROR conda.cli.main_run:execute(125): `conda run python D:\Scripts\analyse\Telemark\Python\Queries/07_Idrett_friluftsliv_og_frivillighet/Friluftsliv/andel_jegere.py` failed. (See above for error)
