<<<<<<< HEAD:Python/Automatisering/Task scheduler/logs/Innvandrere - Innvandringsgrunn.log
Loaded .env file from: D:\Scripts\analyse\Telemark\Python\token.env
X_FUNCTIONS_KEY loaded successfully.
Loaded .env file from: D:\Scripts\analyse\Telemark\Python\token.env
GITHUB_TOKEN loaded successfully.
Innvandringsgrunn CSV data loaded successfully.
Saved file to D:\Scripts\analyse\Telemark\Python\Temp\innvandringsgrunn_telemark.csv
[2025-01-15 02:00:54] No new data to upload. Skipping GitHub update.
Keeping CSV file: D:\Scripts\analyse\Telemark\Python\Temp\innvandringsgrunn_telemark.csv
No new data detected.
New data status log written to D:\Scripts\analyse\Telemark\Python\Log\new_data_status_Innvandrere_-_Innvandringsgrunn.log

=======
Loaded .env file from: C:\Users\eve1509\OneDrive - Telemark fylkeskommune\Github\Telemark\Python\token.env
X_FUNCTIONS_KEY loaded successfully.
Loaded .env file from: C:\Users\eve1509\OneDrive - Telemark fylkeskommune\Github\Telemark\Python\token.env
GITHUB_TOKEN loaded successfully.
Andel jegere JSON data loaded successfully.
Her hentes tallene for jaktåret 2023-2024
Saved file to C:\Users\eve1509\OneDrive - Telemark fylkeskommune\Github\Telemark\Python\Temp\andel_jegere.csv
[2025-01-08 15:26:12] No new data to upload. Skipping GitHub update.
Keeping CSV file: C:\Users\eve1509\OneDrive - Telemark fylkeskommune\Github\Telemark\Python\Temp\andel_jegere.csv
No new data detected.
New data status log written to C:\Users\eve1509\OneDrive - Telemark fylkeskommune\Github\Telemark\Python\Log\new_data_status_Idrett_friluftsliv_og_frivillighet_-_Jegere.log
[08.01.2025  15:26:09] Started Idrett, friluftsliv og frivillighet - Jegere (andel_jegere.py)
>>>>>>> 642e9fe382658c870115fcd13d935fba833de06a:Python/Automatisering/Task scheduler/logs_for_email_links/Idrett, friluftsliv og frivillighet - Jegere.log
