[18.12.2024 14:54:15,10] Running innvandrere_bosatt.py 
Loaded .env file from: D:\Scripts\analyse\Telemark\Python\token.env
X_FUNCTIONS_KEY loaded successfully.
Loaded .env file from: D:\Scripts\analyse\Telemark\Python\token.env
GITHUB_TOKEN loaded successfully.
Bosatt JSON data loaded successfully.
[2024-12-18 14:54:18] Identified key columns: Kommune, Label
[2024-12-18 14:54:18] Value columns to compare: Andel bosatt 2024

[2024-12-18 14:54:18] New data detected. Uploading to GitHub.

[2024-12-18 14:54:18] === Data Comparison ===
File: andel_innvandrere_bosatt.csv

Changes detected in the following rows:

Row: Kommune: Notodden | Label: Notodden
  Andel bosatt 2024: 3 -> 13

Row: Kommune: Drangedal | Label: Drangedal
  Andel bosatt 2024: 3 -> 11

Row: Kommune: Vinje | Label: Vinje
  Andel bosatt 2024: 3 -> 13

Total changes found in examined rows: 3
====================

File uploaded successfully: Data/09_Innvandrere og inkludering/Innvandrerbefolkningen/andel_innvandrere_bosatt.csv
Email notifications disabled. Updates for andel_innvandrere_bosatt.csv were not sent.
[18.12.2024 14:54:20,02] Script completed 
