Loaded .env file from: D:\Scripts\analyse\Telemark\Python\token.env
X_FUNCTIONS_KEY loaded successfully.
Loaded .env file from: D:\Scripts\analyse\Telemark\Python\token.env
GITHUB_TOKEN loaded successfully.
Anmodninger og faktisk bosetting CSV data loaded successfully.
Saved file to D:\Scripts\analyse\Telemark\Python\Temp\anmodninger_og_faktisk_bosetting.csv
[2026-06-02 08:17:27] Row count changed: 1660 -> 1661

Added rows (showing up to 10):
Antall: 8.0, Kategori: Faktisk bosetting, Kommune: Drangedal, r: 2026-01-01
Antall: 5.0, Kategori: Faktisk bosetting, Kommune: Fyresdal, r: 2026-01-01
Antall: 12.0, Kategori: Faktisk bosetting, Kommune: Hjartdal, r: 2026-01-01
Antall: 9.0, Kategori: Faktisk bosetting, Kommune: Kragerø, r: 2026-01-01
Antall: 11.0, Kategori: Faktisk bosetting, Kommune: Notodden, r: 2026-01-01
Antall: 18.0, Kategori: Faktisk bosetting, Kommune: Porsgrunn, r: 2026-01-01
Antall: 5.0, Kategori: Faktisk bosetting, Kommune: Seljord, r: 2026-01-01
Antall: 12.0, Kategori: Faktisk bosetting, Kommune: Skien, r: 2026-01-01
Antall: 9.0, Kategori: Faktisk bosetting, Kommune: Tinn, r: 2026-01-01
File uploaded successfully: Data/09_Innvandrere og inkludering/Bosetting av flyktninger/anmodninger_og_faktisk_bosetting.csv
Email notifications disabled. Updates for anmodninger_og_faktisk_bosetting.csv were not sent.
Keeping CSV file: D:\Scripts\analyse\Telemark\Python\Temp\anmodninger_og_faktisk_bosetting.csv
New data detected and pushed to GitHub.
New data status log written to D:\Scripts\analyse\Telemark\Python\Log\new_data_status_Innvandrere_-_Anmodninger_og_faktisk_bosetting.log

