[02.01.2025 14:09:34,49] Running sekundaerflytting.py 
Loaded .env file from: D:\Scripts\analyse\Telemark\Python\token.env
X_FUNCTIONS_KEY loaded successfully.
Loaded .env file from: D:\Scripts\analyse\Telemark\Python\token.env
GITHUB_TOKEN loaded successfully.
Request error in Sekundærflytting: 500 Server Error: Internal Server Error for url: https://app-simapi-prod.azurewebsites.net/download_csv/k/flyktning_botid_flyttin
Error occurred: 500 Server Error: Internal Server Error for url: https://app-simapi-prod.azurewebsites.net/download_csv/k/flyktning_botid_flyttin
Email notifications disabled. Errors in sekundaerflytting.py were not sent.
Traceback (most recent call last):
  File "D:\Scripts\analyse\Telemark\Python\Queries\09_Innvandrere_og_inkludering\Bosetting_av_flyktninger\sekundaerflytting.py", line 32, in <module>
    df = fetch_data(
  File "D:\Scripts\analyse\Telemark\Python\Helper_scripts\utility_functions.py", line 48, in fetch_data
    response.raise_for_status()
  File "C:\Users\_eve1509\AppData\Local\anaconda3\envs\analyse\lib\site-packages\requests\models.py", line 1024, in raise_for_status
    raise HTTPError(http_error_msg, response=self)
requests.exceptions.HTTPError: 500 Server Error: Internal Server Error for url: https://app-simapi-prod.azurewebsites.net/download_csv/k/flyktning_botid_flyttin

During handling of the above exception, another exception occurred:

Traceback (most recent call last):
  File "D:\Scripts\analyse\Telemark\Python\Queries\09_Innvandrere_og_inkludering\Bosetting_av_flyktninger\sekundaerflytting.py", line 44, in <module>
    raise RuntimeError(
RuntimeError: A critical error occurred during data fetching, stopping execution.
[02.01.2025 14:09:48,15] Script failed with error code 1 
