C:\Users\eve1509\OneDrive - Telemark fylkeskommune\Github\Telemark\Python\Queries\09_Innvandrere_og_inkludering\Innvandrerbefolkningen\andel_flyktninger_og_arbeidsinnvandrere.py:154: SettingWithCopyWarning: 
A value is trying to be set on a copy of a slice from a DataFrame.
Try using .loc[row_indexer,col_indexer] = value instead

See the caveats in the documentation: https://pandas.pydata.org/pandas-docs/stable/user_guide/indexing.html#returning-a-view-versus-a-copy
  df_pivot_arbeidsinnvandrere["Label"] = df_pivot_arbeidsinnvandrere["Kommune"]
C:\Users\eve1509\OneDrive - Telemark fylkeskommune\Github\Telemark\Python\Queries\09_Innvandrere_og_inkludering\Innvandrerbefolkningen\andel_flyktninger_og_arbeidsinnvandrere.py:155: SettingWithCopyWarning: 
A value is trying to be set on a copy of a slice from a DataFrame.
Try using .loc[row_indexer,col_indexer] = value instead

See the caveats in the documentation: https://pandas.pydata.org/pandas-docs/stable/user_guide/indexing.html#returning-a-view-versus-a-copy
  df_pivot_flyktninger["Label"] = df_pivot_flyktninger["Kommune"]
Loaded .env file from: C:\Users\eve1509\OneDrive - Telemark fylkeskommune\Github\Telemark\Python\token.env
X_FUNCTIONS_KEY loaded successfully.
Loaded .env file from: C:\Users\eve1509\OneDrive - Telemark fylkeskommune\Github\Telemark\Python\token.env
GITHUB_TOKEN loaded successfully.
Flyktninger og arbeidsinnvandrere CSV data loaded successfully.
Selected data from year 2024-01-01 00:00:00
Saved file to C:\Users\eve1509\OneDrive - Telemark fylkeskommune\Github\Telemark\Python\Temp\andel_arbeidsinnvandrere.csv
[2025-01-06 14:56:30] Identified key columns: Kommune, Label
[2025-01-06 14:56:30] Value columns to compare: Andel arbeidsinnvandrere 2024

[2025-01-06 14:56:30] No changes detected in the dataset.
Keeping CSV file: C:\Users\eve1509\OneDrive - Telemark fylkeskommune\Github\Telemark\Python\Temp\andel_arbeidsinnvandrere.csv
No new data detected.
New data status log written to C:\Users\eve1509\OneDrive - Telemark fylkeskommune\Github\Telemark\Python\Log\new_data_status_andel_arbeidsinnvandrere_csv.log
Saved file to C:\Users\eve1509\OneDrive - Telemark fylkeskommune\Github\Telemark\Python\Temp\andel_flyktninger.csv
[2025-01-06 14:56:31] Identified key columns: Kommune, Label
[2025-01-06 14:56:31] Value columns to compare: Andel flyktninger 2024

[2025-01-06 14:56:31] New data detected. Uploading to GitHub.

[2025-01-06 14:56:31] === Data Comparison ===
File: andel_flyktninger.csv

Changes detected in the following rows:

Row: Kommune: Kragerø | Label: Kragerø
  Andel flyktninger 2024: 1 -> 44

Row: Kommune: Tokke | Label: Tokke
  Andel flyktninger 2024: 1 -> 41

Row: Kommune: Vinje | Label: Vinje
  Andel flyktninger 2024: 1 -> 49

Total changes found in examined rows: 3
====================

File uploaded successfully: Data/09_Innvandrere og inkludering/Innvandrerbefolkningen/andel_flyktninger.csv
Email notifications disabled. Updates for andel_flyktninger.csv were not sent.
Keeping CSV file: C:\Users\eve1509\OneDrive - Telemark fylkeskommune\Github\Telemark\Python\Temp\andel_flyktninger.csv
New data detected and pushed to GitHub.
New data status log written to C:\Users\eve1509\OneDrive - Telemark fylkeskommune\Github\Telemark\Python\Log\new_data_status_andel_flyktninger_csv.log
[06.01.2025  14:56:28] Started Innvandrere - Flyktninger og arbeidsinnvandrere (andel_flyktninger_og_arbeidsinnvandrere.py)
