Loaded .env file from: C:\Users\eve1509\OneDrive - Telemark fylkeskommune\Github\Telemark\Python\token.env

X_FUNCTIONS_KEY loaded successfully.

Loaded .env file from: C:\Users\eve1509\OneDrive - Telemark fylkeskommune\Github\Telemark\Python\token.env

GITHUB_TOKEN loaded successfully.

Saved file to C:\Users\eve1509\OneDrive - Telemark fylkeskommune\Github\Telemark\Python\Temp\vannkraft_telemark.csv

[2025-01-13 15:46:20] Changes detected in the dataset.

File uploaded successfully: Data/04_Klima og ressursforvaltning/Kraft og energi/Kraftproduksjon/NVE/vannkraft_telemark.csv



[2025-01-13 15:46:20] Showing up to 5 examples of changes:



Row: Kommune: Vinje

  rlig produksjon (1991-2020): 2.473 -> 34.473



Row: Kommune: Vinje

  rlig produksjon (1991-2020): 2.342 -> 1105.342



Row: Kommune: Nome

  rlig produksjon (1991-2020): 2.295 -> 200.295



Row: Kommune: Nome

  rlig produksjon (1991-2020): 2.286 -> 30.286



Row: Kommune: Tokke

  rlig produksjon (1991-2020): 2.758 -> 150.758



Total changes found in examined rows: 9

(Showing first 5 changes only)

Email notifications disabled. Updates for vannkraft_telemark.csv were not sent.

Keeping CSV file: C:\Users\eve1509\OneDrive - Telemark fylkeskommune\Github\Telemark\Python\Temp\vannkraft_telemark.csv

New data detected and pushed to GitHub.

New data status log written to C:\Users\eve1509\OneDrive - Telemark fylkeskommune\Github\Telemark\Python\Log\new_data_status_Klima_og_energi_-_Vannkraft_Telemark.log


