[28.12.2024  2:02:54,94] Running norskeutslipp.py 
Loaded .env file from: D:\Scripts\analyse\Telemark\Python\token.env
X_FUNCTIONS_KEY loaded successfully.
Loaded .env file from: D:\Scripts\analyse\Telemark\Python\token.env
GITHUB_TOKEN loaded successfully.
All tasks completed successfully.
<class 'pandas.core.frame.DataFrame'>
RangeIndex: 6294 entries, 0 to 6293
Data columns (total 12 columns):
 #   Column                    Non-Null Count  Dtype 
---  ------                    --------------  ----- 
 0   CO2-ekvivalent (CO2-ekv)  6293 non-null   object
 1   Unnamed: 1                6293 non-null   object
 2   Unnamed: 2                6293 non-null   object
 3   Unnamed: 3                6278 non-null   object
 4   Unnamed: 4                6293 non-null   object
 5   Unnamed: 5                6293 non-null   object
 6   Unnamed: 6                6293 non-null   object
 7   Unnamed: 7                1 non-null      object
 8   Unnamed: 8                1 non-null      object
 9   Unnamed: 9                6293 non-null   object
 10  Unnamed: 10               6293 non-null   object
 11  Unnamed: 11               6282 non-null   object
dtypes: object(12)
memory usage: 590.2+ KB
[2024-12-28 02:03:01] Large dataset detected (297 rows). Limiting detailed comparison to last 200 rows.
[2024-12-28 02:03:01] Identified key columns: År, Kommune
[2024-12-28 02:03:01] Value columns to compare: Anleggsnavn, Fylke, NACE Kode, Årlig utslipp til luft, Grunnlagsverdi for luft, Årlig utslipp til vann, Grunnlagsverdi for vann, Enhet, AnleggId, Org.nr.

[2024-12-28 02:03:01] New data detected. Uploading to GitHub.

[2024-12-28 02:03:01] === Data Comparison ===
File: norskeutslipp_detaljert_telemark.csv
Note: Only showing changes from the last 200 rows

Changes detected in the following rows:

Row: År: 2005-01-01 00:00:00 | Kommune: Porsgrunn
  Anleggsnavn: Ineos bamble -> Porsgrunds porselænsfabrik a.s, avd husholdningsporselen

Row: År: 2005-01-01 00:00:00 | Kommune: Porsgrunn
  NACE Kode: 20.16 -> 23.410

Row: År: 2005-01-01 00:00:00 | Kommune: Porsgrunn
  Årlig utslipp til luft: 12911.35 -> 2994.0

Row: År: 2005-01-01 00:00:00 | Kommune: Porsgrunn
  AnleggId: 5651 -> 5522

Row: År: 2005-01-01 00:00:00 | Kommune: Porsgrunn
  Org.nr.: 872383352 -> 971753838

Total changes found in examined rows: 997
(Showing first 5 changes only)
====================

File uploaded successfully: Data/04_Klima og ressursforvaltning/Klimagassutslipp/norskeutslipp_detaljert_telemark.csv
Email notifications disabled. Updates for norskeutslipp_detaljert_telemark.csv were not sent.
[2024-12-28 02:03:03] Identified key columns: År
[2024-12-28 02:03:03] Value columns to compare: Utslipp fra landbasert industri (norskeutslipp.no), Totale utslipp fra industrien (Mdir), Mdir enkeltår

[2024-12-28 02:03:03] No changes detected in the dataset.
Deleted file from temp folder: norskeutslipp_everviz.csv
[28.12.2024  2:03:03,67] Script completed 
