Loaded .env file from: D:\Scripts\analyse\Telemark\Python\token.env
X_FUNCTIONS_KEY loaded successfully.
Loaded .env file from: D:\Scripts\analyse\Telemark\Python\token.env
GITHUB_TOKEN loaded successfully.
Elg JSON-stat data loaded successfully.
Hjort JSON-stat data loaded successfully.
<class 'pandas.core.frame.DataFrame'>
RangeIndex: 40 entries, 0 to 39
Data columns (total 2 columns):
 #   Column              Non-Null Count  Dtype 
---  ------              --------------  ----- 
 0   Jaktår              40 non-null     object
 1   Antall felte hjort  40 non-null     int64 
dtypes: int64(1), object(1)
memory usage: 772.0+ bytes
Saved file to D:\Scripts\analyse\Telemark\Python\Temp\antall_felte_elg_og_hjort.csv
[2026-04-09 08:13:00] No new data to upload. Skipping GitHub update.
Keeping CSV file: D:\Scripts\analyse\Telemark\Python\Temp\antall_felte_elg_og_hjort.csv
No new data detected.
New data status log written to D:\Scripts\analyse\Telemark\Python\Log\new_data_status_Klima_og_energi_-_Felte_hjortedyr.log

