Loaded .env file from: D:\Scripts\analyse\Telemark\Python\token.env
X_FUNCTIONS_KEY loaded successfully.
Loaded .env file from: D:\Scripts\analyse\Telemark\Python\token.env
GITHUB_TOKEN loaded successfully.
Ingen driftsmeldinger dukket opp, continuing...
An unexpected error occurred during setup: Message: 
Stacktrace:
	chromedriver!GetHandleVerifier [0x7ff6fc8c1e35+2e8d45]
	chromedriver!GetHandleVerifier [0x7ff6fc5ee6c0+155d0]
	chromedriver!(No symbol) [0x7ff6fc33d57d]
	chromedriver!(No symbol) [0x7ff6fc39767e]
	chromedriver!(No symbol) [0x7ff6fc39798c]
	chromedriver!(No symbol) [0x7ff6fc3e80c7]
	chromedriver!(No symbol) [0x7ff6fc3e4c63]
	chromedriver!(No symbol) [0x7ff6fc389d58]
	chromedriver!(No symbol) [0x7ff6fc38ac43]
	chromedriver!GetHandleVerifier [0x7ff6fc8edab9+3149c9]
	chromedriver!GetHandleVerifier [0x7ff6fc8e802b+30ef3b]
	chromedriver!GetHandleVerifier [0x7ff6fc90c872+333782]
	chromedriver!GetHandleVerifier [0x7ff6fc60b785+32695]
	chromedriver!GetHandleVerifier [0x7ff6fc6142bc+3b1cc]
	chromedriver!GetHandleVerifier [0x7ff6fc5f7f24+1ee34]
	chromedriver!GetHandleVerifier [0x7ff6fc5f80b4+1efc4]
	chromedriver!GetHandleVerifier [0x7ff6fc5dbf27+2e37]
	KERNEL32!BaseThreadInitThunk [0x7ff970677ac4+14]
	ntdll!RtlUserThreadStart [0x7ff97174a8c1+21]

Email notifications disabled. Errors in Vannkvalitet were not sent.

