Loaded .env file from: D:\Scripts\analyse\Telemark\Python\token.env
X_FUNCTIONS_KEY loaded successfully.
Loaded .env file from: D:\Scripts\analyse\Telemark\Python\token.env
GITHUB_TOKEN loaded successfully.
All tasks completed successfully.
Saved file to D:\Scripts\analyse\Telemark\Python\Temp\klimagassutslipp_telemark.csv
[2026-06-23 08:13:00] No new data to upload. Skipping GitHub update.
Keeping CSV file: D:\Scripts\analyse\Telemark\Python\Temp\klimagassutslipp_telemark.csv
Saved file to D:\Scripts\analyse\Telemark\Python\Temp\klimagassutslipp_donut.csv
[2026-06-23 08:13:01] Row count changed: 7 -> 8

Added rows (showing up to 10):
Sektor: produkter med fluorgasser, Utslipp (2024): 27423.0
Sektor: Annet utslipp, Utslipp (2024): 22354.0
File uploaded successfully: Data/04_Klima og ressursforvaltning/Klimagassutslipp/klimagassutslipp_donut.csv
Email notifications disabled. Updates for klimagassutslipp_donut.csv were not sent.
Keeping CSV file: D:\Scripts\analyse\Telemark\Python\Temp\klimagassutslipp_donut.csv
Saved file to D:\Scripts\analyse\Telemark\Python\Temp\klimagassutslipp_endring.csv
[2026-06-23 08:13:02] Row count changed: 7 -> 8

Added rows (showing up to 10):
Pst_endring_2023_2024: -4.0, Sektor: produkter med fluorgasser
Pst_endring_2023_2024: 9.7, Sektor: Annet utslipp
File uploaded successfully: Data/04_Klima og ressursforvaltning/Klimagassutslipp/klimagassutslipp_endring.csv
Email notifications disabled. Updates for klimagassutslipp_endring.csv were not sent.
Keeping CSV file: D:\Scripts\analyse\Telemark\Python\Temp\klimagassutslipp_endring.csv
No new data detected in klimagassutslipp_telemark.csv.
New data detected in klimagassutslipp_donut.csv and pushed to GitHub.
New data detected in klimagassutslipp_endring.csv and pushed to GitHub.
New data status log written to D:\Scripts\analyse\Telemark\Python\Log\new_data_status_Klima_og_energi_-_Sektorvise_utslipp.log

