Loaded .env file from: D:\Scripts\analyse\Telemark\Python\token.env
X_FUNCTIONS_KEY loaded successfully.
Loaded .env file from: D:\Scripts\analyse\Telemark\Python\token.env
GITHUB_TOKEN loaded successfully.
[2026-05-01 08:13:59] GITHUB_TOKEN loaded successfully.
[2026-05-01 08:13:59] Starting Elhub query for all Telemark municipalities (incremental mode)
[2026-05-01 08:13:59] Checking GitHub path: Data/04_Klima og ressursforvaltning/Kraft og energi/Elhub/Installert_kapasitet/installed_capacity.csv
[2026-05-01 08:14:00] Latest date found in existing installed_capacity.csv: 2026-04-29
[2026-05-01 08:14:00] Will query for data from: 2026-04-30
[2026-05-01 08:14:00] Will query up to: 2026-05-01

[2026-05-01 08:14:00] Querying municipality 4001 for new data...
[2026-05-01 08:14:00] Querying municipality 4001 for period 2026-04-30 to 2026-04-30
[2026-05-01 08:14:00] Querying URL: https://api.elhub.no/energy-data/v0/municipalities/4001?dataset=INSTALLED_CAPACITY_PER_METERING_POINT_TYPE_GROUP_MUNICIPALITY_DAILY&startDate=2026-04-30&endDate=2026-04-30 (attempt 1)
[2026-05-01 08:14:01] Error: Status code 400
[2026-05-01 08:14:01] Response: {"errors":[{"status":"400","title":"endDate must be after startDate","detail":"creationTime: 2026-05-01T08:14:01+02:00","links":{"self":"https://api.elhub.no/energy-data/v0/municipalities/4001?dataset=INSTALLED_CAPACITY_PER_METERING_POINT_TYPE_GROUP_MUNICIPALITY_DAILY&startDate=2026-04-30&endDate=2026-04-30"}}]}
[2026-05-01 08:14:01] Failed after 1 attempts.
[2026-05-01 08:14:01] Failed to get data for 4001 for 2026-04-30 to 2026-04-30
[2026-05-01 08:14:02] Querying municipality 4001 for period 2026-05-01 to 2026-05-31
[2026-05-01 08:14:02] Querying URL: https://api.elhub.no/energy-data/v0/municipalities/4001?dataset=INSTALLED_CAPACITY_PER_METERING_POINT_TYPE_GROUP_MUNICIPALITY_DAILY&startDate=2026-05-01&endDate=2026-05-31 (attempt 1)
[2026-05-01 08:14:02] Got successful response
[2026-05-01 08:14:02] Extracting data from response for municipality 4001...
[2026-05-01 08:14:02] Response keys: ['meta', 'links', 'data']
[2026-05-01 08:14:02] No records extracted
[2026-05-01 08:14:02] No data found for 4001 for 2026-05-01 to 2026-05-31

[2026-05-01 08:14:03] Querying municipality 4003 for new data...
[2026-05-01 08:14:03] Querying municipality 4003 for period 2026-04-30 to 2026-04-30
[2026-05-01 08:14:03] Querying URL: https://api.elhub.no/energy-data/v0/municipalities/4003?dataset=INSTALLED_CAPACITY_PER_METERING_POINT_TYPE_GROUP_MUNICIPALITY_DAILY&startDate=2026-04-30&endDate=2026-04-30 (attempt 1)
[2026-05-01 08:14:03] Error: Status code 400
[2026-05-01 08:14:03] Response: {"errors":[{"status":"400","title":"endDate must be after startDate","detail":"creationTime: 2026-05-01T08:14:03+02:00","links":{"self":"https://api.elhub.no/energy-data/v0/municipalities/4003?dataset=INSTALLED_CAPACITY_PER_METERING_POINT_TYPE_GROUP_MUNICIPALITY_DAILY&startDate=2026-04-30&endDate=2026-04-30"}}]}
[2026-05-01 08:14:03] Failed after 1 attempts.
[2026-05-01 08:14:03] Failed to get data for 4003 for 2026-04-30 to 2026-04-30
[2026-05-01 08:14:04] Querying municipality 4003 for period 2026-05-01 to 2026-05-31
[2026-05-01 08:14:04] Querying URL: https://api.elhub.no/energy-data/v0/municipalities/4003?dataset=INSTALLED_CAPACITY_PER_METERING_POINT_TYPE_GROUP_MUNICIPALITY_DAILY&startDate=2026-05-01&endDate=2026-05-31 (attempt 1)
[2026-05-01 08:14:04] Got successful response
[2026-05-01 08:14:04] Extracting data from response for municipality 4003...
[2026-05-01 08:14:04] Response keys: ['meta', 'links', 'data']
[2026-05-01 08:14:04] No records extracted
[2026-05-01 08:14:04] No data found for 4003 for 2026-05-01 to 2026-05-31

[2026-05-01 08:14:05] Querying municipality 4005 for new data...
[2026-05-01 08:14:05] Querying municipality 4005 for period 2026-04-30 to 2026-04-30
[2026-05-01 08:14:05] Querying URL: https://api.elhub.no/energy-data/v0/municipalities/4005?dataset=INSTALLED_CAPACITY_PER_METERING_POINT_TYPE_GROUP_MUNICIPALITY_DAILY&startDate=2026-04-30&endDate=2026-04-30 (attempt 1)
[2026-05-01 08:14:06] Error: Status code 400
[2026-05-01 08:14:06] Response: {"errors":[{"status":"400","title":"endDate must be after startDate","detail":"creationTime: 2026-05-01T08:14:06+02:00","links":{"self":"https://api.elhub.no/energy-data/v0/municipalities/4005?dataset=INSTALLED_CAPACITY_PER_METERING_POINT_TYPE_GROUP_MUNICIPALITY_DAILY&startDate=2026-04-30&endDate=2026-04-30"}}]}
[2026-05-01 08:14:06] Failed after 1 attempts.
[2026-05-01 08:14:06] Failed to get data for 4005 for 2026-04-30 to 2026-04-30
[2026-05-01 08:14:07] Querying municipality 4005 for period 2026-05-01 to 2026-05-31
[2026-05-01 08:14:07] Querying URL: https://api.elhub.no/energy-data/v0/municipalities/4005?dataset=INSTALLED_CAPACITY_PER_METERING_POINT_TYPE_GROUP_MUNICIPALITY_DAILY&startDate=2026-05-01&endDate=2026-05-31 (attempt 1)
[2026-05-01 08:14:07] Got successful response
[2026-05-01 08:14:07] Extracting data from response for municipality 4005...
[2026-05-01 08:14:07] Response keys: ['meta', 'links', 'data']
[2026-05-01 08:14:07] No records extracted
[2026-05-01 08:14:07] No data found for 4005 for 2026-05-01 to 2026-05-31

[2026-05-01 08:14:08] Querying municipality 4010 for new data...
[2026-05-01 08:14:08] Querying municipality 4010 for period 2026-04-30 to 2026-04-30
[2026-05-01 08:14:08] Querying URL: https://api.elhub.no/energy-data/v0/municipalities/4010?dataset=INSTALLED_CAPACITY_PER_METERING_POINT_TYPE_GROUP_MUNICIPALITY_DAILY&startDate=2026-04-30&endDate=2026-04-30 (attempt 1)
[2026-05-01 08:14:08] Error: Status code 400
[2026-05-01 08:14:08] Response: {"errors":[{"status":"400","title":"endDate must be after startDate","detail":"creationTime: 2026-05-01T08:14:08+02:00","links":{"self":"https://api.elhub.no/energy-data/v0/municipalities/4010?dataset=INSTALLED_CAPACITY_PER_METERING_POINT_TYPE_GROUP_MUNICIPALITY_DAILY&startDate=2026-04-30&endDate=2026-04-30"}}]}
[2026-05-01 08:14:08] Failed after 1 attempts.
[2026-05-01 08:14:08] Failed to get data for 4010 for 2026-04-30 to 2026-04-30
[2026-05-01 08:14:09] Querying municipality 4010 for period 2026-05-01 to 2026-05-31
[2026-05-01 08:14:09] Querying URL: https://api.elhub.no/energy-data/v0/municipalities/4010?dataset=INSTALLED_CAPACITY_PER_METERING_POINT_TYPE_GROUP_MUNICIPALITY_DAILY&startDate=2026-05-01&endDate=2026-05-31 (attempt 1)
[2026-05-01 08:14:09] Got successful response
[2026-05-01 08:14:09] Extracting data from response for municipality 4010...
[2026-05-01 08:14:09] Response keys: ['meta', 'links', 'data']
[2026-05-01 08:14:09] No records extracted
[2026-05-01 08:14:09] No data found for 4010 for 2026-05-01 to 2026-05-31

[2026-05-01 08:14:10] Querying municipality 4012 for new data...
[2026-05-01 08:14:10] Querying municipality 4012 for period 2026-04-30 to 2026-04-30
[2026-05-01 08:14:10] Querying URL: https://api.elhub.no/energy-data/v0/municipalities/4012?dataset=INSTALLED_CAPACITY_PER_METERING_POINT_TYPE_GROUP_MUNICIPALITY_DAILY&startDate=2026-04-30&endDate=2026-04-30 (attempt 1)
[2026-05-01 08:14:10] Error: Status code 400
[2026-05-01 08:14:10] Response: {"errors":[{"status":"400","title":"endDate must be after startDate","detail":"creationTime: 2026-05-01T08:14:10+02:00","links":{"self":"https://api.elhub.no/energy-data/v0/municipalities/4012?dataset=INSTALLED_CAPACITY_PER_METERING_POINT_TYPE_GROUP_MUNICIPALITY_DAILY&startDate=2026-04-30&endDate=2026-04-30"}}]}
[2026-05-01 08:14:10] Failed after 1 attempts.
[2026-05-01 08:14:10] Failed to get data for 4012 for 2026-04-30 to 2026-04-30
[2026-05-01 08:14:11] Querying municipality 4012 for period 2026-05-01 to 2026-05-31
[2026-05-01 08:14:11] Querying URL: https://api.elhub.no/energy-data/v0/municipalities/4012?dataset=INSTALLED_CAPACITY_PER_METERING_POINT_TYPE_GROUP_MUNICIPALITY_DAILY&startDate=2026-05-01&endDate=2026-05-31 (attempt 1)
[2026-05-01 08:14:12] Got successful response
[2026-05-01 08:14:12] Extracting data from response for municipality 4012...
[2026-05-01 08:14:12] Response keys: ['meta', 'links', 'data']
[2026-05-01 08:14:12] No records extracted
[2026-05-01 08:14:12] No data found for 4012 for 2026-05-01 to 2026-05-31

[2026-05-01 08:14:13] Querying municipality 4014 for new data...
[2026-05-01 08:14:13] Querying municipality 4014 for period 2026-04-30 to 2026-04-30
[2026-05-01 08:14:13] Querying URL: https://api.elhub.no/energy-data/v0/municipalities/4014?dataset=INSTALLED_CAPACITY_PER_METERING_POINT_TYPE_GROUP_MUNICIPALITY_DAILY&startDate=2026-04-30&endDate=2026-04-30 (attempt 1)
[2026-05-01 08:14:13] Error: Status code 400
[2026-05-01 08:14:13] Response: {"errors":[{"status":"400","title":"endDate must be after startDate","detail":"creationTime: 2026-05-01T08:14:13+02:00","links":{"self":"https://api.elhub.no/energy-data/v0/municipalities/4014?dataset=INSTALLED_CAPACITY_PER_METERING_POINT_TYPE_GROUP_MUNICIPALITY_DAILY&startDate=2026-04-30&endDate=2026-04-30"}}]}
[2026-05-01 08:14:13] Failed after 1 attempts.
[2026-05-01 08:14:13] Failed to get data for 4014 for 2026-04-30 to 2026-04-30
[2026-05-01 08:14:14] Querying municipality 4014 for period 2026-05-01 to 2026-05-31
[2026-05-01 08:14:14] Querying URL: https://api.elhub.no/energy-data/v0/municipalities/4014?dataset=INSTALLED_CAPACITY_PER_METERING_POINT_TYPE_GROUP_MUNICIPALITY_DAILY&startDate=2026-05-01&endDate=2026-05-31 (attempt 1)
[2026-05-01 08:14:14] Got successful response
[2026-05-01 08:14:14] Extracting data from response for municipality 4014...
[2026-05-01 08:14:14] Response keys: ['meta', 'links', 'data']
[2026-05-01 08:14:14] No records extracted
[2026-05-01 08:14:14] No data found for 4014 for 2026-05-01 to 2026-05-31

[2026-05-01 08:14:15] Querying municipality 4016 for new data...
[2026-05-01 08:14:15] Querying municipality 4016 for period 2026-04-30 to 2026-04-30
[2026-05-01 08:14:15] Querying URL: https://api.elhub.no/energy-data/v0/municipalities/4016?dataset=INSTALLED_CAPACITY_PER_METERING_POINT_TYPE_GROUP_MUNICIPALITY_DAILY&startDate=2026-04-30&endDate=2026-04-30 (attempt 1)
[2026-05-01 08:14:15] Error: Status code 400
[2026-05-01 08:14:15] Response: {"errors":[{"status":"400","title":"endDate must be after startDate","detail":"creationTime: 2026-05-01T08:14:15+02:00","links":{"self":"https://api.elhub.no/energy-data/v0/municipalities/4016?dataset=INSTALLED_CAPACITY_PER_METERING_POINT_TYPE_GROUP_MUNICIPALITY_DAILY&startDate=2026-04-30&endDate=2026-04-30"}}]}
[2026-05-01 08:14:15] Failed after 1 attempts.
[2026-05-01 08:14:15] Failed to get data for 4016 for 2026-04-30 to 2026-04-30
[2026-05-01 08:14:16] Querying municipality 4016 for period 2026-05-01 to 2026-05-31
[2026-05-01 08:14:16] Querying URL: https://api.elhub.no/energy-data/v0/municipalities/4016?dataset=INSTALLED_CAPACITY_PER_METERING_POINT_TYPE_GROUP_MUNICIPALITY_DAILY&startDate=2026-05-01&endDate=2026-05-31 (attempt 1)
[2026-05-01 08:14:16] Got successful response
[2026-05-01 08:14:16] Extracting data from response for municipality 4016...
[2026-05-01 08:14:16] Response keys: ['meta', 'links', 'data']
[2026-05-01 08:14:16] No records extracted
[2026-05-01 08:14:16] No data found for 4016 for 2026-05-01 to 2026-05-31

[2026-05-01 08:14:17] Querying municipality 4018 for new data...
[2026-05-01 08:14:17] Querying municipality 4018 for period 2026-04-30 to 2026-04-30
[2026-05-01 08:14:17] Querying URL: https://api.elhub.no/energy-data/v0/municipalities/4018?dataset=INSTALLED_CAPACITY_PER_METERING_POINT_TYPE_GROUP_MUNICIPALITY_DAILY&startDate=2026-04-30&endDate=2026-04-30 (attempt 1)
[2026-05-01 08:14:17] Error: Status code 400
[2026-05-01 08:14:17] Response: {"errors":[{"status":"400","title":"endDate must be after startDate","detail":"creationTime: 2026-05-01T08:14:17+02:00","links":{"self":"https://api.elhub.no/energy-data/v0/municipalities/4018?dataset=INSTALLED_CAPACITY_PER_METERING_POINT_TYPE_GROUP_MUNICIPALITY_DAILY&startDate=2026-04-30&endDate=2026-04-30"}}]}
[2026-05-01 08:14:17] Failed after 1 attempts.
[2026-05-01 08:14:17] Failed to get data for 4018 for 2026-04-30 to 2026-04-30
[2026-05-01 08:14:18] Querying municipality 4018 for period 2026-05-01 to 2026-05-31
[2026-05-01 08:14:18] Querying URL: https://api.elhub.no/energy-data/v0/municipalities/4018?dataset=INSTALLED_CAPACITY_PER_METERING_POINT_TYPE_GROUP_MUNICIPALITY_DAILY&startDate=2026-05-01&endDate=2026-05-31 (attempt 1)
[2026-05-01 08:14:18] Got successful response
[2026-05-01 08:14:18] Extracting data from response for municipality 4018...
[2026-05-01 08:14:18] Response keys: ['meta', 'links', 'data']
[2026-05-01 08:14:18] No records extracted
[2026-05-01 08:14:18] No data found for 4018 for 2026-05-01 to 2026-05-31

[2026-05-01 08:14:20] Querying municipality 4020 for new data...
[2026-05-01 08:14:20] Querying municipality 4020 for period 2026-04-30 to 2026-04-30
[2026-05-01 08:14:20] Querying URL: https://api.elhub.no/energy-data/v0/municipalities/4020?dataset=INSTALLED_CAPACITY_PER_METERING_POINT_TYPE_GROUP_MUNICIPALITY_DAILY&startDate=2026-04-30&endDate=2026-04-30 (attempt 1)
[2026-05-01 08:14:20] Error: Status code 400
[2026-05-01 08:14:20] Response: {"errors":[{"status":"400","title":"endDate must be after startDate","detail":"creationTime: 2026-05-01T08:14:20+02:00","links":{"self":"https://api.elhub.no/energy-data/v0/municipalities/4020?dataset=INSTALLED_CAPACITY_PER_METERING_POINT_TYPE_GROUP_MUNICIPALITY_DAILY&startDate=2026-04-30&endDate=2026-04-30"}}]}
[2026-05-01 08:14:20] Failed after 1 attempts.
[2026-05-01 08:14:20] Failed to get data for 4020 for 2026-04-30 to 2026-04-30
[2026-05-01 08:14:21] Querying municipality 4020 for period 2026-05-01 to 2026-05-31
[2026-05-01 08:14:21] Querying URL: https://api.elhub.no/energy-data/v0/municipalities/4020?dataset=INSTALLED_CAPACITY_PER_METERING_POINT_TYPE_GROUP_MUNICIPALITY_DAILY&startDate=2026-05-01&endDate=2026-05-31 (attempt 1)
[2026-05-01 08:14:21] Got successful response
[2026-05-01 08:14:21] Extracting data from response for municipality 4020...
[2026-05-01 08:14:21] Response keys: ['meta', 'links', 'data']
[2026-05-01 08:14:21] No records extracted
[2026-05-01 08:14:21] No data found for 4020 for 2026-05-01 to 2026-05-31

[2026-05-01 08:14:22] Querying municipality 4022 for new data...
[2026-05-01 08:14:22] Querying municipality 4022 for period 2026-04-30 to 2026-04-30
[2026-05-01 08:14:22] Querying URL: https://api.elhub.no/energy-data/v0/municipalities/4022?dataset=INSTALLED_CAPACITY_PER_METERING_POINT_TYPE_GROUP_MUNICIPALITY_DAILY&startDate=2026-04-30&endDate=2026-04-30 (attempt 1)
[2026-05-01 08:14:22] Error: Status code 400
[2026-05-01 08:14:22] Response: {"errors":[{"status":"400","title":"endDate must be after startDate","detail":"creationTime: 2026-05-01T08:14:22+02:00","links":{"self":"https://api.elhub.no/energy-data/v0/municipalities/4022?dataset=INSTALLED_CAPACITY_PER_METERING_POINT_TYPE_GROUP_MUNICIPALITY_DAILY&startDate=2026-04-30&endDate=2026-04-30"}}]}
[2026-05-01 08:14:22] Failed after 1 attempts.
[2026-05-01 08:14:22] Failed to get data for 4022 for 2026-04-30 to 2026-04-30
[2026-05-01 08:14:23] Querying municipality 4022 for period 2026-05-01 to 2026-05-31
[2026-05-01 08:14:23] Querying URL: https://api.elhub.no/energy-data/v0/municipalities/4022?dataset=INSTALLED_CAPACITY_PER_METERING_POINT_TYPE_GROUP_MUNICIPALITY_DAILY&startDate=2026-05-01&endDate=2026-05-31 (attempt 1)
[2026-05-01 08:14:23] Got successful response
[2026-05-01 08:14:23] Extracting data from response for municipality 4022...
[2026-05-01 08:14:23] Response keys: ['meta', 'links', 'data']
[2026-05-01 08:14:23] No records extracted
[2026-05-01 08:14:23] No data found for 4022 for 2026-05-01 to 2026-05-31

[2026-05-01 08:14:24] Querying municipality 4024 for new data...
[2026-05-01 08:14:24] Querying municipality 4024 for period 2026-04-30 to 2026-04-30
[2026-05-01 08:14:24] Querying URL: https://api.elhub.no/energy-data/v0/municipalities/4024?dataset=INSTALLED_CAPACITY_PER_METERING_POINT_TYPE_GROUP_MUNICIPALITY_DAILY&startDate=2026-04-30&endDate=2026-04-30 (attempt 1)
[2026-05-01 08:14:24] Error: Status code 400
[2026-05-01 08:14:24] Response: {"errors":[{"status":"400","title":"endDate must be after startDate","detail":"creationTime: 2026-05-01T08:14:24+02:00","links":{"self":"https://api.elhub.no/energy-data/v0/municipalities/4024?dataset=INSTALLED_CAPACITY_PER_METERING_POINT_TYPE_GROUP_MUNICIPALITY_DAILY&startDate=2026-04-30&endDate=2026-04-30"}}]}
[2026-05-01 08:14:24] Failed after 1 attempts.
[2026-05-01 08:14:24] Failed to get data for 4024 for 2026-04-30 to 2026-04-30
[2026-05-01 08:14:25] Querying municipality 4024 for period 2026-05-01 to 2026-05-31
[2026-05-01 08:14:25] Querying URL: https://api.elhub.no/energy-data/v0/municipalities/4024?dataset=INSTALLED_CAPACITY_PER_METERING_POINT_TYPE_GROUP_MUNICIPALITY_DAILY&startDate=2026-05-01&endDate=2026-05-31 (attempt 1)
[2026-05-01 08:14:26] Got successful response
[2026-05-01 08:14:26] Extracting data from response for municipality 4024...
[2026-05-01 08:14:26] Response keys: ['meta', 'links', 'data']
[2026-05-01 08:14:26] No records extracted
[2026-05-01 08:14:26] No data found for 4024 for 2026-05-01 to 2026-05-31

[2026-05-01 08:14:27] Querying municipality 4026 for new data...
[2026-05-01 08:14:27] Querying municipality 4026 for period 2026-04-30 to 2026-04-30
[2026-05-01 08:14:27] Querying URL: https://api.elhub.no/energy-data/v0/municipalities/4026?dataset=INSTALLED_CAPACITY_PER_METERING_POINT_TYPE_GROUP_MUNICIPALITY_DAILY&startDate=2026-04-30&endDate=2026-04-30 (attempt 1)
[2026-05-01 08:14:27] Error: Status code 400
[2026-05-01 08:14:27] Response: {"errors":[{"status":"400","title":"endDate must be after startDate","detail":"creationTime: 2026-05-01T08:14:27+02:00","links":{"self":"https://api.elhub.no/energy-data/v0/municipalities/4026?dataset=INSTALLED_CAPACITY_PER_METERING_POINT_TYPE_GROUP_MUNICIPALITY_DAILY&startDate=2026-04-30&endDate=2026-04-30"}}]}
[2026-05-01 08:14:27] Failed after 1 attempts.
[2026-05-01 08:14:27] Failed to get data for 4026 for 2026-04-30 to 2026-04-30
[2026-05-01 08:14:28] Querying municipality 4026 for period 2026-05-01 to 2026-05-31
[2026-05-01 08:14:28] Querying URL: https://api.elhub.no/energy-data/v0/municipalities/4026?dataset=INSTALLED_CAPACITY_PER_METERING_POINT_TYPE_GROUP_MUNICIPALITY_DAILY&startDate=2026-05-01&endDate=2026-05-31 (attempt 1)
[2026-05-01 08:14:28] Got successful response
[2026-05-01 08:14:28] Extracting data from response for municipality 4026...
[2026-05-01 08:14:28] Response keys: ['meta', 'links', 'data']
[2026-05-01 08:14:28] No records extracted
[2026-05-01 08:14:28] No data found for 4026 for 2026-05-01 to 2026-05-31

[2026-05-01 08:14:29] Querying municipality 4028 for new data...
[2026-05-01 08:14:29] Querying municipality 4028 for period 2026-04-30 to 2026-04-30
[2026-05-01 08:14:29] Querying URL: https://api.elhub.no/energy-data/v0/municipalities/4028?dataset=INSTALLED_CAPACITY_PER_METERING_POINT_TYPE_GROUP_MUNICIPALITY_DAILY&startDate=2026-04-30&endDate=2026-04-30 (attempt 1)
[2026-05-01 08:14:29] Error: Status code 400
[2026-05-01 08:14:29] Response: {"errors":[{"status":"400","title":"endDate must be after startDate","detail":"creationTime: 2026-05-01T08:14:29+02:00","links":{"self":"https://api.elhub.no/energy-data/v0/municipalities/4028?dataset=INSTALLED_CAPACITY_PER_METERING_POINT_TYPE_GROUP_MUNICIPALITY_DAILY&startDate=2026-04-30&endDate=2026-04-30"}}]}
[2026-05-01 08:14:29] Failed after 1 attempts.
[2026-05-01 08:14:29] Failed to get data for 4028 for 2026-04-30 to 2026-04-30
[2026-05-01 08:14:30] Querying municipality 4028 for period 2026-05-01 to 2026-05-31
[2026-05-01 08:14:30] Querying URL: https://api.elhub.no/energy-data/v0/municipalities/4028?dataset=INSTALLED_CAPACITY_PER_METERING_POINT_TYPE_GROUP_MUNICIPALITY_DAILY&startDate=2026-05-01&endDate=2026-05-31 (attempt 1)
[2026-05-01 08:14:30] Got successful response
[2026-05-01 08:14:30] Extracting data from response for municipality 4028...
[2026-05-01 08:14:30] Response keys: ['meta', 'links', 'data']
[2026-05-01 08:14:30] No records extracted
[2026-05-01 08:14:30] No data found for 4028 for 2026-05-01 to 2026-05-31

[2026-05-01 08:14:31] Querying municipality 4030 for new data...
[2026-05-01 08:14:31] Querying municipality 4030 for period 2026-04-30 to 2026-04-30
[2026-05-01 08:14:31] Querying URL: https://api.elhub.no/energy-data/v0/municipalities/4030?dataset=INSTALLED_CAPACITY_PER_METERING_POINT_TYPE_GROUP_MUNICIPALITY_DAILY&startDate=2026-04-30&endDate=2026-04-30 (attempt 1)
[2026-05-01 08:14:31] Error: Status code 400
[2026-05-01 08:14:31] Response: {"errors":[{"status":"400","title":"endDate must be after startDate","detail":"creationTime: 2026-05-01T08:14:31+02:00","links":{"self":"https://api.elhub.no/energy-data/v0/municipalities/4030?dataset=INSTALLED_CAPACITY_PER_METERING_POINT_TYPE_GROUP_MUNICIPALITY_DAILY&startDate=2026-04-30&endDate=2026-04-30"}}]}
[2026-05-01 08:14:31] Failed after 1 attempts.
[2026-05-01 08:14:31] Failed to get data for 4030 for 2026-04-30 to 2026-04-30
[2026-05-01 08:14:32] Querying municipality 4030 for period 2026-05-01 to 2026-05-31
[2026-05-01 08:14:32] Querying URL: https://api.elhub.no/energy-data/v0/municipalities/4030?dataset=INSTALLED_CAPACITY_PER_METERING_POINT_TYPE_GROUP_MUNICIPALITY_DAILY&startDate=2026-05-01&endDate=2026-05-31 (attempt 1)
[2026-05-01 08:14:33] Got successful response
[2026-05-01 08:14:33] Extracting data from response for municipality 4030...
[2026-05-01 08:14:33] Response keys: ['meta', 'links', 'data']
[2026-05-01 08:14:33] No records extracted
[2026-05-01 08:14:33] No data found for 4030 for 2026-05-01 to 2026-05-31

[2026-05-01 08:14:34] Querying municipality 4032 for new data...
[2026-05-01 08:14:34] Querying municipality 4032 for period 2026-04-30 to 2026-04-30
[2026-05-01 08:14:34] Querying URL: https://api.elhub.no/energy-data/v0/municipalities/4032?dataset=INSTALLED_CAPACITY_PER_METERING_POINT_TYPE_GROUP_MUNICIPALITY_DAILY&startDate=2026-04-30&endDate=2026-04-30 (attempt 1)
[2026-05-01 08:14:34] Error: Status code 400
[2026-05-01 08:14:34] Response: {"errors":[{"status":"400","title":"endDate must be after startDate","detail":"creationTime: 2026-05-01T08:14:34+02:00","links":{"self":"https://api.elhub.no/energy-data/v0/municipalities/4032?dataset=INSTALLED_CAPACITY_PER_METERING_POINT_TYPE_GROUP_MUNICIPALITY_DAILY&startDate=2026-04-30&endDate=2026-04-30"}}]}
[2026-05-01 08:14:34] Failed after 1 attempts.
[2026-05-01 08:14:34] Failed to get data for 4032 for 2026-04-30 to 2026-04-30
[2026-05-01 08:14:35] Querying municipality 4032 for period 2026-05-01 to 2026-05-31
[2026-05-01 08:14:35] Querying URL: https://api.elhub.no/energy-data/v0/municipalities/4032?dataset=INSTALLED_CAPACITY_PER_METERING_POINT_TYPE_GROUP_MUNICIPALITY_DAILY&startDate=2026-05-01&endDate=2026-05-31 (attempt 1)
[2026-05-01 08:14:35] Got successful response
[2026-05-01 08:14:35] Extracting data from response for municipality 4032...
[2026-05-01 08:14:35] Response keys: ['meta', 'links', 'data']
[2026-05-01 08:14:35] No records extracted
[2026-05-01 08:14:35] No data found for 4032 for 2026-05-01 to 2026-05-31

[2026-05-01 08:14:36] Querying municipality 4034 for new data...
[2026-05-01 08:14:36] Querying municipality 4034 for period 2026-04-30 to 2026-04-30
[2026-05-01 08:14:36] Querying URL: https://api.elhub.no/energy-data/v0/municipalities/4034?dataset=INSTALLED_CAPACITY_PER_METERING_POINT_TYPE_GROUP_MUNICIPALITY_DAILY&startDate=2026-04-30&endDate=2026-04-30 (attempt 1)
[2026-05-01 08:14:36] Error: Status code 400
[2026-05-01 08:14:36] Response: {"errors":[{"status":"400","title":"endDate must be after startDate","detail":"creationTime: 2026-05-01T08:14:36+02:00","links":{"self":"https://api.elhub.no/energy-data/v0/municipalities/4034?dataset=INSTALLED_CAPACITY_PER_METERING_POINT_TYPE_GROUP_MUNICIPALITY_DAILY&startDate=2026-04-30&endDate=2026-04-30"}}]}
[2026-05-01 08:14:36] Failed after 1 attempts.
[2026-05-01 08:14:36] Failed to get data for 4034 for 2026-04-30 to 2026-04-30
[2026-05-01 08:14:37] Querying municipality 4034 for period 2026-05-01 to 2026-05-31
[2026-05-01 08:14:37] Querying URL: https://api.elhub.no/energy-data/v0/municipalities/4034?dataset=INSTALLED_CAPACITY_PER_METERING_POINT_TYPE_GROUP_MUNICIPALITY_DAILY&startDate=2026-05-01&endDate=2026-05-31 (attempt 1)
[2026-05-01 08:14:37] Got successful response
[2026-05-01 08:14:37] Extracting data from response for municipality 4034...
[2026-05-01 08:14:37] Response keys: ['meta', 'links', 'data']
[2026-05-01 08:14:37] No records extracted
[2026-05-01 08:14:37] No data found for 4034 for 2026-05-01 to 2026-05-31

[2026-05-01 08:14:38] Querying municipality 4036 for new data...
[2026-05-01 08:14:38] Querying municipality 4036 for period 2026-04-30 to 2026-04-30
[2026-05-01 08:14:38] Querying URL: https://api.elhub.no/energy-data/v0/municipalities/4036?dataset=INSTALLED_CAPACITY_PER_METERING_POINT_TYPE_GROUP_MUNICIPALITY_DAILY&startDate=2026-04-30&endDate=2026-04-30 (attempt 1)
[2026-05-01 08:14:38] Error: Status code 400
[2026-05-01 08:14:38] Response: {"errors":[{"status":"400","title":"endDate must be after startDate","detail":"creationTime: 2026-05-01T08:14:38+02:00","links":{"self":"https://api.elhub.no/energy-data/v0/municipalities/4036?dataset=INSTALLED_CAPACITY_PER_METERING_POINT_TYPE_GROUP_MUNICIPALITY_DAILY&startDate=2026-04-30&endDate=2026-04-30"}}]}
[2026-05-01 08:14:38] Failed after 1 attempts.
[2026-05-01 08:14:38] Failed to get data for 4036 for 2026-04-30 to 2026-04-30
[2026-05-01 08:14:39] Querying municipality 4036 for period 2026-05-01 to 2026-05-31
[2026-05-01 08:14:39] Querying URL: https://api.elhub.no/energy-data/v0/municipalities/4036?dataset=INSTALLED_CAPACITY_PER_METERING_POINT_TYPE_GROUP_MUNICIPALITY_DAILY&startDate=2026-05-01&endDate=2026-05-31 (attempt 1)
[2026-05-01 08:14:40] Got successful response
[2026-05-01 08:14:40] Extracting data from response for municipality 4036...
[2026-05-01 08:14:40] Response keys: ['meta', 'links', 'data']
[2026-05-01 08:14:40] No records extracted
[2026-05-01 08:14:40] No data found for 4036 for 2026-05-01 to 2026-05-31
Saved file to D:\Scripts\analyse\Telemark\Python\Temp\installed_capacity.csv
[2026-05-01 08:14:42] No new data to upload. Skipping GitHub update.
Keeping CSV file: D:\Scripts\analyse\Telemark\Python\Temp\installed_capacity.csv

[2026-05-01 08:14:44] Combined file processed and uploaded via handle_output_data
[2026-05-01 08:14:44] Total records in combined file: 91382
[2026-05-01 08:14:44] New data status log written to D:\Scripts\analyse\Telemark\Python\Log\new_data_status_Klima_og_energi_-_Installert_effekt_(Elhub).log

[2026-05-01 08:14:44] Query completed


Errors/Warnings:
D:\Scripts\analyse\Telemark\Python\Queries/04_Klima_og_energi/Kraft og energi/Produksjon/Elhub/installert_effekt.py:272: FutureWarning: In a future version of pandas, parsing datetimes with mixed time zones will raise an error unless `utc=True`. Please specify `utc=True` to opt in to the new behaviour and silence this warning. To create a `Series` with mixed offsets and `object` dtype, please use `apply` and `datetime.datetime.strptime`
  combined_df['SistOppdatert'] = pd.to_datetime(combined_df['SistOppdatert'], errors='coerce')

