Loaded .env file from: C:\Users\eve1509\OneDrive - Telemark fylkeskommune\Github\Telemark\Python\token.env

X_FUNCTIONS_KEY loaded successfully.

Loaded .env file from: C:\Users\eve1509\OneDrive - Telemark fylkeskommune\Github\Telemark\Python\token.env

GITHUB_TOKEN loaded successfully.

Loaded .env file from: C:\Users\eve1509\OneDrive - Telemark fylkeskommune\Github\Telemark\Python\token.env

GITHUB_TOKEN loaded successfully.

Latest date in GitHub files: 2025-01-09

Querying data for 2025-01-10

Querying data for 2025-01-11

Querying data for 2025-01-12

Saved file to C:\Users\eve1509\OneDrive - Telemark fylkeskommune\Github\Telemark\Python\Temp\2025.csv

[2025-01-14 14:48:30] Row count changed: 11016 -> 14688



Added rows (showing up to 10):

Antall mlere: 1269.0, Forbruk (kWh): 3168.721, Gruppe: Husholdninger, Knr: 4010, Kommunenavn: Siljan, Tid: 2025-01-10 00:00:00+00:00

Antall mlere: 316.0, Forbruk (kWh): 2507.898, Gruppe: Næring (unntatt industri), Knr: 4022, Kommunenavn: Seljord, Tid: 2025-01-10 00:00:00+00:00

Antall mlere: 64.0, Forbruk (kWh): 273.222, Gruppe: Industri, Knr: 4022, Kommunenavn: Seljord, Tid: 2025-01-10 00:00:00+00:00

Antall mlere: 2125.0, Forbruk (kWh): 4879.485, Gruppe: Husholdninger, Knr: 4022, Kommunenavn: Seljord, Tid: 2025-01-10 00:00:00+00:00

Antall mlere: 139.0, Forbruk (kWh): 3634.059, Gruppe: Industri, Knr: 4005, Kommunenavn: Notodden, Tid: 2025-01-10 00:00:00+00:00

Antall mlere: 562.0, Forbruk (kWh): 271203.25, Gruppe: Industri, Knr: 4001, Kommunenavn: Porsgrunn, Tid: 2025-01-10 00:00:00+00:00

Antall mlere: 19444.0, Forbruk (kWh): 48622.766, Gruppe: Husholdninger, Knr: 4001, Kommunenavn: Porsgrunn, Tid: 2025-01-10 00:00:00+00:00

Antall mlere: 920.0, Forbruk (kWh): 8617.33, Gruppe: Næring (unntatt industri), Knr: 4005, Kommunenavn: Notodden, Tid: 2025-01-10 00:00:00+00:00

Antall mlere: 31.0, Forbruk (kWh): 203.416, Gruppe: Industri, Knr: 4010, Kommunenavn: Siljan, Tid: 2025-01-10 00:00:00+00:00

Antall mlere: 1613.0, Forbruk (kWh): 17216.57, Gruppe: Næring (unntatt industri), Knr: 4001, Kommunenavn: Porsgrunn, Tid: 2025-01-10 00:00:00+00:00

... and 3611 more rows

File uploaded successfully: Data/04_Klima og ressursforvaltning/Kraft og energi/Elhub/2025.csv

Email notifications disabled. Updates for 2025.csv were not sent.

Deleted temporary file: C:\Users\eve1509\OneDrive - Telemark fylkeskommune\Github\Telemark\Python\Temp\2025.csv

New data detected in 2025.csv and pushed to GitHub.

New data status log written to C:\Users\eve1509\OneDrive - Telemark fylkeskommune\Github\Telemark\Python\Log\new_data_status_Klima_og_energi_-_Elhub.log


