Loaded .env file from: D:\Scripts\analyse\Telemark\Python\token.env
X_FUNCTIONS_KEY loaded successfully.
Loaded .env file from: D:\Scripts\analyse\Telemark\Python\token.env
GITHUB_TOKEN loaded successfully.
Request error in SSB 14490 - Elektrisitetsforbruk: HTTPSConnectionPool(host='data.ssb.no', port=443): Max retries exceeded with url: /api/pxwebapi/v2/tables/14490/data?lang=no&outputFormat=json-stat2&valueCodes%5BContentsCode%5D=Forbruk&valueCodes%5BTid%5D=*&valueCodes%5BRegion%5D=K-4001,K-4003,K-4005,K-4010,K-4012,K-4014,K-4016,K-4018,K-4020,K-4022,K-4024,K-4026,K-4028,K-4030,K-4032,K-4034,K-4036&valueCodes%5BForbrukargruppe%5D=*&codelist%5BRegion%5D=agg_KommSummer&outputValues%5BRegion%5D=aggregated (Caused by ConnectTimeoutError(<urllib3.connection.HTTPSConnection object at 0x000001D4A11AD910>, 'Connection to data.ssb.no timed out. (connect timeout=None)'))
Error occurred: HTTPSConnectionPool(host='data.ssb.no', port=443): Max retries exceeded with url: /api/pxwebapi/v2/tables/14490/data?lang=no&outputFormat=json-stat2&valueCodes%5BContentsCode%5D=Forbruk&valueCodes%5BTid%5D=*&valueCodes%5BRegion%5D=K-4001,K-4003,K-4005,K-4010,K-4012,K-4014,K-4016,K-4018,K-4020,K-4022,K-4024,K-4026,K-4028,K-4030,K-4032,K-4034,K-4036&valueCodes%5BForbrukargruppe%5D=*&codelist%5BRegion%5D=agg_KommSummer&outputValues%5BRegion%5D=aggregated (Caused by ConnectTimeoutError(<urllib3.connection.HTTPSConnection object at 0x000001D4A11AD910>, 'Connection to data.ssb.no timed out. (connect timeout=None)'))
Email notifications disabled. Errors in ssb_forbruk.py were not sent.


Errors:
Traceback (most recent call last):
  File "C:\Users\_eve1509\AppData\Local\anaconda3\envs\analyse\Lib\site-packages\urllib3\connection.py", line 198, in _new_conn
    sock = connection.create_connection(
           ^^^^^^^^^^^^^^^^^^^^^^^^^^^^^
  File "C:\Users\_eve1509\AppData\Local\anaconda3\envs\analyse\Lib\site-packages\urllib3\util\connection.py", line 85, in create_connection
    raise err
  File "C:\Users\_eve1509\AppData\Local\anaconda3\envs\analyse\Lib\site-packages\urllib3\util\connection.py", line 73, in create_connection
    sock.connect(sa)
TimeoutError: [WinError 10060] A connection attempt failed because the connected party did not properly respond after a period of time, or established connection failed because connected host has failed to respond

The above exception was the direct cause of the following exception:

Traceback (most recent call last):
  File "C:\Users\_eve1509\AppData\Local\anaconda3\envs\analyse\Lib\site-packages\urllib3\connectionpool.py", line 787, in urlopen
    response = self._make_request(
               ^^^^^^^^^^^^^^^^^^^
  File "C:\Users\_eve1509\AppData\Local\anaconda3\envs\analyse\Lib\site-packages\urllib3\connectionpool.py", line 488, in _make_request
    raise new_e
  File "C:\Users\_eve1509\AppData\Local\anaconda3\envs\analyse\Lib\site-packages\urllib3\connectionpool.py", line 464, in _make_request
    self._validate_conn(conn)
  File "C:\Users\_eve1509\AppData\Local\anaconda3\envs\analyse\Lib\site-packages\urllib3\connectionpool.py", line 1093, in _validate_conn
    conn.connect()
  File "C:\Users\_eve1509\AppData\Local\anaconda3\envs\analyse\Lib\site-packages\urllib3\connection.py", line 753, in connect
    self.sock = sock = self._new_conn()
                       ^^^^^^^^^^^^^^^^
  File "C:\Users\_eve1509\AppData\Local\anaconda3\envs\analyse\Lib\site-packages\urllib3\connection.py", line 207, in _new_conn
    raise ConnectTimeoutError(
urllib3.exceptions.ConnectTimeoutError: (<urllib3.connection.HTTPSConnection object at 0x000001D4A11AD910>, 'Connection to data.ssb.no timed out. (connect timeout=None)')

The above exception was the direct cause of the following exception:

Traceback (most recent call last):
  File "C:\Users\_eve1509\AppData\Local\anaconda3\envs\analyse\Lib\site-packages\requests\adapters.py", line 644, in send
    resp = conn.urlopen(
           ^^^^^^^^^^^^^
  File "C:\Users\_eve1509\AppData\Local\anaconda3\envs\analyse\Lib\site-packages\urllib3\connectionpool.py", line 841, in urlopen
    retries = retries.increment(
              ^^^^^^^^^^^^^^^^^^
  File "C:\Users\_eve1509\AppData\Local\anaconda3\envs\analyse\Lib\site-packages\urllib3\util\retry.py", line 519, in increment
    raise MaxRetryError(_pool, url, reason) from reason  # type: ignore[arg-type]
    ^^^^^^^^^^^^^^^^^^^^^^^^^^^^^^^^^^^^^^^^^^^^^^^^^^^
urllib3.exceptions.MaxRetryError: HTTPSConnectionPool(host='data.ssb.no', port=443): Max retries exceeded with url: /api/pxwebapi/v2/tables/14490/data?lang=no&outputFormat=json-stat2&valueCodes%5BContentsCode%5D=Forbruk&valueCodes%5BTid%5D=*&valueCodes%5BRegion%5D=K-4001,K-4003,K-4005,K-4010,K-4012,K-4014,K-4016,K-4018,K-4020,K-4022,K-4024,K-4026,K-4028,K-4030,K-4032,K-4034,K-4036&valueCodes%5BForbrukargruppe%5D=*&codelist%5BRegion%5D=agg_KommSummer&outputValues%5BRegion%5D=aggregated (Caused by ConnectTimeoutError(<urllib3.connection.HTTPSConnection object at 0x000001D4A11AD910>, 'Connection to data.ssb.no timed out. (connect timeout=None)'))

During handling of the above exception, another exception occurred:

Traceback (most recent call last):
  File "D:\Scripts\analyse\Telemark\Python\Queries/04_Klima_og_energi/Kraft og energi/Forbruk/Elhub/ssb_forbruk.py", line 33, in <module>
    df = fetch_data(
         ^^^^^^^^^^^
  File "D:\Scripts\analyse\Telemark\Python\Helper_scripts\utility_functions.py", line 45, in fetch_data
    response = requests.get(url)
               ^^^^^^^^^^^^^^^^^
  File "C:\Users\_eve1509\AppData\Local\anaconda3\envs\analyse\Lib\site-packages\requests\api.py", line 73, in get
    return request("get", url, params=params, **kwargs)
           ^^^^^^^^^^^^^^^^^^^^^^^^^^^^^^^^^^^^^^^^^^^^
  File "C:\Users\_eve1509\AppData\Local\anaconda3\envs\analyse\Lib\site-packages\requests\api.py", line 59, in request
    return session.request(method=method, url=url, **kwargs)
           ^^^^^^^^^^^^^^^^^^^^^^^^^^^^^^^^^^^^^^^^^^^^^^^^^
  File "C:\Users\_eve1509\AppData\Local\anaconda3\envs\analyse\Lib\site-packages\requests\sessions.py", line 589, in request
    resp = self.send(prep, **send_kwargs)
           ^^^^^^^^^^^^^^^^^^^^^^^^^^^^^^
  File "C:\Users\_eve1509\AppData\Local\anaconda3\envs\analyse\Lib\site-packages\requests\sessions.py", line 703, in send
    r = adapter.send(request, **kwargs)
        ^^^^^^^^^^^^^^^^^^^^^^^^^^^^^^^
  File "C:\Users\_eve1509\AppData\Local\anaconda3\envs\analyse\Lib\site-packages\requests\adapters.py", line 665, in send
    raise ConnectTimeout(e, request=request)
requests.exceptions.ConnectTimeout: HTTPSConnectionPool(host='data.ssb.no', port=443): Max retries exceeded with url: /api/pxwebapi/v2/tables/14490/data?lang=no&outputFormat=json-stat2&valueCodes%5BContentsCode%5D=Forbruk&valueCodes%5BTid%5D=*&valueCodes%5BRegion%5D=K-4001,K-4003,K-4005,K-4010,K-4012,K-4014,K-4016,K-4018,K-4020,K-4022,K-4024,K-4026,K-4028,K-4030,K-4032,K-4034,K-4036&valueCodes%5BForbrukargruppe%5D=*&codelist%5BRegion%5D=agg_KommSummer&outputValues%5BRegion%5D=aggregated (Caused by ConnectTimeoutError(<urllib3.connection.HTTPSConnection object at 0x000001D4A11AD910>, 'Connection to data.ssb.no timed out. (connect timeout=None)'))

During handling of the above exception, another exception occurred:

Traceback (most recent call last):
  File "D:\Scripts\analyse\Telemark\Python\Queries/04_Klima_og_energi/Kraft og energi/Forbruk/Elhub/ssb_forbruk.py", line 43, in <module>
    raise RuntimeError(
RuntimeError: A critical error occurred during data fetching, stopping execution.

ERROR conda.cli.main_run:execute(125): `conda run python D:\Scripts\analyse\Telemark\Python\Queries/04_Klima_og_energi/Kraft og energi/Forbruk/Elhub/ssb_forbruk.py` failed. (See above for error)
