Loaded .env file from: D:\Scripts\analyse\Telemark\Python\token.env
X_FUNCTIONS_KEY loaded successfully.
Loaded .env file from: D:\Scripts\analyse\Telemark\Python\token.env
GITHUB_TOKEN loaded successfully.
Existing data range: 2011-01-01 to 2026-01-01
Missing months in dataset: ['2026-02', '2026-03', '2026-04', '2026-05', '2026-06']
(These may not be available yet.)
Total files found to process: 0
No new data found after 2026-01
Saved file to D:\Scripts\analyse\Telemark\Python\Temp\arbeidsledighet.csv
[2026-03-11 13:43:31] Changes detected in the dataset.

[2026-03-11 13:43:31] Dataset is large. Showing detailed changes from the last 200 rows only.
File uploaded successfully: Data/03_Arbeid og næringsliv/01_Arbeidsliv/NAV/Arbeidsledighet/arbeidsledighet.csv

Showing up to 5 examples of changes from the last 200 rows:

Row: Dato: 2026-01-01
  Andel av arbeidsstyrken: 0.009000000000000001 -> 0.009

Row: Dato: 2026-01-01
  Andel av arbeidsstyrken: 0.009000000000000001 -> 0.009

Row: Dato: 2026-01-01
  Andel av arbeidsstyrken: 0.022000000000000002 -> 0.022

Row: Dato: 2026-01-01
  Andel av arbeidsstyrken: 0.027000000000000003 -> 0.027

Row: Dato: 2026-01-01
  Andel av arbeidsstyrken: 0.006999999999999999 -> 0.0069999999999999

Total changes found in examined rows: 61
(Showing first 5 changes only)
Email notifications disabled. Updates for arbeidsledighet.csv were not sent.
Keeping CSV file: D:\Scripts\analyse\Telemark\Python\Temp\arbeidsledighet.csv
New data detected and pushed to GitHub.
New data status log written to D:\Scripts\analyse\Telemark\Python\Log\new_data_status_NAV_-_Arbeidsledighet.log

