Loaded .env file from: D:\Scripts\analyse\Telemark\Python\token.env
X_FUNCTIONS_KEY loaded successfully.
Loaded .env file from: D:\Scripts\analyse\Telemark\Python\token.env
GITHUB_TOKEN loaded successfully.
Telemark JSON-stat data loaded successfully.
     region                                 niv츾춴  ...    츾춴r value
0  Telemark                       Grunnskoleniv츾춴  ...  2025  25.7
1  Telemark               Videreg츾춴ende skoleniv츾춴  ...  2025  39.1
2  Telemark                         Fagskoleniv츾춴  ...  2025   3.8
3  Telemark  Universitets- og h츾췆gskoleniv츾춴, kort  ...  2025  23.2
4  Telemark  Universitets- og h츾췆gskoleniv츾춴, lang  ...  2025   7.9

[5 rows x 6 columns]
Hele landet JSON-stat data loaded successfully.
        region                                 niv츾춴  ...    츾춴r value
0  Hele landet                       Grunnskoleniv츾춴  ...  2025  23.1
1  Hele landet               Videreg츾춴ende skoleniv츾춴  ...  2025  34.8
2  Hele landet                         Fagskoleniv츾춴  ...  2025   3.4
3  Hele landet  Universitets- og h츾췆gskoleniv츾춴, kort  ...  2025  25.3
4  Hele landet  Universitets- og h츾췆gskoleniv츾춴, lang  ...  2025  13.0

[5 rows x 6 columns]
Hele landet uten Oslo JSON-stat data loaded successfully.
                              region  ...  value
0                            츾틮stfold  ...  74449
1                            츾틮stfold  ...  99591
2                            츾틮stfold  ...   8604
3                            츾틮stfold  ...  60303
4                            츾틮stfold  ...  20325
..                               ...  ...    ...
65  Finnmark - Finnm츾춰rku - Finmarkku  ...  18195
66  Finnmark - Finnm츾춰rku - Finmarkku  ...  22262
67  Finnmark - Finnm츾춰rku - Finmarkku  ...   2434
68  Finnmark - Finnm츾춰rku - Finmarkku  ...  14692
69  Finnmark - Finnm츾춰rku - Finmarkku  ...   5307

[70 rows x 6 columns]

Processed df_landet_uten_oslo:
                    region                                 niv츾춴  ...    츾춴r value
0  Hele landet utenom Oslo                         Fagskoleniv츾춴  ...  2025   3.6
1  Hele landet utenom Oslo                       Grunnskoleniv츾춴  ...  2025  23.9
2  Hele landet utenom Oslo  Universitets- og h츾췆gskoleniv츾춴, kort  ...  2025  24.6
3  Hele landet utenom Oslo  Universitets- og h츾췆gskoleniv츾춴, lang  ...  2025  11.1
4  Hele landet utenom Oslo               Videreg츾춴ende skoleniv츾춴  ...  2025  36.8

[5 rows x 6 columns]

Final processed dataframes:

df_telemark_final:
     region                                 niv츾춴  Andel (2025)
0  Telemark                       Grunnskoleniv츾춴          25.7
1  Telemark               Videreg츾춴ende skoleniv츾춴          39.1
2  Telemark                         Fagskoleniv츾춴           3.8
3  Telemark  Universitets- og h츾췆gskoleniv츾춴, kort          23.2
4  Telemark  Universitets- og h츾췆gskoleniv츾춴, lang           7.9

df_landet_final:
        region                                 niv츾춴  Andel (2025)
0  Hele landet                       Grunnskoleniv츾춴          23.1
1  Hele landet               Videreg츾춴ende skoleniv츾춴          34.8
2  Hele landet                         Fagskoleniv츾춴           3.4
3  Hele landet  Universitets- og h츾췆gskoleniv츾춴, kort          25.3
4  Hele landet  Universitets- og h츾췆gskoleniv츾춴, lang          13.0

df_landet_uten_oslo_final:
                    region                                 niv츾춴  Andel (2025)
0  Hele landet utenom Oslo                         Fagskoleniv츾춴           3.6
1  Hele landet utenom Oslo                       Grunnskoleniv츾춴          23.9
2  Hele landet utenom Oslo  Universitets- og h츾췆gskoleniv츾춴, kort          24.6
3  Hele landet utenom Oslo  Universitets- og h츾췆gskoleniv츾춴, lang          11.1
4  Hele landet utenom Oslo               Videreg츾춴ende skoleniv츾춴          36.8

Final transformed dataframe:
       Utdanningsniv츾춴  Telemark  Hele landet  Hele landet utenom Oslo
0          Grunnskole      25.7         23.1                     23.9
1  Videreg츾춴ende skole      39.1         34.8                     36.8
2            Fagskole       3.8          3.4                      3.6
3    H츾췆yere utdanning      31.1         38.3                     35.7
Saved file to D:\Scripts\analyse\Telemark\Python\Temp\utdanningsniva_telemark_og_landet.csv
[2026-06-19 08:07:51] No new data to upload. Skipping GitHub update.
Keeping CSV file: D:\Scripts\analyse\Telemark\Python\Temp\utdanningsniva_telemark_og_landet.csv
No new data detected.
New data status log written to D:\Scripts\analyse\Telemark\Python\Log\new_data_status_Opplaering_og_kompetanse_-_Utdanningsnivaa_Telemark_og_landet.log

