Loaded .env file from: D:\Scripts\analyse\Telemark\Python\token.env
X_FUNCTIONS_KEY loaded successfully.
Loaded .env file from: D:\Scripts\analyse\Telemark\Python\token.env
GITHUB_TOKEN loaded successfully.
Request error in Antall 2024 - NГғвҖҰ: 400 Client Error: Bad Request for url: https://data.ssb.no/api/v0/no/table/09429/
Query failed for years up to 2026. Retrying with years up to 2025.
NOTE: This error is perfectly normal - data for 2026 is not yet available in SSB. The script will continue with data up to 2025.
Antall 2024 - NГғвҖҰ JSON-stat data loaded successfully.
Successfully fetched data for years: ['2024', '2025']
Antall 2020 - 2023 JSON-stat data loaded successfully.
Antall 2004 - 2019 JSON-stat data loaded successfully.
Request error in Andel 2024 - NГғвҖҰ: 400 Client Error: Bad Request for url: https://data.ssb.no/api/v0/no/table/09429/
Query failed for years up to 2026. Retrying with years up to 2025.
NOTE: This error is perfectly normal - data for 2026 is not yet available in SSB. The script will continue with data up to 2025.
Andel 2024 - NГғвҖҰ JSON-stat data loaded successfully.
Successfully fetched data for years: ['2024', '2025']

HГғВёyere utdanning (kort eller lang) per region for 2025:
      Kommune  HГғВёyere utdanning, kort eller lang
Midt-Telemark                               35.6
    Porsgrunn                               33.2
        Skien                               32.6
        Vinje                               30.9
    Kviteseid                               30.9
     Notodden                               30.2
     Fyresdal                               30.0
        Tokke                               29.3
      KragerГғВё                               29.1
      Seljord                               29.0
       Siljan                               28.9
         Nome                               27.3
     Nissedal                               26.9
       Bamble                               26.8
     Hjartdal                               25.3
         Tinn                               25.2
    Drangedal                               22.2
Andel 2020 - 2023 JSON-stat data loaded successfully.
Andel 2004 - 2019 JSON-stat data loaded successfully.

Direct comparison:
Local df shape: (14040, 6)
GitHub df shape: (14040, 6)
Local df dtypes:
Kommune           object
UtdanningsnivГғВҘ    object
KjГғВёnn             object
Variabel          object
ГғвҖҰr                object
Verdi             object
dtype: object
GitHub df dtypes:
Kommune           object
UtdanningsnivГғВҘ    object
KjГғВёnn             object
Variabel          object
ГғвҖҰr                object
Verdi             object
dtype: object
DataFrames equal: True
Saved file to D:\Scripts\analyse\Telemark\Python\Temp\utdanningsnivaa.csv
[2026-06-18 08:07:06] No new data to upload. Skipping GitHub update.
Keeping CSV file: D:\Scripts\analyse\Telemark\Python\Temp\utdanningsnivaa.csv
No new data detected.
New data status log written to D:\Scripts\analyse\Telemark\Python\Log\new_data_status_Opplaering_og_kompetanse_-_Utdanningsnivaa.log
Antall alle fylker siste ГғВҘr JSON-stat data loaded successfully.

UtdanningsnivГғВҘ fordeling for 2025:
Total antall personer: 4,056,849

Fordeling per utdanningsnivГғВҘ:
                                   nivГғВҘ  antall  prosent
                 VideregГғВҘende skolenivГғВҘ 1485748    36.62
    Universitets- og hГғВёgskolenivГғВҘ, kort  993354    24.49
                         GrunnskolenivГғВҘ  966886    23.83
    Universitets- og hГғВёgskolenivГғВҘ, lang  448300    11.05
                           FagskolenivГғВҘ  146373     3.61
Uoppgitt eller ingen fullfГғВёrt utdanning   16188     0.40
Andel personer i landet utenom Oslo som har hГғВёyere utdanning (kort eller lang) er 35.5 %

